Using pre-set license
Built from '2021.3/staging' branch; Version is '2021.3.25f1 (68ef2c4f8861) revision 6876972'; Using compiler version '192829333'; Build Type 'Release'
OS: 'Windows 11  (10.0.22631) 64bit Core' Language: 'ja' Physical Memory: 16314 MB
BatchMode: 1, IsHumanControllingUs: 0, StartBugReporterOnCrash: 0, Is64bit: 1, IsPro: 1

COMMAND LINE ARGUMENTS:
C:\Users\uya11\Documents\unityeditor\2021.3.25f1\Editor\Unity.exe
-adb2
-batchMode
-noUpm
-name
AssetImportWorker1
-projectPath
C:/unity/PlayingCards
-logFile
Logs/AssetImportWorker1.log
-srvPort
51246
Successfully changed project path to: C:/unity/PlayingCards
C:/unity/PlayingCards
[UnityMemory] Configuration Parameters - Can be set up in boot.config
    "memorysetup-bucket-allocator-granularity=16"
    "memorysetup-bucket-allocator-bucket-count=8"
    "memorysetup-bucket-allocator-block-size=33554432"
    "memorysetup-bucket-allocator-block-count=8"
    "memorysetup-main-allocator-block-size=16777216"
    "memorysetup-thread-allocator-block-size=16777216"
    "memorysetup-gfx-main-allocator-block-size=16777216"
    "memorysetup-gfx-thread-allocator-block-size=16777216"
    "memorysetup-cache-allocator-block-size=4194304"
    "memorysetup-typetree-allocator-block-size=2097152"
    "memorysetup-profiler-bucket-allocator-granularity=16"
    "memorysetup-profiler-bucket-allocator-bucket-count=8"
    "memorysetup-profiler-bucket-allocator-block-size=33554432"
    "memorysetup-profiler-bucket-allocator-block-count=8"
    "memorysetup-profiler-allocator-block-size=16777216"
    "memorysetup-profiler-editor-allocator-block-size=1048576"
    "memorysetup-temp-allocator-size-main=16777216"
    "memorysetup-job-temp-allocator-block-size=2097152"
    "memorysetup-job-temp-allocator-block-size-background=1048576"
    "memorysetup-job-temp-allocator-reduction-small-platforms=262144"
    "memorysetup-temp-allocator-size-background-worker=32768"
    "memorysetup-temp-allocator-size-job-worker=262144"
    "memorysetup-temp-allocator-size-preload-manager=33554432"
    "memorysetup-temp-allocator-size-nav-mesh-worker=65536"
    "memorysetup-temp-allocator-size-audio-worker=65536"
    "memorysetup-temp-allocator-size-cloud-worker=32768"
    "memorysetup-temp-allocator-size-gi-baking-worker=262144"
    "memorysetup-temp-allocator-size-gfx=262144"
Player connection [35004] Host "[IP] 192.168.3.3 [Port] 0 [Flags] 2 [Guid] 1109189255 [EditorId] 1109189255 [Version] 1048832 [Id] WindowsEditor(7,DESKTOP-CDQBK3O) [Debug] 1 [PackageName] WindowsEditor [ProjectName] Editor" joined multi-casting on [225.0.0.222:54997]...

Player connection [35004] Host "[IP] 192.168.3.3 [Port] 0 [Flags] 2 [Guid] 1109189255 [EditorId] 1109189255 [Version] 1048832 [Id] WindowsEditor(7,DESKTOP-CDQBK3O) [Debug] 1 [PackageName] WindowsEditor [ProjectName] Editor" joined alternative multi-casting on [225.0.0.222:34997]...

Refreshing native plugins compatible for Editor in 86.66 ms, found 3 plugins.
Preloading 0 native plugins for Editor in 0.00 ms.
Initialize engine version: 2021.3.25f1 (68ef2c4f8861)
[Subsystems] Discovering subsystems at path C:/Users/uya11/Documents/unityeditor/2021.3.25f1/Editor/Data/Resources/UnitySubsystems
[Subsystems] Discovering subsystems at path C:/unity/PlayingCards/Assets
GfxDevice: creating device client; threaded=0; jobified=0
Direct3D:
    Version:  Direct3D 11.0 [level 11.1]
    Renderer: AMD Radeon RX 6700 XT (ID=0x73df)
    Vendor:   ATI
    VRAM:     12242 MB
    Driver:   31.0.24031.5001
Initialize mono
Mono path[0] = 'C:/Users/uya11/Documents/unityeditor/2021.3.25f1/Editor/Data/Managed'
Mono path[1] = 'C:/Users/uya11/Documents/unityeditor/2021.3.25f1/Editor/Data/MonoBleedingEdge/lib/mono/unityjit-win32'
Mono config path = 'C:/Users/uya11/Documents/unityeditor/2021.3.25f1/Editor/Data/MonoBleedingEdge/etc'
Using monoOptions --debugger-agent=transport=dt_socket,embedding=1,server=y,suspend=n,address=127.0.0.1:56212
Begin MonoManager ReloadAssembly
Registering precompiled unity dll's ...
Register platform support module: C:/Users/uya11/Documents/unityeditor/2021.3.25f1/Editor/Data/PlaybackEngines/WebGLSupport/UnityEditor.WebGL.Extensions.dll
Register platform support module: C:/Users/uya11/Documents/unityeditor/2021.3.25f1/Editor/Data/PlaybackEngines/AndroidPlayer/UnityEditor.Android.Extensions.dll
Register platform support module: C:/Users/uya11/Documents/unityeditor/2021.3.25f1/Editor/Data/PlaybackEngines/iOSSupport/UnityEditor.iOS.Extensions.dll
Register platform support module: C:/Users/uya11/Documents/unityeditor/2021.3.25f1/Editor/Data/PlaybackEngines/WindowsStandaloneSupport/UnityEditor.WindowsStandalone.Extensions.dll
Registered in 0.012186 seconds.
Native extension for WindowsStandalone target not found
[usbmuxd] Start listen thread
[usbmuxd] Listen thread started
Native extension for iOS target not found
Native extension for Android target not found
Android Extension - Scanning For ADB Devices 443 ms
Native extension for WebGL target not found
Refreshing native plugins compatible for Editor in 87.38 ms, found 3 plugins.
Preloading 0 native plugins for Editor in 0.00 ms.
Mono: successfully reloaded assembly
- Completed reload, in  1.270 seconds
Domain Reload Profiling:
	ReloadAssembly (1271ms)
		BeginReloadAssembly (105ms)
			ExecutionOrderSort (0ms)
			DisableScriptedObjects (0ms)
			BackupInstance (0ms)
			ReleaseScriptingObjects (0ms)
			CreateAndSetChildDomain (1ms)
		EndReloadAssembly (1044ms)
			LoadAssemblies (102ms)
			RebuildTransferFunctionScriptingTraits (0ms)
			SetupTypeCache (124ms)
			ReleaseScriptCaches (0ms)
			RebuildScriptCaches (44ms)
			SetupLoadedEditorAssemblies (814ms)
				LogAssemblyErrors (0ms)
				InitializePlatformSupportModulesInManaged (586ms)
				SetLoadedEditorAssemblies (0ms)
				RefreshPlugins (88ms)
				BeforeProcessingInitializeOnLoad (1ms)
				ProcessInitializeOnLoadAttributes (93ms)
				ProcessInitializeOnLoadMethodAttributes (45ms)
				AfterProcessingInitializeOnLoad (0ms)
				EditorAssembliesLoaded (0ms)
			ExecutionOrderSort2 (0ms)
			AwakeInstancesAfterBackupRestoration (0ms)
Platform modules already initialized, skipping
Registering precompiled user dll's ...
Registered in 0.009518 seconds.
Begin MonoManager ReloadAssembly
Symbol file LoadedFromMemory doesn't match image C:\unity\PlayingCards\Library\PackageCache\com.unity.visualscripting@1.8.0\Editor\VisualScripting.Core\Dependencies\YamlDotNet\Unity.VisualScripting.YamlDotNet.dll
Symbol file LoadedFromMemory doesn't match image C:\unity\PlayingCards\Library\PackageCache\com.unity.visualscripting@1.8.0\Editor\VisualScripting.Core\Dependencies\DotNetZip\Unity.VisualScripting.IonicZip.dll
Native extension for WindowsStandalone target not found
Native extension for iOS target not found
Native extension for Android target not found
Native extension for WebGL target not found
Refreshing native plugins compatible for Editor in 1.15 ms, found 3 plugins.
Preloading 0 native plugins for Editor in 0.00 ms.
Mono: successfully reloaded assembly
- Completed reload, in  1.133 seconds
Domain Reload Profiling:
	ReloadAssembly (1134ms)
		BeginReloadAssembly (133ms)
			ExecutionOrderSort (0ms)
			DisableScriptedObjects (6ms)
			BackupInstance (0ms)
			ReleaseScriptingObjects (0ms)
			CreateAndSetChildDomain (23ms)
		EndReloadAssembly (875ms)
			LoadAssemblies (111ms)
			RebuildTransferFunctionScriptingTraits (0ms)
			SetupTypeCache (306ms)
			ReleaseScriptCaches (1ms)
			RebuildScriptCaches (56ms)
			SetupLoadedEditorAssemblies (371ms)
				LogAssemblyErrors (0ms)
				InitializePlatformSupportModulesInManaged (37ms)
				SetLoadedEditorAssemblies (1ms)
				RefreshPlugins (1ms)
				BeforeProcessingInitializeOnLoad (87ms)
				ProcessInitializeOnLoadAttributes (212ms)
				ProcessInitializeOnLoadMethodAttributes (21ms)
				AfterProcessingInitializeOnLoad (12ms)
				EditorAssembliesLoaded (0ms)
			ExecutionOrderSort2 (0ms)
			AwakeInstancesAfterBackupRestoration (6ms)
Platform modules already initialized, skipping
========================================================================
Worker process is ready to serve import requests
Launched and connected shader compiler UnityShaderCompiler.exe after 0.06 seconds
Refreshing native plugins compatible for Editor in 1.30 ms, found 3 plugins.
Preloading 0 native plugins for Editor in 0.00 ms.
Unloading 3062 Unused Serialized files (Serialized files now loaded: 0)
Unloading 27 unused Assets / (342.0 KB). Loaded Objects now: 3529.
Memory consumption went from 118.8 MB to 118.5 MB.
Total: 3.837200 ms (FindLiveObjects: 0.349000 ms CreateObjectMapping: 0.078200 ms MarkObjects: 3.178100 ms  DeleteObjects: 0.230500 ms)

AssetImportParameters requested are different than current active one (requested -> active):
  custom:video-decoder-ogg-theora: a1e56fd34408186e4bbccfd4996cb3dc -> 
  custom:container-muxer-webm: aa71ff27fc2769a1b78a27578f13a17b -> 
  custom:container-demuxer-webm: 4f35f7cbe854078d1ac9338744f61a02 -> 
  custom:video-encoder-webm-vp8: eb34c28f22e8b96e1ab97ce403110664 -> 
  custom:video-codec-MediaFoundation-h265: 746d11721c4dcdbdad8f713fa42b33f4 -> 
  custom:audio-encoder-webm-vorbis: bf7c407c2cedff20999df2af8eb42d56 -> 
  custom:framework-win-MediaFoundation: 216162199b28c13a410421893ffa2e32 -> 
  custom:container-demuxer-ogg: 62fdf1f143b41e24485cea50d1cbac27 -> 
  custom:video-decoder-webm-vp8: 9c59270c3fd7afecdb556c50c9e8de78 -> 
  custom:audio-decoder-ogg-vorbis: bf7c407c2cedff20999df2af8eb42d56 -> 
========================================================================
Received Import Request.
  Time since last request: 384548.704448 seconds.
  path: Assets/Playing Cards/Resource/Model/PlayingCards_00.fbx
  artifactKey: Guid(0464afc39207ab540b94807b2273e3e5) Importer(815301076,1909f56bfc062723c751e8b465ee728b)
Start importing Assets/Playing Cards/Resource/Model/PlayingCards_00.fbx using Guid(0464afc39207ab540b94807b2273e3e5) Importer(815301076,1909f56bfc062723c751e8b465ee728b)  -> (artifact id: 'd9f67f7dcc5847a31dbcd4a2bc241996') in 0.480677 seconds 
========================================================================
Received Import Request.
  Time since last request: 0.000026 seconds.
  path: Assets/Playing Cards/Resource/Model/ManyDiscard_00.fbx
  artifactKey: Guid(2348c8a69a8b72d448a6a661a8f2cd19) Importer(815301076,1909f56bfc062723c751e8b465ee728b)
Start importing Assets/Playing Cards/Resource/Model/ManyDiscard_00.fbx using Guid(2348c8a69a8b72d448a6a661a8f2cd19) Importer(815301076,1909f56bfc062723c751e8b465ee728b)  -> (artifact id: 'be54821c2f8ba3d6fe454ecf8474773f') in 0.049578 seconds 
========================================================================
Received Import Request.
  Time since last request: 0.000049 seconds.
  path: Assets/Playing Cards/Resource/Model/CasinoTable_Ellipse_00.fbx
  artifactKey: Guid(d08519c07d9eb994d9c4fd54afb21d45) Importer(815301076,1909f56bfc062723c751e8b465ee728b)
Start importing Assets/Playing Cards/Resource/Model/CasinoTable_Ellipse_00.fbx using Guid(d08519c07d9eb994d9c4fd54afb21d45) Importer(815301076,1909f56bfc062723c751e8b465ee728b)  -> (artifact id: 'd4742f01603b71c05ed0bd3bf6d4114b') in 0.033651 seconds 
========================================================================
Received Import Request.
  Time since last request: 0.000036 seconds.
  path: Assets/Playing Cards/Resource/Model/TowerUnfinished_00.fbx
  artifactKey: Guid(2cb248f6c0990434892ac3330940df8a) Importer(815301076,1909f56bfc062723c751e8b465ee728b)
Start importing Assets/Playing Cards/Resource/Model/TowerUnfinished_00.fbx using Guid(2cb248f6c0990434892ac3330940df8a) Importer(815301076,1909f56bfc062723c751e8b465ee728b)  -> (artifact id: 'dffa817a9b793ec0a1bc5fda6c023c5f') in 0.044886 seconds 
========================================================================
Received Import Request.
  Time since last request: 0.137239 seconds.
  path: Assets/Playing Cards/Resource/Textures/BackColor_Red_col.tif
  artifactKey: Guid(6d202b7a67bce7b4ca9ab5f8bf9de3bf) Importer(815301076,1909f56bfc062723c751e8b465ee728b)
Start importing Assets/Playing Cards/Resource/Textures/BackColor_Red_col.tif using Guid(6d202b7a67bce7b4ca9ab5f8bf9de3bf) Importer(815301076,1909f56bfc062723c751e8b465ee728b)  -> (artifact id: '7d23c5152325f2c9ec7380014d84a325') in 0.036260 seconds 
========================================================================
Received Import Request.
  Time since last request: 0.000020 seconds.
  path: Assets/Playing Cards/Resource/Textures/PlayingCards_Club01_00_col.tif
  artifactKey: Guid(36a077d915b0c8f44a32f36df1399703) Importer(815301076,1909f56bfc062723c751e8b465ee728b)
Start importing Assets/Playing Cards/Resource/Textures/PlayingCards_Club01_00_col.tif using Guid(36a077d915b0c8f44a32f36df1399703) Importer(815301076,1909f56bfc062723c751e8b465ee728b)  -> (artifact id: '7fa8bd5424d67206aeb15f30940965c8') in 0.018045 seconds 
========================================================================
Received Import Request.
  Time since last request: 0.000034 seconds.
  path: Assets/Playing Cards/Resource/Textures/CasinoChip_Red_col.tif
  artifactKey: Guid(cf2d9b7fdab0fa34a8faf42306bd55ee) Importer(815301076,1909f56bfc062723c751e8b465ee728b)
Start importing Assets/Playing Cards/Resource/Textures/CasinoChip_Red_col.tif using Guid(cf2d9b7fdab0fa34a8faf42306bd55ee) Importer(815301076,1909f56bfc062723c751e8b465ee728b)  -> (artifact id: '95f137f9db97baa5e15a42ac6ff87c11') in 0.017005 seconds 
========================================================================
Received Import Request.
  Time since last request: 0.000039 seconds.
  path: Assets/Playing Cards/Resource/Textures/PlayingCards_Heart05_00_col.tif
  artifactKey: Guid(e8a753b1d0b0fed41ac68cb93da562ab) Importer(815301076,1909f56bfc062723c751e8b465ee728b)
Start importing Assets/Playing Cards/Resource/Textures/PlayingCards_Heart05_00_col.tif using Guid(e8a753b1d0b0fed41ac68cb93da562ab) Importer(815301076,1909f56bfc062723c751e8b465ee728b)  -> (artifact id: 'fa7ad429459a445e796059cf37bdb03f') in 0.018271 seconds 
========================================================================
Received Import Request.
  Time since last request: 0.000035 seconds.
  path: Assets/Playing Cards/Resource/Textures/PlayingCards_Heart02_00_col.tif
  artifactKey: Guid(a4a4f0979dd68aa469aef3147f16e815) Importer(815301076,1909f56bfc062723c751e8b465ee728b)
Start importing Assets/Playing Cards/Resource/Textures/PlayingCards_Heart02_00_col.tif using Guid(a4a4f0979dd68aa469aef3147f16e815) Importer(815301076,1909f56bfc062723c751e8b465ee728b)  -> (artifact id: '78a997819117b6b187ff2e0dcbde8925') in 0.021226 seconds 
========================================================================
Received Import Request.
  Time since last request: 0.000020 seconds.
  path: Assets/Playing Cards/Resource/Textures/CasinoChip_Blue_col.tif
  artifactKey: Guid(e2835818139c77f408fc53be2dd263e5) Importer(815301076,1909f56bfc062723c751e8b465ee728b)
Start importing Assets/Playing Cards/Resource/Textures/CasinoChip_Blue_col.tif using Guid(e2835818139c77f408fc53be2dd263e5) Importer(815301076,1909f56bfc062723c751e8b465ee728b)  -> (artifact id: 'dc9f2b630d6a4f113c922924b77a72ff') in 0.016781 seconds 
========================================================================
Received Import Request.
  Time since last request: 0.000019 seconds.
  path: Assets/Playing Cards/Resource/Textures/PlayingCards_Heart04_00_col.tif
  artifactKey: Guid(63f290116fc70cd4f848189b8e656e49) Importer(815301076,1909f56bfc062723c751e8b465ee728b)
Start importing Assets/Playing Cards/Resource/Textures/PlayingCards_Heart04_00_col.tif using Guid(63f290116fc70cd4f848189b8e656e49) Importer(815301076,1909f56bfc062723c751e8b465ee728b)  -> (artifact id: '32feb32e5f83c0cfb17c4e0969017fd2') in 0.018881 seconds 
========================================================================
Received Import Request.
  Time since last request: 0.000048 seconds.
  path: Assets/Playing Cards/Resource/Textures/PlayingCards_Diamond07_00_col.tif
  artifactKey: Guid(829da171e270818418fa97e8dd3ee643) Importer(815301076,1909f56bfc062723c751e8b465ee728b)
Start importing Assets/Playing Cards/Resource/Textures/PlayingCards_Diamond07_00_col.tif using Guid(829da171e270818418fa97e8dd3ee643) Importer(815301076,1909f56bfc062723c751e8b465ee728b)  -> (artifact id: 'cf5bd3b0e9f55655593f837f9d3d6e92') in 0.018715 seconds 
========================================================================
Received Import Request.
  Time since last request: 0.000091 seconds.
  path: Assets/Playing Cards/Resource/Textures/PlayingCards_Diamond08_00_col.tif
  artifactKey: Guid(2a8b8dbce1a920140bf159a203ee9eed) Importer(815301076,1909f56bfc062723c751e8b465ee728b)
Start importing Assets/Playing Cards/Resource/Textures/PlayingCards_Diamond08_00_col.tif using Guid(2a8b8dbce1a920140bf159a203ee9eed) Importer(815301076,1909f56bfc062723c751e8b465ee728b)  -> (artifact id: '4f3dea6a247eed7f1bd3c02448dba779') in 0.019409 seconds 
========================================================================
Received Import Request.
  Time since last request: 0.000024 seconds.
  path: Assets/Playing Cards/Resource/Textures/PlayingCards_Spade02_00_col.tif
  artifactKey: Guid(60dfcaaae1f06944db66966957d1e3c0) Importer(815301076,1909f56bfc062723c751e8b465ee728b)
Start importing Assets/Playing Cards/Resource/Textures/PlayingCards_Spade02_00_col.tif using Guid(60dfcaaae1f06944db66966957d1e3c0) Importer(815301076,1909f56bfc062723c751e8b465ee728b)  -> (artifact id: '88be329ddd2df77b5a31d404b4e10748') in 0.018547 seconds 
========================================================================
Received Import Request.
  Time since last request: 0.000027 seconds.
  path: Assets/Playing Cards/Resource/Textures/PlayingCards_Spade05_00_col.tif
  artifactKey: Guid(2e50fea00af748144ba1f7aa6595d108) Importer(815301076,1909f56bfc062723c751e8b465ee728b)
Start importing Assets/Playing Cards/Resource/Textures/PlayingCards_Spade05_00_col.tif using Guid(2e50fea00af748144ba1f7aa6595d108) Importer(815301076,1909f56bfc062723c751e8b465ee728b)  -> (artifact id: '1cc3397c00c11c2ce448dab587e640f7') in 0.018380 seconds 
========================================================================
Received Import Request.
  Time since last request: 0.000027 seconds.
  path: Assets/Playing Cards/Resource/Textures/CasinoChip_Green_col.tif
  artifactKey: Guid(df1f1fb432ba4e7409ab0ef6813876de) Importer(815301076,1909f56bfc062723c751e8b465ee728b)
Start importing Assets/Playing Cards/Resource/Textures/CasinoChip_Green_col.tif using Guid(df1f1fb432ba4e7409ab0ef6813876de) Importer(815301076,1909f56bfc062723c751e8b465ee728b)  -> (artifact id: '36ccf6ab8888d7a8ff28938c6ea2155d') in 0.017821 seconds 
========================================================================
Received Import Request.
  Time since last request: 0.000065 seconds.
  path: Assets/Playing Cards/Resource/Textures/PlayingCards_Heart07_00_col.tif
  artifactKey: Guid(26f4887358b4d4a4a8b72b0142411f2c) Importer(815301076,1909f56bfc062723c751e8b465ee728b)
Start importing Assets/Playing Cards/Resource/Textures/PlayingCards_Heart07_00_col.tif using Guid(26f4887358b4d4a4a8b72b0142411f2c) Importer(815301076,1909f56bfc062723c751e8b465ee728b)  -> (artifact id: 'd65525010beecd4e618e36a3d5acc233') in 0.016952 seconds 
========================================================================
Received Import Request.
  Time since last request: 0.000029 seconds.
  path: Assets/Playing Cards/Resource/Textures/PlayingCards_Diamond11_00_col.tif
  artifactKey: Guid(89d82804fac649242aab71f68dbadde6) Importer(815301076,1909f56bfc062723c751e8b465ee728b)
Start importing Assets/Playing Cards/Resource/Textures/PlayingCards_Diamond11_00_col.tif using Guid(89d82804fac649242aab71f68dbadde6) Importer(815301076,1909f56bfc062723c751e8b465ee728b)  -> (artifact id: '42034db47cd3e4b812f0af27fcf462ac') in 0.017238 seconds 
========================================================================
Received Import Request.
  Time since last request: 0.000037 seconds.
  path: Assets/Playing Cards/Resource/Textures/DeckBlue_col.tif
  artifactKey: Guid(216d232e2d3e24240b066d2d3c3f0a58) Importer(815301076,1909f56bfc062723c751e8b465ee728b)
Start importing Assets/Playing Cards/Resource/Textures/DeckBlue_col.tif using Guid(216d232e2d3e24240b066d2d3c3f0a58) Importer(815301076,1909f56bfc062723c751e8b465ee728b)  -> (artifact id: 'd9b548844c55f51f7db1839e6fe3ebc5') in 0.018051 seconds 
========================================================================
Received Import Request.
  Time since last request: 0.000038 seconds.
  path: Assets/Playing Cards/Resource/Textures/PlayingCards_Club06_00_col.tif
  artifactKey: Guid(0554c55de9850624384d7de8bdef8510) Importer(815301076,1909f56bfc062723c751e8b465ee728b)
Start importing Assets/Playing Cards/Resource/Textures/PlayingCards_Club06_00_col.tif using Guid(0554c55de9850624384d7de8bdef8510) Importer(815301076,1909f56bfc062723c751e8b465ee728b)  -> (artifact id: 'ddf836a24f6bc19de174c212b1c098cf') in 0.019269 seconds 
========================================================================
Received Import Request.
  Time since last request: 0.000030 seconds.
  path: Assets/Playing Cards/Resource/Textures/CasinoTable_SemiCircle_nml.tif
  artifactKey: Guid(bf6f6a1ebd874f342a1801ebc02aa609) Importer(815301076,1909f56bfc062723c751e8b465ee728b)
Start importing Assets/Playing Cards/Resource/Textures/CasinoTable_SemiCircle_nml.tif using Guid(bf6f6a1ebd874f342a1801ebc02aa609) Importer(815301076,1909f56bfc062723c751e8b465ee728b)  -> (artifact id: 'f96515f8e2128427f15cbfdae7ba3a30') in 0.033973 seconds 
========================================================================
Received Import Request.
  Time since last request: 0.000044 seconds.
  path: Assets/Playing Cards/Resource/Textures/PlayingCards_Spade06_00_col.tif
  artifactKey: Guid(7176b5f3c402a1b44819c16653b503d0) Importer(815301076,1909f56bfc062723c751e8b465ee728b)
Start importing Assets/Playing Cards/Resource/Textures/PlayingCards_Spade06_00_col.tif using Guid(7176b5f3c402a1b44819c16653b503d0) Importer(815301076,1909f56bfc062723c751e8b465ee728b)  -> (artifact id: '9ca821860276846ef3c614b61cf81867') in 0.018186 seconds 
========================================================================
Received Import Request.
  Time since last request: 0.000046 seconds.
  path: Assets/Playing Cards/Resource/Textures/PlayingCards_Club05_00_col.tif
  artifactKey: Guid(c3f429038f55aa744bf7e078a70d5c68) Importer(815301076,1909f56bfc062723c751e8b465ee728b)
Start importing Assets/Playing Cards/Resource/Textures/PlayingCards_Club05_00_col.tif using Guid(c3f429038f55aa744bf7e078a70d5c68) Importer(815301076,1909f56bfc062723c751e8b465ee728b)  -> (artifact id: 'fde0247cc9024c23a9b09a039f11fc75') in 0.018191 seconds 
========================================================================
Received Prepare
Registering precompiled user dll's ...
Registered in 0.008452 seconds.
Begin MonoManager ReloadAssembly
Symbol file LoadedFromMemory doesn't match image C:\unity\PlayingCards\Library\PackageCache\com.unity.visualscripting@1.8.0\Editor\VisualScripting.Core\Dependencies\YamlDotNet\Unity.VisualScripting.YamlDotNet.dll
Symbol file LoadedFromMemory doesn't match image C:\unity\PlayingCards\Library\PackageCache\com.unity.visualscripting@1.8.0\Editor\VisualScripting.Core\Dependencies\DotNetZip\Unity.VisualScripting.IonicZip.dll
Native extension for WindowsStandalone target not found
Native extension for iOS target not found
Native extension for Android target not found
Native extension for WebGL target not found
Refreshing native plugins compatible for Editor in 0.52 ms, found 3 plugins.
Preloading 0 native plugins for Editor in 0.00 ms.
Mono: successfully reloaded assembly
- Completed reload, in  1.102 seconds
Domain Reload Profiling:
	ReloadAssembly (1103ms)
		BeginReloadAssembly (170ms)
			ExecutionOrderSort (0ms)
			DisableScriptedObjects (5ms)
			BackupInstance (0ms)
			ReleaseScriptingObjects (0ms)
			CreateAndSetChildDomain (45ms)
		EndReloadAssembly (814ms)
			LoadAssemblies (120ms)
			RebuildTransferFunctionScriptingTraits (0ms)
			SetupTypeCache (314ms)
			ReleaseScriptCaches (2ms)
			RebuildScriptCaches (44ms)
			SetupLoadedEditorAssemblies (312ms)
				LogAssemblyErrors (0ms)
				InitializePlatformSupportModulesInManaged (36ms)
				SetLoadedEditorAssemblies (0ms)
				RefreshPlugins (1ms)
				BeforeProcessingInitializeOnLoad (66ms)
				ProcessInitializeOnLoadAttributes (178ms)
				ProcessInitializeOnLoadMethodAttributes (20ms)
				AfterProcessingInitializeOnLoad (10ms)
				EditorAssembliesLoaded (0ms)
			ExecutionOrderSort2 (0ms)
			AwakeInstancesAfterBackupRestoration (7ms)
Platform modules already initialized, skipping
Refreshing native plugins compatible for Editor in 2.48 ms, found 3 plugins.
Preloading 0 native plugins for Editor in 0.00 ms.
Unloading 3054 Unused Serialized files (Serialized files now loaded: 0)
Unloading 19 unused Assets / (81.0 KB). Loaded Objects now: 3579.
Memory consumption went from 118.6 MB to 118.5 MB.
Total: 6.243400 ms (FindLiveObjects: 0.463400 ms CreateObjectMapping: 0.112300 ms MarkObjects: 5.335100 ms  DeleteObjects: 0.329000 ms)

AssetImportParameters requested are different than current active one (requested -> active):
  custom:video-decoder-ogg-theora: a1e56fd34408186e4bbccfd4996cb3dc -> 
  custom:container-muxer-webm: aa71ff27fc2769a1b78a27578f13a17b -> 
  custom:container-demuxer-webm: 4f35f7cbe854078d1ac9338744f61a02 -> 
  custom:video-encoder-webm-vp8: eb34c28f22e8b96e1ab97ce403110664 -> 
  custom:video-codec-MediaFoundation-h265: 746d11721c4dcdbdad8f713fa42b33f4 -> 
  custom:audio-encoder-webm-vorbis: bf7c407c2cedff20999df2af8eb42d56 -> 
  custom:framework-win-MediaFoundation: 216162199b28c13a410421893ffa2e32 -> 
  custom:container-demuxer-ogg: 62fdf1f143b41e24485cea50d1cbac27 -> 
  custom:video-decoder-webm-vp8: 9c59270c3fd7afecdb556c50c9e8de78 -> 
  custom:audio-decoder-ogg-vorbis: bf7c407c2cedff20999df2af8eb42d56 -> 
========================================================================
Received Import Request.
  Time since last request: 130.534736 seconds.
  path: Assets/Playing Cards/Resource/Prefab/CasinoItem/CasinoChip20_Blue_00.prefab
  artifactKey: Guid(6a83e97a17b2ad841aab5a65719e9cee) Importer(815301076,1909f56bfc062723c751e8b465ee728b)
Start importing Assets/Playing Cards/Resource/Prefab/CasinoItem/CasinoChip20_Blue_00.prefab using Guid(6a83e97a17b2ad841aab5a65719e9cee) Importer(815301076,1909f56bfc062723c751e8b465ee728b)  -> (artifact id: 'd493a0295290e7320aad3fb71088b0cc') in 0.438188 seconds 
========================================================================
Received Import Request.
  Time since last request: 0.000040 seconds.
  path: Assets/Playing Cards/Resource/Prefab/CasinoItem/CasinoChip_White_00.prefab
  artifactKey: Guid(2182c7e1f0aa60e4590540b85b7a69d8) Importer(815301076,1909f56bfc062723c751e8b465ee728b)
Start importing Assets/Playing Cards/Resource/Prefab/CasinoItem/CasinoChip_White_00.prefab using Guid(2182c7e1f0aa60e4590540b85b7a69d8) Importer(815301076,1909f56bfc062723c751e8b465ee728b)  -> (artifact id: '1925b00b0cfc44e4d3a907a037d8e4b0') in 0.029690 seconds 
========================================================================
Received Import Request.
  Time since last request: 0.000062 seconds.
  path: Assets/Playing Cards/Resource/Prefab/CasinoItem/CasinoTable_Ellipse_00.prefab
  artifactKey: Guid(37aa84da846f5e249a00f8624102e099) Importer(815301076,1909f56bfc062723c751e8b465ee728b)
Start importing Assets/Playing Cards/Resource/Prefab/CasinoItem/CasinoTable_Ellipse_00.prefab using Guid(37aa84da846f5e249a00f8624102e099) Importer(815301076,1909f56bfc062723c751e8b465ee728b)  -> (artifact id: '1c609bd11aa3df694c3c7532ac25ec0a') in 0.032094 seconds 
========================================================================
Received Import Request.
  Time since last request: 0.000033 seconds.
  path: Assets/Playing Cards/Resource/Prefab/CasinoItem/CasinoChip_Black_00.prefab
  artifactKey: Guid(24828e358252f3d4fa612008bf2e77cc) Importer(815301076,1909f56bfc062723c751e8b465ee728b)
Start importing Assets/Playing Cards/Resource/Prefab/CasinoItem/CasinoChip_Black_00.prefab using Guid(24828e358252f3d4fa612008bf2e77cc) Importer(815301076,1909f56bfc062723c751e8b465ee728b)  -> (artifact id: 'a4ce774c5e9ae1dcbb4f0159cb640b18') in 0.021538 seconds 
========================================================================
Received Import Request.
  Time since last request: 0.000034 seconds.
  path: Assets/Playing Cards/Resource/Prefab/CasinoItem/CasinoChip20_Green_00.prefab
  artifactKey: Guid(2b06956c46b0c1d4b92286f470a38462) Importer(815301076,1909f56bfc062723c751e8b465ee728b)
Start importing Assets/Playing Cards/Resource/Prefab/CasinoItem/CasinoChip20_Green_00.prefab using Guid(2b06956c46b0c1d4b92286f470a38462) Importer(815301076,1909f56bfc062723c751e8b465ee728b)  -> (artifact id: '94c123607e73698f6bfe0108fd135507') in 0.024825 seconds 
========================================================================
Received Import Request.
  Time since last request: 0.000022 seconds.
  path: Assets/Playing Cards/Resource/Prefab/CasinoItem/CasinoChip_Blue_00.prefab
  artifactKey: Guid(630b866a7322f7842b910f7d471e03ee) Importer(815301076,1909f56bfc062723c751e8b465ee728b)
Start importing Assets/Playing Cards/Resource/Prefab/CasinoItem/CasinoChip_Blue_00.prefab using Guid(630b866a7322f7842b910f7d471e03ee) Importer(815301076,1909f56bfc062723c751e8b465ee728b)  -> (artifact id: '015e983ba4bec166727b1d4178191f05') in 0.022441 seconds 
========================================================================
Received Import Request.
  Time since last request: 0.000023 seconds.
  path: Assets/Playing Cards/Resource/Prefab/CasinoItem/CasinoTable_SemiCircle_00.prefab
  artifactKey: Guid(816b9128c8a29ca4fadbcd532547bce3) Importer(815301076,1909f56bfc062723c751e8b465ee728b)
Start importing Assets/Playing Cards/Resource/Prefab/CasinoItem/CasinoTable_SemiCircle_00.prefab using Guid(816b9128c8a29ca4fadbcd532547bce3) Importer(815301076,1909f56bfc062723c751e8b465ee728b)  -> (artifact id: '2523b1c9fb99389afc801a5a91c5a1e3') in 0.027742 seconds 
Editor requested this worker to shutdown with reason: Scaling down because of idle timeout
AssetImportWorker is now disconnected from the server
Process exiting
Exiting without the bug reporter. Application will terminate with return code 0