Using pre-set license
Built from '2021.3/staging' branch; Version is '2021.3.25f1 (68ef2c4f8861) revision 6876972'; Using compiler version '192829333'; Build Type 'Release'
OS: 'Windows 11  (10.0.22631) 64bit Core' Language: 'ja' Physical Memory: 16314 MB
BatchMode: 1, IsHumanControllingUs: 0, StartBugReporterOnCrash: 0, Is64bit: 1, IsPro: 1

COMMAND LINE ARGUMENTS:
C:\Users\uya11\Documents\unityeditor\2021.3.25f1\Editor\Unity.exe
-adb2
-batchMode
-noUpm
-name
AssetImportWorker6
-projectPath
C:/unity/PlayingCards
-logFile
Logs/AssetImportWorker6.log
-srvPort
51246
Successfully changed project path to: C:/unity/PlayingCards
C:/unity/PlayingCards
[UnityMemory] Configuration Parameters - Can be set up in boot.config
    "memorysetup-bucket-allocator-granularity=16"
    "memorysetup-bucket-allocator-bucket-count=8"
    "memorysetup-bucket-allocator-block-size=33554432"
    "memorysetup-bucket-allocator-block-count=8"
    "memorysetup-main-allocator-block-size=16777216"
    "memorysetup-thread-allocator-block-size=16777216"
    "memorysetup-gfx-main-allocator-block-size=16777216"
    "memorysetup-gfx-thread-allocator-block-size=16777216"
    "memorysetup-cache-allocator-block-size=4194304"
    "memorysetup-typetree-allocator-block-size=2097152"
    "memorysetup-profiler-bucket-allocator-granularity=16"
    "memorysetup-profiler-bucket-allocator-bucket-count=8"
    "memorysetup-profiler-bucket-allocator-block-size=33554432"
    "memorysetup-profiler-bucket-allocator-block-count=8"
    "memorysetup-profiler-allocator-block-size=16777216"
    "memorysetup-profiler-editor-allocator-block-size=1048576"
    "memorysetup-temp-allocator-size-main=16777216"
    "memorysetup-job-temp-allocator-block-size=2097152"
    "memorysetup-job-temp-allocator-block-size-background=1048576"
    "memorysetup-job-temp-allocator-reduction-small-platforms=262144"
    "memorysetup-temp-allocator-size-background-worker=32768"
    "memorysetup-temp-allocator-size-job-worker=262144"
    "memorysetup-temp-allocator-size-preload-manager=33554432"
    "memorysetup-temp-allocator-size-nav-mesh-worker=65536"
    "memorysetup-temp-allocator-size-audio-worker=65536"
    "memorysetup-temp-allocator-size-cloud-worker=32768"
    "memorysetup-temp-allocator-size-gi-baking-worker=262144"
    "memorysetup-temp-allocator-size-gfx=262144"
Player connection [40996] Host "[IP] 192.168.3.3 [Port] 0 [Flags] 2 [Guid] 3123931010 [EditorId] 3123931010 [Version] 1048832 [Id] WindowsEditor(7,DESKTOP-CDQBK3O) [Debug] 1 [PackageName] WindowsEditor [ProjectName] Editor" joined multi-casting on [225.0.0.222:54997]...

Player connection [40996] Host "[IP] 192.168.3.3 [Port] 0 [Flags] 2 [Guid] 3123931010 [EditorId] 3123931010 [Version] 1048832 [Id] WindowsEditor(7,DESKTOP-CDQBK3O) [Debug] 1 [PackageName] WindowsEditor [ProjectName] Editor" joined alternative multi-casting on [225.0.0.222:34997]...

Refreshing native plugins compatible for Editor in 97.04 ms, found 3 plugins.
Preloading 0 native plugins for Editor in 0.00 ms.
Initialize engine version: 2021.3.25f1 (68ef2c4f8861)
[Subsystems] Discovering subsystems at path C:/Users/uya11/Documents/unityeditor/2021.3.25f1/Editor/Data/Resources/UnitySubsystems
[Subsystems] Discovering subsystems at path C:/unity/PlayingCards/Assets
GfxDevice: creating device client; threaded=0; jobified=0
Direct3D:
    Version:  Direct3D 11.0 [level 11.1]
    Renderer: AMD Radeon RX 6700 XT (ID=0x73df)
    Vendor:   ATI
    VRAM:     12242 MB
    Driver:   31.0.24031.5001
Initialize mono
Mono path[0] = 'C:/Users/uya11/Documents/unityeditor/2021.3.25f1/Editor/Data/Managed'
Mono path[1] = 'C:/Users/uya11/Documents/unityeditor/2021.3.25f1/Editor/Data/MonoBleedingEdge/lib/mono/unityjit-win32'
Mono config path = 'C:/Users/uya11/Documents/unityeditor/2021.3.25f1/Editor/Data/MonoBleedingEdge/etc'
Using monoOptions --debugger-agent=transport=dt_socket,embedding=1,server=y,suspend=n,address=127.0.0.1:56320
Begin MonoManager ReloadAssembly
Registering precompiled unity dll's ...
Register platform support module: C:/Users/uya11/Documents/unityeditor/2021.3.25f1/Editor/Data/PlaybackEngines/WebGLSupport/UnityEditor.WebGL.Extensions.dll
Register platform support module: C:/Users/uya11/Documents/unityeditor/2021.3.25f1/Editor/Data/PlaybackEngines/AndroidPlayer/UnityEditor.Android.Extensions.dll
Register platform support module: C:/Users/uya11/Documents/unityeditor/2021.3.25f1/Editor/Data/PlaybackEngines/iOSSupport/UnityEditor.iOS.Extensions.dll
Register platform support module: C:/Users/uya11/Documents/unityeditor/2021.3.25f1/Editor/Data/PlaybackEngines/WindowsStandaloneSupport/UnityEditor.WindowsStandalone.Extensions.dll
Registered in 0.012167 seconds.
Native extension for WindowsStandalone target not found
[usbmuxd] Start listen thread
[usbmuxd] Listen thread started
Native extension for iOS target not found
Native extension for Android target not found
Android Extension - Scanning For ADB Devices 555 ms
Native extension for WebGL target not found
Refreshing native plugins compatible for Editor in 95.16 ms, found 3 plugins.
Preloading 0 native plugins for Editor in 0.00 ms.
Mono: successfully reloaded assembly
- Completed reload, in  1.431 seconds
Domain Reload Profiling:
	ReloadAssembly (1432ms)
		BeginReloadAssembly (127ms)
			ExecutionOrderSort (0ms)
			DisableScriptedObjects (0ms)
			BackupInstance (0ms)
			ReleaseScriptingObjects (0ms)
			CreateAndSetChildDomain (1ms)
		EndReloadAssembly (1178ms)
			LoadAssemblies (123ms)
			RebuildTransferFunctionScriptingTraits (0ms)
			SetupTypeCache (146ms)
			ReleaseScriptCaches (0ms)
			RebuildScriptCaches (34ms)
			SetupLoadedEditorAssemblies (935ms)
				LogAssemblyErrors (0ms)
				InitializePlatformSupportModulesInManaged (679ms)
				SetLoadedEditorAssemblies (0ms)
				RefreshPlugins (95ms)
				BeforeProcessingInitializeOnLoad (2ms)
				ProcessInitializeOnLoadAttributes (110ms)
				ProcessInitializeOnLoadMethodAttributes (49ms)
				AfterProcessingInitializeOnLoad (0ms)
				EditorAssembliesLoaded (0ms)
			ExecutionOrderSort2 (0ms)
			AwakeInstancesAfterBackupRestoration (0ms)
Platform modules already initialized, skipping
Registering precompiled user dll's ...
Registered in 0.008679 seconds.
Begin MonoManager ReloadAssembly
Symbol file LoadedFromMemory doesn't match image C:\unity\PlayingCards\Library\PackageCache\com.unity.visualscripting@1.8.0\Editor\VisualScripting.Core\Dependencies\YamlDotNet\Unity.VisualScripting.YamlDotNet.dll
Symbol file LoadedFromMemory doesn't match image C:\unity\PlayingCards\Library\PackageCache\com.unity.visualscripting@1.8.0\Editor\VisualScripting.Core\Dependencies\DotNetZip\Unity.VisualScripting.IonicZip.dll
Native extension for WindowsStandalone target not found
Native extension for iOS target not found
Native extension for Android target not found
Native extension for WebGL target not found
Refreshing native plugins compatible for Editor in 0.76 ms, found 3 plugins.
Preloading 0 native plugins for Editor in 0.00 ms.
Mono: successfully reloaded assembly
- Completed reload, in  1.114 seconds
Domain Reload Profiling:
	ReloadAssembly (1115ms)
		BeginReloadAssembly (154ms)
			ExecutionOrderSort (0ms)
			DisableScriptedObjects (9ms)
			BackupInstance (0ms)
			ReleaseScriptingObjects (0ms)
			CreateAndSetChildDomain (25ms)
		EndReloadAssembly (845ms)
			LoadAssemblies (108ms)
			RebuildTransferFunctionScriptingTraits (0ms)
			SetupTypeCache (295ms)
			ReleaseScriptCaches (1ms)
			RebuildScriptCaches (48ms)
			SetupLoadedEditorAssemblies (366ms)
				LogAssemblyErrors (0ms)
				InitializePlatformSupportModulesInManaged (34ms)
				SetLoadedEditorAssemblies (1ms)
				RefreshPlugins (1ms)
				BeforeProcessingInitializeOnLoad (89ms)
				ProcessInitializeOnLoadAttributes (212ms)
				ProcessInitializeOnLoadMethodAttributes (18ms)
				AfterProcessingInitializeOnLoad (11ms)
				EditorAssembliesLoaded (0ms)
			ExecutionOrderSort2 (0ms)
			AwakeInstancesAfterBackupRestoration (6ms)
Platform modules already initialized, skipping
========================================================================
Worker process is ready to serve import requests
Launched and connected shader compiler UnityShaderCompiler.exe after 0.07 seconds
Refreshing native plugins compatible for Editor in 0.74 ms, found 3 plugins.
Preloading 0 native plugins for Editor in 0.00 ms.
Unloading 3063 Unused Serialized files (Serialized files now loaded: 0)
Unloading 26 unused Assets / (342.1 KB). Loaded Objects now: 3530.
Memory consumption went from 119.0 MB to 118.6 MB.
Total: 3.388000 ms (FindLiveObjects: 0.469500 ms CreateObjectMapping: 0.114600 ms MarkObjects: 2.666600 ms  DeleteObjects: 0.135900 ms)

AssetImportParameters requested are different than current active one (requested -> active):
  custom:video-decoder-ogg-theora: a1e56fd34408186e4bbccfd4996cb3dc -> 
  custom:container-muxer-webm: aa71ff27fc2769a1b78a27578f13a17b -> 
  custom:container-demuxer-webm: 4f35f7cbe854078d1ac9338744f61a02 -> 
  custom:video-encoder-webm-vp8: eb34c28f22e8b96e1ab97ce403110664 -> 
  custom:video-codec-MediaFoundation-h265: 746d11721c4dcdbdad8f713fa42b33f4 -> 
  custom:audio-encoder-webm-vorbis: bf7c407c2cedff20999df2af8eb42d56 -> 
  custom:framework-win-MediaFoundation: 216162199b28c13a410421893ffa2e32 -> 
  custom:container-demuxer-ogg: 62fdf1f143b41e24485cea50d1cbac27 -> 
  custom:video-decoder-webm-vp8: 9c59270c3fd7afecdb556c50c9e8de78 -> 
  custom:audio-decoder-ogg-vorbis: bf7c407c2cedff20999df2af8eb42d56 -> 
========================================================================
Received Import Request.
  Time since last request: 401004.289608 seconds.
  path: Assets/Playing Cards/Resource/Prefab/BackColor_Black/Black_RifleShuffle_Second_00.prefab
  artifactKey: Guid(4e8947a0f2f34d04984c7314055b85b7) Importer(815301076,1909f56bfc062723c751e8b465ee728b)
Start importing Assets/Playing Cards/Resource/Prefab/BackColor_Black/Black_RifleShuffle_Second_00.prefab using Guid(4e8947a0f2f34d04984c7314055b85b7) Importer(815301076,1909f56bfc062723c751e8b465ee728b)  -> (artifact id: '9eb663060b98a8d92392a707216c81bb') in 0.375123 seconds 
========================================================================
Received Import Request.
  Time since last request: 110.930504 seconds.
  path: Assets/Playing Cards/Resource/Prefab/BackColor_Red/Red_5cards_00.prefab
  artifactKey: Guid(67d3beb5d9aebe3449973246488fbfa3) Importer(815301076,1909f56bfc062723c751e8b465ee728b)
Start importing Assets/Playing Cards/Resource/Prefab/BackColor_Red/Red_5cards_00.prefab using Guid(67d3beb5d9aebe3449973246488fbfa3) Importer(815301076,1909f56bfc062723c751e8b465ee728b)  -> (artifact id: '07c7d66fa654511eac7af4693afc6468') in 0.388804 seconds 
========================================================================
Received Import Request.
  Time since last request: 0.000031 seconds.
  path: Assets/Playing Cards/Resource/Prefab/BackColor_Red/Red_PlayingCards_Diamond03_00.prefab
  artifactKey: Guid(72e771a4d7e3d024c905385aad4f4a5a) Importer(815301076,1909f56bfc062723c751e8b465ee728b)
Start importing Assets/Playing Cards/Resource/Prefab/BackColor_Red/Red_PlayingCards_Diamond03_00.prefab using Guid(72e771a4d7e3d024c905385aad4f4a5a) Importer(815301076,1909f56bfc062723c751e8b465ee728b)  -> (artifact id: '8916162dbcfbc14cb3f8e00a24baccca') in 0.024260 seconds 
========================================================================
Received Import Request.
  Time since last request: 0.000043 seconds.
  path: Assets/Playing Cards/Resource/Prefab/BackColor_Red/Red_PlayingCards_Club13_00.prefab
  artifactKey: Guid(4a5b3932114d4e546be91128438ea6f5) Importer(815301076,1909f56bfc062723c751e8b465ee728b)
Start importing Assets/Playing Cards/Resource/Prefab/BackColor_Red/Red_PlayingCards_Club13_00.prefab using Guid(4a5b3932114d4e546be91128438ea6f5) Importer(815301076,1909f56bfc062723c751e8b465ee728b)  -> (artifact id: '8aa955c451b8b970678d38d06d268455') in 0.025398 seconds 
========================================================================
Received Import Request.
  Time since last request: 0.000022 seconds.
  path: Assets/Playing Cards/Resource/Prefab/BackColor_Red/Red_PlayingCards_Club01_00.prefab
  artifactKey: Guid(b431e3858e2209247a90d54c1c539236) Importer(815301076,1909f56bfc062723c751e8b465ee728b)
Start importing Assets/Playing Cards/Resource/Prefab/BackColor_Red/Red_PlayingCards_Club01_00.prefab using Guid(b431e3858e2209247a90d54c1c539236) Importer(815301076,1909f56bfc062723c751e8b465ee728b)  -> (artifact id: '0091748506ff57ab714c8796d03f90f1') in 0.023810 seconds 
========================================================================
Received Import Request.
  Time since last request: 0.000028 seconds.
  path: Assets/Playing Cards/Resource/Prefab/BackColor_Red/Red_ManyDeck_00.prefab
  artifactKey: Guid(1f129762ce955164ab9e33235ddf9236) Importer(815301076,1909f56bfc062723c751e8b465ee728b)
Start importing Assets/Playing Cards/Resource/Prefab/BackColor_Red/Red_ManyDeck_00.prefab using Guid(1f129762ce955164ab9e33235ddf9236) Importer(815301076,1909f56bfc062723c751e8b465ee728b)  -> (artifact id: 'd38c830f4c30b3e18ea9870ef8136ea2') in 0.274385 seconds 
========================================================================
Received Import Request.
  Time since last request: 0.000029 seconds.
  path: Assets/Playing Cards/Resource/Prefab/BackColor_Red/Red_PlayingCards_Diamond09_00.prefab
  artifactKey: Guid(c1c794ff88bc4eb409806f0fe449bed8) Importer(815301076,1909f56bfc062723c751e8b465ee728b)
Start importing Assets/Playing Cards/Resource/Prefab/BackColor_Red/Red_PlayingCards_Diamond09_00.prefab using Guid(c1c794ff88bc4eb409806f0fe449bed8) Importer(815301076,1909f56bfc062723c751e8b465ee728b)  -> (artifact id: '2afbf5a1455d7c949480f8d10f90e8bd') in 0.027062 seconds 
========================================================================
Received Import Request.
  Time since last request: 0.000044 seconds.
  path: Assets/Playing Cards/Resource/Prefab/BackColor_Red/Red_PlayingCards_Club05_00.prefab
  artifactKey: Guid(2f809bae5d074164f8a3f256bf447328) Importer(815301076,1909f56bfc062723c751e8b465ee728b)
Start importing Assets/Playing Cards/Resource/Prefab/BackColor_Red/Red_PlayingCards_Club05_00.prefab using Guid(2f809bae5d074164f8a3f256bf447328) Importer(815301076,1909f56bfc062723c751e8b465ee728b)  -> (artifact id: '3b1e947e1448f94d01701c4cabcebe1f') in 0.024823 seconds 
========================================================================
Received Import Request.
  Time since last request: 0.000027 seconds.
  path: Assets/Playing Cards/Resource/Prefab/BackColor_Red/Red_PlayingCards_Diamond04_00.prefab
  artifactKey: Guid(d70afd41d238a9c4eb86271647eb9fbe) Importer(815301076,1909f56bfc062723c751e8b465ee728b)
Start importing Assets/Playing Cards/Resource/Prefab/BackColor_Red/Red_PlayingCards_Diamond04_00.prefab using Guid(d70afd41d238a9c4eb86271647eb9fbe) Importer(815301076,1909f56bfc062723c751e8b465ee728b)  -> (artifact id: '722dbc381824297b2109e11c49c93dcc') in 0.027591 seconds 
========================================================================
Received Import Request.
  Time since last request: 0.000031 seconds.
  path: Assets/Playing Cards/Resource/Prefab/BackColor_Red/Red_PlayingCards_Diamond12_00.prefab
  artifactKey: Guid(8b7888a9e7ead434c9804dcd910d457f) Importer(815301076,1909f56bfc062723c751e8b465ee728b)
Start importing Assets/Playing Cards/Resource/Prefab/BackColor_Red/Red_PlayingCards_Diamond12_00.prefab using Guid(8b7888a9e7ead434c9804dcd910d457f) Importer(815301076,1909f56bfc062723c751e8b465ee728b)  -> (artifact id: '54139a9cf40d4200bdccc04d911a078d') in 0.025114 seconds 
========================================================================
Received Import Request.
  Time since last request: 0.000023 seconds.
  path: Assets/Playing Cards/Resource/Prefab/BackColor_Red/Red_PlayingCards_Spade01_00.prefab
  artifactKey: Guid(4127cfc781ac87647b0ec77739e4505b) Importer(815301076,1909f56bfc062723c751e8b465ee728b)
Start importing Assets/Playing Cards/Resource/Prefab/BackColor_Red/Red_PlayingCards_Spade01_00.prefab using Guid(4127cfc781ac87647b0ec77739e4505b) Importer(815301076,1909f56bfc062723c751e8b465ee728b)  -> (artifact id: '6dbf4a8000971dbf214b9281b0ba2d46') in 0.021993 seconds 
========================================================================
Received Import Request.
  Time since last request: 0.000023 seconds.
  path: Assets/Playing Cards/Resource/Prefab/BackColor_Red/Red_PlayingCards_Diamond11_00.prefab
  artifactKey: Guid(8a23ed8431571c44a82ee036052a8507) Importer(815301076,1909f56bfc062723c751e8b465ee728b)
Start importing Assets/Playing Cards/Resource/Prefab/BackColor_Red/Red_PlayingCards_Diamond11_00.prefab using Guid(8a23ed8431571c44a82ee036052a8507) Importer(815301076,1909f56bfc062723c751e8b465ee728b)  -> (artifact id: 'ee232a1ed5b293c069efd611d656fcdb') in 0.024270 seconds 
========================================================================
Received Import Request.
  Time since last request: 0.000022 seconds.
  path: Assets/Playing Cards/Resource/Prefab/BackColor_Red/Red_PlayingCards_Heart12_00.prefab
  artifactKey: Guid(ef2f97b9f957fe140abbf796b2bad373) Importer(815301076,1909f56bfc062723c751e8b465ee728b)
Start importing Assets/Playing Cards/Resource/Prefab/BackColor_Red/Red_PlayingCards_Heart12_00.prefab using Guid(ef2f97b9f957fe140abbf796b2bad373) Importer(815301076,1909f56bfc062723c751e8b465ee728b)  -> (artifact id: 'b4fa41889063479b502f06b3fe583396') in 0.025746 seconds 
========================================================================
Received Import Request.
  Time since last request: 0.000031 seconds.
  path: Assets/Playing Cards/Resource/Prefab/BackColor_Red/Red_PlayingCards_Heart07_00.prefab
  artifactKey: Guid(cc19fa2cdac1e7e4b9d341347dd41f3c) Importer(815301076,1909f56bfc062723c751e8b465ee728b)
Start importing Assets/Playing Cards/Resource/Prefab/BackColor_Red/Red_PlayingCards_Heart07_00.prefab using Guid(cc19fa2cdac1e7e4b9d341347dd41f3c) Importer(815301076,1909f56bfc062723c751e8b465ee728b)  -> (artifact id: '8f17f5b1eb3870f2646a3e2eb9b7f551') in 0.024142 seconds 
========================================================================
Received Import Request.
  Time since last request: 0.000030 seconds.
  path: Assets/Playing Cards/Resource/Prefab/BackColor_Red/Red_PlayingCards_Diamond01_00.prefab
  artifactKey: Guid(dd17955b50dcf904a9274b08aeeea87a) Importer(815301076,1909f56bfc062723c751e8b465ee728b)
Start importing Assets/Playing Cards/Resource/Prefab/BackColor_Red/Red_PlayingCards_Diamond01_00.prefab using Guid(dd17955b50dcf904a9274b08aeeea87a) Importer(815301076,1909f56bfc062723c751e8b465ee728b)  -> (artifact id: '38067cbddc2cf1ac01821656832622d5') in 0.021361 seconds 
========================================================================
Received Import Request.
  Time since last request: 0.000033 seconds.
  path: Assets/Playing Cards/Resource/Prefab/BackColor_Red/Red_PlayingCards_Diamond07_00.prefab
  artifactKey: Guid(f0a75bfe72e8c5e49a3aea03890029bc) Importer(815301076,1909f56bfc062723c751e8b465ee728b)
Start importing Assets/Playing Cards/Resource/Prefab/BackColor_Red/Red_PlayingCards_Diamond07_00.prefab using Guid(f0a75bfe72e8c5e49a3aea03890029bc) Importer(815301076,1909f56bfc062723c751e8b465ee728b)  -> (artifact id: 'adb90079fff93489fd9ab6060352795e') in 0.024457 seconds 
========================================================================
Received Import Request.
  Time since last request: 0.000022 seconds.
  path: Assets/Playing Cards/Resource/Prefab/BackColor_Red/Red_PlayingCards_Diamond02_00.prefab
  artifactKey: Guid(8d1adc01c8cf8e54d891c3f33433ce3a) Importer(815301076,1909f56bfc062723c751e8b465ee728b)
Start importing Assets/Playing Cards/Resource/Prefab/BackColor_Red/Red_PlayingCards_Diamond02_00.prefab using Guid(8d1adc01c8cf8e54d891c3f33433ce3a) Importer(815301076,1909f56bfc062723c751e8b465ee728b)  -> (artifact id: '36ec7be247ed327c70f4697bc182d6d8') in 0.026010 seconds 
========================================================================
Received Import Request.
  Time since last request: 0.000028 seconds.
  path: Assets/Playing Cards/Resource/Prefab/BackColor_Red/Red_PlayingCards_Club07_00.prefab
  artifactKey: Guid(a3fa6a6e3af9b8e4bbc5fd6dbd61c97d) Importer(815301076,1909f56bfc062723c751e8b465ee728b)
Start importing Assets/Playing Cards/Resource/Prefab/BackColor_Red/Red_PlayingCards_Club07_00.prefab using Guid(a3fa6a6e3af9b8e4bbc5fd6dbd61c97d) Importer(815301076,1909f56bfc062723c751e8b465ee728b)  -> (artifact id: '8bf72401465c0d38405ce48e0105afa2') in 0.026513 seconds 
========================================================================
Received Import Request.
  Time since last request: 0.000031 seconds.
  path: Assets/Playing Cards/Resource/Prefab/BackColor_Red/Red_PlayingCards_Heart11_00.prefab
  artifactKey: Guid(faaf732e116473149bc526cf6da226e8) Importer(815301076,1909f56bfc062723c751e8b465ee728b)
Start importing Assets/Playing Cards/Resource/Prefab/BackColor_Red/Red_PlayingCards_Heart11_00.prefab using Guid(faaf732e116473149bc526cf6da226e8) Importer(815301076,1909f56bfc062723c751e8b465ee728b)  -> (artifact id: '0797da587f86735839e5c0a8ee32c428') in 0.024758 seconds 
========================================================================
Received Import Request.
  Time since last request: 0.000022 seconds.
  path: Assets/Playing Cards/Resource/Prefab/BackColor_Red/Red_PlayingCards_Heart04_00.prefab
  artifactKey: Guid(22d868a9a7c0dd645a2387d8b7e7baae) Importer(815301076,1909f56bfc062723c751e8b465ee728b)
Start importing Assets/Playing Cards/Resource/Prefab/BackColor_Red/Red_PlayingCards_Heart04_00.prefab using Guid(22d868a9a7c0dd645a2387d8b7e7baae) Importer(815301076,1909f56bfc062723c751e8b465ee728b)  -> (artifact id: '9ac31c8717545c6d480d670900ca1ce4') in 0.024657 seconds 
========================================================================
Received Import Request.
  Time since last request: 0.000024 seconds.
  path: Assets/Playing Cards/Resource/Prefab/BackColor_Red/Red_PlayingCards_Heart13_00.prefab
  artifactKey: Guid(5bd4c7c00ae3e0d48acbd1a271d5c422) Importer(815301076,1909f56bfc062723c751e8b465ee728b)
Start importing Assets/Playing Cards/Resource/Prefab/BackColor_Red/Red_PlayingCards_Heart13_00.prefab using Guid(5bd4c7c00ae3e0d48acbd1a271d5c422) Importer(815301076,1909f56bfc062723c751e8b465ee728b)  -> (artifact id: '3bf31da2580bb13cf13b72346fe0e09f') in 0.023864 seconds 
========================================================================
Received Import Request.
  Time since last request: 0.000020 seconds.
  path: Assets/Playing Cards/Resource/Prefab/BackColor_Red/Red_PlayingCards_Club08_00.prefab
  artifactKey: Guid(f5d7babdcad84164eb7736b01ab1ef68) Importer(815301076,1909f56bfc062723c751e8b465ee728b)
Start importing Assets/Playing Cards/Resource/Prefab/BackColor_Red/Red_PlayingCards_Club08_00.prefab using Guid(f5d7babdcad84164eb7736b01ab1ef68) Importer(815301076,1909f56bfc062723c751e8b465ee728b)  -> (artifact id: '2bcc29cec65608b2b9f3df28f8568afa') in 0.024919 seconds 
========================================================================
Received Import Request.
  Time since last request: 0.000018 seconds.
  path: Assets/Playing Cards/Resource/Prefab/BackColor_Red/Red_PlayingCards_Diamond13_00.prefab
  artifactKey: Guid(fa4ab3ca1c4374b4b8b2e25a47e05b5a) Importer(815301076,1909f56bfc062723c751e8b465ee728b)
Start importing Assets/Playing Cards/Resource/Prefab/BackColor_Red/Red_PlayingCards_Diamond13_00.prefab using Guid(fa4ab3ca1c4374b4b8b2e25a47e05b5a) Importer(815301076,1909f56bfc062723c751e8b465ee728b)  -> (artifact id: 'eaffd774d897a4683f02f5767049adfe') in 0.025322 seconds 
========================================================================
Received Import Request.
  Time since last request: 0.000028 seconds.
  path: Assets/Playing Cards/Resource/Prefab/BackColor_Red/Red_PlayingCards_Joker_00.prefab
  artifactKey: Guid(8618b7bf76c80fc4fa0f0e6754cd60af) Importer(815301076,1909f56bfc062723c751e8b465ee728b)
Start importing Assets/Playing Cards/Resource/Prefab/BackColor_Red/Red_PlayingCards_Joker_00.prefab using Guid(8618b7bf76c80fc4fa0f0e6754cd60af) Importer(815301076,1909f56bfc062723c751e8b465ee728b)  -> (artifact id: '4c0585bd3d7e2a71ef184604d66bf0d1') in 0.024831 seconds 
========================================================================
Received Import Request.
  Time since last request: 0.000036 seconds.
  path: Assets/Playing Cards/Resource/Prefab/BackColor_Red/Red_PlayingCards_Diamond06_00.prefab
  artifactKey: Guid(c9715f4292e43084c97e876b0f2598dc) Importer(815301076,1909f56bfc062723c751e8b465ee728b)
Start importing Assets/Playing Cards/Resource/Prefab/BackColor_Red/Red_PlayingCards_Diamond06_00.prefab using Guid(c9715f4292e43084c97e876b0f2598dc) Importer(815301076,1909f56bfc062723c751e8b465ee728b)  -> (artifact id: 'c24a11916362eef3e5a8dc6842b536b0') in 0.028676 seconds 
========================================================================
Received Import Request.
  Time since last request: 0.000025 seconds.
  path: Assets/Playing Cards/Resource/Prefab/BackColor_Red/Red_PlayingCards_Club06_00.prefab
  artifactKey: Guid(cface5db7437a00479b954669cd05ca1) Importer(815301076,1909f56bfc062723c751e8b465ee728b)
Start importing Assets/Playing Cards/Resource/Prefab/BackColor_Red/Red_PlayingCards_Club06_00.prefab using Guid(cface5db7437a00479b954669cd05ca1) Importer(815301076,1909f56bfc062723c751e8b465ee728b)  -> (artifact id: '8be67e49f023241454cba1145e7bbe3a') in 0.024318 seconds 
========================================================================
Received Import Request.
  Time since last request: 0.000024 seconds.
  path: Assets/Playing Cards/Resource/Prefab/BackColor_Red/Red_PlayingCards_Spade04_00.prefab
  artifactKey: Guid(be1e75c90d564b74488c41ae9b2f856a) Importer(815301076,1909f56bfc062723c751e8b465ee728b)
Start importing Assets/Playing Cards/Resource/Prefab/BackColor_Red/Red_PlayingCards_Spade04_00.prefab using Guid(be1e75c90d564b74488c41ae9b2f856a) Importer(815301076,1909f56bfc062723c751e8b465ee728b)  -> (artifact id: 'b0237bb5189f169958ca6c6587b70aa7') in 0.024663 seconds 
========================================================================
Received Import Request.
  Time since last request: 0.000042 seconds.
  path: Assets/Playing Cards/Resource/Prefab/BackColor_Red/Red_PlayingCards_Diamond10_00.prefab
  artifactKey: Guid(84a5ab1ee3ae8f84aa84de333b70ca56) Importer(815301076,1909f56bfc062723c751e8b465ee728b)
Start importing Assets/Playing Cards/Resource/Prefab/BackColor_Red/Red_PlayingCards_Diamond10_00.prefab using Guid(84a5ab1ee3ae8f84aa84de333b70ca56) Importer(815301076,1909f56bfc062723c751e8b465ee728b)  -> (artifact id: '7c0872ca268c961f901a9e870463ba79') in 0.029793 seconds 
========================================================================
Received Import Request.
  Time since last request: 0.000043 seconds.
  path: Assets/Playing Cards/Resource/Prefab/BackColor_Red/Red_PlayingCards_Spade07_00.prefab
  artifactKey: Guid(30adbc24963e2c64ba5d5c8b258864dd) Importer(815301076,1909f56bfc062723c751e8b465ee728b)
Start importing Assets/Playing Cards/Resource/Prefab/BackColor_Red/Red_PlayingCards_Spade07_00.prefab using Guid(30adbc24963e2c64ba5d5c8b258864dd) Importer(815301076,1909f56bfc062723c751e8b465ee728b)  -> (artifact id: '113404db233d88bdfbb83d1916dee280') in 0.025580 seconds 
========================================================================
Received Import Request.
  Time since last request: 0.000041 seconds.
  path: Assets/Playing Cards/Resource/Prefab/BackColor_Red/Red_PlayingCards_Heart06_00.prefab
  artifactKey: Guid(67b9f52ce7a73b042a16ecf13729e94c) Importer(815301076,1909f56bfc062723c751e8b465ee728b)
Start importing Assets/Playing Cards/Resource/Prefab/BackColor_Red/Red_PlayingCards_Heart06_00.prefab using Guid(67b9f52ce7a73b042a16ecf13729e94c) Importer(815301076,1909f56bfc062723c751e8b465ee728b)  -> (artifact id: '2c74e3bffb04b40c16b48ef1263d51a9') in 0.026196 seconds 
========================================================================
Received Import Request.
  Time since last request: 0.000031 seconds.
  path: Assets/Playing Cards/Resource/Prefab/BackColor_Red/Red_PlayingCards_Heart10_00.prefab
  artifactKey: Guid(0d25424106348804ab82f762681c1646) Importer(815301076,1909f56bfc062723c751e8b465ee728b)
Start importing Assets/Playing Cards/Resource/Prefab/BackColor_Red/Red_PlayingCards_Heart10_00.prefab using Guid(0d25424106348804ab82f762681c1646) Importer(815301076,1909f56bfc062723c751e8b465ee728b)  -> (artifact id: '2d026ad9e75418b9440bcd4fa377a4e9') in 0.031208 seconds 
========================================================================
Received Import Request.
  Time since last request: 0.000029 seconds.
  path: Assets/Playing Cards/Resource/Prefab/BackColor_Red/Red_PlayingCards_Heart08_00.prefab
  artifactKey: Guid(fc870d3348bb69d47ad045e57de4fc64) Importer(815301076,1909f56bfc062723c751e8b465ee728b)
Start importing Assets/Playing Cards/Resource/Prefab/BackColor_Red/Red_PlayingCards_Heart08_00.prefab using Guid(fc870d3348bb69d47ad045e57de4fc64) Importer(815301076,1909f56bfc062723c751e8b465ee728b)  -> (artifact id: 'fecd444aa51595caca0055620e9206ed') in 0.024818 seconds 
========================================================================
Received Import Request.
  Time since last request: 0.000046 seconds.
  path: Assets/Playing Cards/Resource/Prefab/BackColor_Red/Red_PlayingCards_Club12_00.prefab
  artifactKey: Guid(f2580bd22e569cd4d98c91090a22b37b) Importer(815301076,1909f56bfc062723c751e8b465ee728b)
Start importing Assets/Playing Cards/Resource/Prefab/BackColor_Red/Red_PlayingCards_Club12_00.prefab using Guid(f2580bd22e569cd4d98c91090a22b37b) Importer(815301076,1909f56bfc062723c751e8b465ee728b)  -> (artifact id: 'f1b603e5beccb89ea444fa456e9c8643') in 0.027338 seconds 
========================================================================
Received Import Request.
  Time since last request: 0.000025 seconds.
  path: Assets/Playing Cards/Resource/Prefab/BackColor_Red/Red_PlayingCards_Spade05_00.prefab
  artifactKey: Guid(1ca01dca8a0908e45927e722218591d4) Importer(815301076,1909f56bfc062723c751e8b465ee728b)
Start importing Assets/Playing Cards/Resource/Prefab/BackColor_Red/Red_PlayingCards_Spade05_00.prefab using Guid(1ca01dca8a0908e45927e722218591d4) Importer(815301076,1909f56bfc062723c751e8b465ee728b)  -> (artifact id: '3b43bf0fc77c3e926e4f4f8a26605f09') in 0.025777 seconds 
========================================================================
Received Import Request.
  Time since last request: 0.000032 seconds.
  path: Assets/Playing Cards/Resource/Prefab/BackColor_Red/Red_PlayingCards_Club11_00.prefab
  artifactKey: Guid(e01dd721e8c464341ac4194731bb7873) Importer(815301076,1909f56bfc062723c751e8b465ee728b)
Start importing Assets/Playing Cards/Resource/Prefab/BackColor_Red/Red_PlayingCards_Club11_00.prefab using Guid(e01dd721e8c464341ac4194731bb7873) Importer(815301076,1909f56bfc062723c751e8b465ee728b)  -> (artifact id: '9195d14a26c4c3afb01f5af482b73c4d') in 0.042918 seconds 
Editor requested this worker to shutdown with reason: Scaling down because of idle timeout
AssetImportWorker is now disconnected from the server
Process exiting
Exiting without the bug reporter. Application will terminate with return code 0