Using pre-set license
Built from '2021.3/staging' branch; Version is '2021.3.25f1 (68ef2c4f8861) revision 6876972'; Using compiler version '192829333'; Build Type 'Release'
OS: 'Windows 11  (10.0.22631) 64bit Core' Language: 'ja' Physical Memory: 16314 MB
BatchMode: 1, IsHumanControllingUs: 0, StartBugReporterOnCrash: 0, Is64bit: 1, IsPro: 1

COMMAND LINE ARGUMENTS:
C:\Users\uya11\Documents\unityeditor\2021.3.25f1\Editor\Unity.exe
-adb2
-batchMode
-noUpm
-name
AssetImportWorker4
-projectPath
C:/unity/PlayingCards
-logFile
Logs/AssetImportWorker4.log
-srvPort
51246
Successfully changed project path to: C:/unity/PlayingCards
C:/unity/PlayingCards
[UnityMemory] Configuration Parameters - Can be set up in boot.config
    "memorysetup-bucket-allocator-granularity=16"
    "memorysetup-bucket-allocator-bucket-count=8"
    "memorysetup-bucket-allocator-block-size=33554432"
    "memorysetup-bucket-allocator-block-count=8"
    "memorysetup-main-allocator-block-size=16777216"
    "memorysetup-thread-allocator-block-size=16777216"
    "memorysetup-gfx-main-allocator-block-size=16777216"
    "memorysetup-gfx-thread-allocator-block-size=16777216"
    "memorysetup-cache-allocator-block-size=4194304"
    "memorysetup-typetree-allocator-block-size=2097152"
    "memorysetup-profiler-bucket-allocator-granularity=16"
    "memorysetup-profiler-bucket-allocator-bucket-count=8"
    "memorysetup-profiler-bucket-allocator-block-size=33554432"
    "memorysetup-profiler-bucket-allocator-block-count=8"
    "memorysetup-profiler-allocator-block-size=16777216"
    "memorysetup-profiler-editor-allocator-block-size=1048576"
    "memorysetup-temp-allocator-size-main=16777216"
    "memorysetup-job-temp-allocator-block-size=2097152"
    "memorysetup-job-temp-allocator-block-size-background=1048576"
    "memorysetup-job-temp-allocator-reduction-small-platforms=262144"
    "memorysetup-temp-allocator-size-background-worker=32768"
    "memorysetup-temp-allocator-size-job-worker=262144"
    "memorysetup-temp-allocator-size-preload-manager=33554432"
    "memorysetup-temp-allocator-size-nav-mesh-worker=65536"
    "memorysetup-temp-allocator-size-audio-worker=65536"
    "memorysetup-temp-allocator-size-cloud-worker=32768"
    "memorysetup-temp-allocator-size-gi-baking-worker=262144"
    "memorysetup-temp-allocator-size-gfx=262144"
Player connection [36748] Host "[IP] 192.168.3.3 [Port] 0 [Flags] 2 [Guid] 2289651668 [EditorId] 2289651668 [Version] 1048832 [Id] WindowsEditor(7,DESKTOP-CDQBK3O) [Debug] 1 [PackageName] WindowsEditor [ProjectName] Editor" joined multi-casting on [225.0.0.222:54997]...

Player connection [36748] Host "[IP] 192.168.3.3 [Port] 0 [Flags] 2 [Guid] 2289651668 [EditorId] 2289651668 [Version] 1048832 [Id] WindowsEditor(7,DESKTOP-CDQBK3O) [Debug] 1 [PackageName] WindowsEditor [ProjectName] Editor" joined alternative multi-casting on [225.0.0.222:34997]...

Refreshing native plugins compatible for Editor in 105.75 ms, found 3 plugins.
Preloading 0 native plugins for Editor in 0.00 ms.
Initialize engine version: 2021.3.25f1 (68ef2c4f8861)
[Subsystems] Discovering subsystems at path C:/Users/uya11/Documents/unityeditor/2021.3.25f1/Editor/Data/Resources/UnitySubsystems
[Subsystems] Discovering subsystems at path C:/unity/PlayingCards/Assets
GfxDevice: creating device client; threaded=0; jobified=0
Direct3D:
    Version:  Direct3D 11.0 [level 11.1]
    Renderer: AMD Radeon RX 6700 XT (ID=0x73df)
    Vendor:   ATI
    VRAM:     12242 MB
    Driver:   31.0.24031.5001
Initialize mono
Mono path[0] = 'C:/Users/uya11/Documents/unityeditor/2021.3.25f1/Editor/Data/Managed'
Mono path[1] = 'C:/Users/uya11/Documents/unityeditor/2021.3.25f1/Editor/Data/MonoBleedingEdge/lib/mono/unityjit-win32'
Mono config path = 'C:/Users/uya11/Documents/unityeditor/2021.3.25f1/Editor/Data/MonoBleedingEdge/etc'
Using monoOptions --debugger-agent=transport=dt_socket,embedding=1,server=y,suspend=n,address=127.0.0.1:56164
Begin MonoManager ReloadAssembly
Registering precompiled unity dll's ...
Register platform support module: C:/Users/uya11/Documents/unityeditor/2021.3.25f1/Editor/Data/PlaybackEngines/WebGLSupport/UnityEditor.WebGL.Extensions.dll
Register platform support module: C:/Users/uya11/Documents/unityeditor/2021.3.25f1/Editor/Data/PlaybackEngines/AndroidPlayer/UnityEditor.Android.Extensions.dll
Register platform support module: C:/Users/uya11/Documents/unityeditor/2021.3.25f1/Editor/Data/PlaybackEngines/iOSSupport/UnityEditor.iOS.Extensions.dll
Register platform support module: C:/Users/uya11/Documents/unityeditor/2021.3.25f1/Editor/Data/PlaybackEngines/WindowsStandaloneSupport/UnityEditor.WindowsStandalone.Extensions.dll
Registered in 0.010197 seconds.
Native extension for WindowsStandalone target not found
[usbmuxd] Start listen thread
[usbmuxd] Listen thread started
Native extension for iOS target not found
Native extension for Android target not found
Android Extension - Scanning For ADB Devices 358 ms
Native extension for WebGL target not found
Refreshing native plugins compatible for Editor in 81.99 ms, found 3 plugins.
Preloading 0 native plugins for Editor in 0.00 ms.
Mono: successfully reloaded assembly
- Completed reload, in  1.031 seconds
Domain Reload Profiling:
	ReloadAssembly (1032ms)
		BeginReloadAssembly (86ms)
			ExecutionOrderSort (0ms)
			DisableScriptedObjects (0ms)
			BackupInstance (0ms)
			ReleaseScriptingObjects (0ms)
			CreateAndSetChildDomain (1ms)
		EndReloadAssembly (840ms)
			LoadAssemblies (83ms)
			RebuildTransferFunctionScriptingTraits (0ms)
			SetupTypeCache (108ms)
			ReleaseScriptCaches (0ms)
			RebuildScriptCaches (26ms)
			SetupLoadedEditorAssemblies (657ms)
				LogAssemblyErrors (0ms)
				InitializePlatformSupportModulesInManaged (454ms)
				SetLoadedEditorAssemblies (0ms)
				RefreshPlugins (82ms)
				BeforeProcessingInitializeOnLoad (1ms)
				ProcessInitializeOnLoadAttributes (81ms)
				ProcessInitializeOnLoadMethodAttributes (39ms)
				AfterProcessingInitializeOnLoad (0ms)
				EditorAssembliesLoaded (0ms)
			ExecutionOrderSort2 (0ms)
			AwakeInstancesAfterBackupRestoration (0ms)
Platform modules already initialized, skipping
Registering precompiled user dll's ...
Registered in 0.007019 seconds.
Begin MonoManager ReloadAssembly
Symbol file LoadedFromMemory doesn't match image C:\unity\PlayingCards\Library\PackageCache\com.unity.visualscripting@1.8.0\Editor\VisualScripting.Core\Dependencies\YamlDotNet\Unity.VisualScripting.YamlDotNet.dll
Symbol file LoadedFromMemory doesn't match image C:\unity\PlayingCards\Library\PackageCache\com.unity.visualscripting@1.8.0\Editor\VisualScripting.Core\Dependencies\DotNetZip\Unity.VisualScripting.IonicZip.dll
Native extension for WindowsStandalone target not found
Native extension for iOS target not found
Native extension for Android target not found
Native extension for WebGL target not found
Refreshing native plugins compatible for Editor in 0.79 ms, found 3 plugins.
Preloading 0 native plugins for Editor in 0.00 ms.
Mono: successfully reloaded assembly
- Completed reload, in  1.043 seconds
Domain Reload Profiling:
	ReloadAssembly (1043ms)
		BeginReloadAssembly (126ms)
			ExecutionOrderSort (0ms)
			DisableScriptedObjects (5ms)
			BackupInstance (0ms)
			ReleaseScriptingObjects (0ms)
			CreateAndSetChildDomain (25ms)
		EndReloadAssembly (803ms)
			LoadAssemblies (94ms)
			RebuildTransferFunctionScriptingTraits (0ms)
			SetupTypeCache (281ms)
			ReleaseScriptCaches (1ms)
			RebuildScriptCaches (50ms)
			SetupLoadedEditorAssemblies (347ms)
				LogAssemblyErrors (0ms)
				InitializePlatformSupportModulesInManaged (32ms)
				SetLoadedEditorAssemblies (0ms)
				RefreshPlugins (1ms)
				BeforeProcessingInitializeOnLoad (88ms)
				ProcessInitializeOnLoadAttributes (197ms)
				ProcessInitializeOnLoadMethodAttributes (18ms)
				AfterProcessingInitializeOnLoad (11ms)
				EditorAssembliesLoaded (0ms)
			ExecutionOrderSort2 (0ms)
			AwakeInstancesAfterBackupRestoration (7ms)
Platform modules already initialized, skipping
========================================================================
Worker process is ready to serve import requests
Launched and connected shader compiler UnityShaderCompiler.exe after 0.05 seconds
Refreshing native plugins compatible for Editor in 0.88 ms, found 3 plugins.
Preloading 0 native plugins for Editor in 0.00 ms.
Unloading 3061 Unused Serialized files (Serialized files now loaded: 0)
Unloading 26 unused Assets / (342.1 KB). Loaded Objects now: 3528.
Memory consumption went from 118.8 MB to 118.5 MB.
Total: 3.642000 ms (FindLiveObjects: 0.403400 ms CreateObjectMapping: 0.080200 ms MarkObjects: 3.008900 ms  DeleteObjects: 0.148500 ms)

AssetImportParameters requested are different than current active one (requested -> active):
  custom:video-decoder-ogg-theora: a1e56fd34408186e4bbccfd4996cb3dc -> 
  custom:container-muxer-webm: aa71ff27fc2769a1b78a27578f13a17b -> 
  custom:container-demuxer-webm: 4f35f7cbe854078d1ac9338744f61a02 -> 
  custom:video-encoder-webm-vp8: eb34c28f22e8b96e1ab97ce403110664 -> 
  custom:video-codec-MediaFoundation-h265: 746d11721c4dcdbdad8f713fa42b33f4 -> 
  custom:audio-encoder-webm-vorbis: bf7c407c2cedff20999df2af8eb42d56 -> 
  custom:framework-win-MediaFoundation: 216162199b28c13a410421893ffa2e32 -> 
  custom:container-demuxer-ogg: 62fdf1f143b41e24485cea50d1cbac27 -> 
  custom:video-decoder-webm-vp8: 9c59270c3fd7afecdb556c50c9e8de78 -> 
  custom:audio-decoder-ogg-vorbis: bf7c407c2cedff20999df2af8eb42d56 -> 
========================================================================
Received Import Request.
  Time since last request: 384800.423525 seconds.
  path: Assets
  artifactKey: Guid(00000000000000001000000000000000) Importer(815301076,1909f56bfc062723c751e8b465ee728b)
Start importing Assets using Guid(00000000000000001000000000000000) Importer(815301076,1909f56bfc062723c751e8b465ee728b)  -> (artifact id: '79842766b460edbeab6a34051e857a80') in 0.017073 seconds 
========================================================================
Received Import Request.
  Time since last request: 12.509620 seconds.
  path: Assets/CardController.cs
  artifactKey: Guid(3d44fc6a05ef6ef41bbc0008c8281fad) Importer(815301076,1909f56bfc062723c751e8b465ee728b)
Start importing Assets/CardController.cs using Guid(3d44fc6a05ef6ef41bbc0008c8281fad) Importer(815301076,1909f56bfc062723c751e8b465ee728b)  -> (artifact id: 'b186634326a89876d0a993a95604e5fe') in 0.028711 seconds 
========================================================================
Received Prepare
Registering precompiled user dll's ...
Registered in 0.007873 seconds.
Begin MonoManager ReloadAssembly
Symbol file LoadedFromMemory doesn't match image C:\unity\PlayingCards\Library\PackageCache\com.unity.visualscripting@1.8.0\Editor\VisualScripting.Core\Dependencies\YamlDotNet\Unity.VisualScripting.YamlDotNet.dll
Symbol file LoadedFromMemory doesn't match image C:\unity\PlayingCards\Library\PackageCache\com.unity.visualscripting@1.8.0\Editor\VisualScripting.Core\Dependencies\DotNetZip\Unity.VisualScripting.IonicZip.dll
Native extension for WindowsStandalone target not found
Native extension for iOS target not found
Native extension for Android target not found
Native extension for WebGL target not found
Refreshing native plugins compatible for Editor in 0.69 ms, found 3 plugins.
Preloading 0 native plugins for Editor in 0.00 ms.
Mono: successfully reloaded assembly
- Completed reload, in  0.992 seconds
Domain Reload Profiling:
	ReloadAssembly (993ms)
		BeginReloadAssembly (152ms)
			ExecutionOrderSort (0ms)
			DisableScriptedObjects (5ms)
			BackupInstance (0ms)
			ReleaseScriptingObjects (0ms)
			CreateAndSetChildDomain (41ms)
		EndReloadAssembly (740ms)
			LoadAssemblies (96ms)
			RebuildTransferFunctionScriptingTraits (0ms)
			SetupTypeCache (261ms)
			ReleaseScriptCaches (1ms)
			RebuildScriptCaches (40ms)
			SetupLoadedEditorAssemblies (311ms)
				LogAssemblyErrors (0ms)
				InitializePlatformSupportModulesInManaged (35ms)
				SetLoadedEditorAssemblies (0ms)
				RefreshPlugins (1ms)
				BeforeProcessingInitializeOnLoad (67ms)
				ProcessInitializeOnLoadAttributes (178ms)
				ProcessInitializeOnLoadMethodAttributes (20ms)
				AfterProcessingInitializeOnLoad (10ms)
				EditorAssembliesLoaded (0ms)
			ExecutionOrderSort2 (0ms)
			AwakeInstancesAfterBackupRestoration (7ms)
Platform modules already initialized, skipping
Refreshing native plugins compatible for Editor in 1.94 ms, found 3 plugins.
Preloading 0 native plugins for Editor in 0.00 ms.
Unloading 3055 Unused Serialized files (Serialized files now loaded: 0)
Unloading 19 unused Assets / (80.9 KB). Loaded Objects now: 3532.
Memory consumption went from 118.1 MB to 118.0 MB.
Total: 3.344100 ms (FindLiveObjects: 0.344700 ms CreateObjectMapping: 0.073600 ms MarkObjects: 2.832300 ms  DeleteObjects: 0.092500 ms)

AssetImportParameters requested are different than current active one (requested -> active):
  custom:video-decoder-ogg-theora: a1e56fd34408186e4bbccfd4996cb3dc -> 
  custom:container-muxer-webm: aa71ff27fc2769a1b78a27578f13a17b -> 
  custom:container-demuxer-webm: 4f35f7cbe854078d1ac9338744f61a02 -> 
  custom:video-encoder-webm-vp8: eb34c28f22e8b96e1ab97ce403110664 -> 
  custom:video-codec-MediaFoundation-h265: 746d11721c4dcdbdad8f713fa42b33f4 -> 
  custom:audio-encoder-webm-vorbis: bf7c407c2cedff20999df2af8eb42d56 -> 
  custom:framework-win-MediaFoundation: 216162199b28c13a410421893ffa2e32 -> 
  custom:container-demuxer-ogg: 62fdf1f143b41e24485cea50d1cbac27 -> 
  custom:video-decoder-webm-vp8: 9c59270c3fd7afecdb556c50c9e8de78 -> 
  custom:audio-decoder-ogg-vorbis: bf7c407c2cedff20999df2af8eb42d56 -> 
========================================================================
Received Import Request.
  Time since last request: 14725.429408 seconds.
  path: Assets/CardController.cs
  artifactKey: Guid(3d44fc6a05ef6ef41bbc0008c8281fad) Importer(815301076,1909f56bfc062723c751e8b465ee728b)
Start importing Assets/CardController.cs using Guid(3d44fc6a05ef6ef41bbc0008c8281fad) Importer(815301076,1909f56bfc062723c751e8b465ee728b)  -> (artifact id: 'b8b7c7eb038a964c2b108711ea009071') in 0.129471 seconds 
========================================================================
Received Prepare
Registering precompiled user dll's ...
Registered in 0.008025 seconds.
Begin MonoManager ReloadAssembly
Symbol file LoadedFromMemory doesn't match image C:\unity\PlayingCards\Library\PackageCache\com.unity.visualscripting@1.8.0\Editor\VisualScripting.Core\Dependencies\YamlDotNet\Unity.VisualScripting.YamlDotNet.dll
Symbol file LoadedFromMemory doesn't match image C:\unity\PlayingCards\Library\PackageCache\com.unity.visualscripting@1.8.0\Editor\VisualScripting.Core\Dependencies\DotNetZip\Unity.VisualScripting.IonicZip.dll
Native extension for WindowsStandalone target not found
Native extension for iOS target not found
Native extension for Android target not found
Native extension for WebGL target not found
Refreshing native plugins compatible for Editor in 0.67 ms, found 3 plugins.
Preloading 0 native plugins for Editor in 0.00 ms.
Mono: successfully reloaded assembly
- Completed reload, in  1.163 seconds
Domain Reload Profiling:
	ReloadAssembly (1164ms)
		BeginReloadAssembly (317ms)
			ExecutionOrderSort (0ms)
			DisableScriptedObjects (12ms)
			BackupInstance (0ms)
			ReleaseScriptingObjects (0ms)
			CreateAndSetChildDomain (129ms)
		EndReloadAssembly (742ms)
			LoadAssemblies (122ms)
			RebuildTransferFunctionScriptingTraits (0ms)
			SetupTypeCache (274ms)
			ReleaseScriptCaches (1ms)
			RebuildScriptCaches (39ms)
			SetupLoadedEditorAssemblies (297ms)
				LogAssemblyErrors (0ms)
				InitializePlatformSupportModulesInManaged (37ms)
				SetLoadedEditorAssemblies (0ms)
				RefreshPlugins (1ms)
				BeforeProcessingInitializeOnLoad (63ms)
				ProcessInitializeOnLoadAttributes (170ms)
				ProcessInitializeOnLoadMethodAttributes (17ms)
				AfterProcessingInitializeOnLoad (10ms)
				EditorAssembliesLoaded (0ms)
			ExecutionOrderSort2 (0ms)
			AwakeInstancesAfterBackupRestoration (6ms)
Platform modules already initialized, skipping
Refreshing native plugins compatible for Editor in 2.20 ms, found 3 plugins.
Preloading 0 native plugins for Editor in 0.00 ms.
Unloading 3055 Unused Serialized files (Serialized files now loaded: 0)
Unloading 19 unused Assets / (81.0 KB). Loaded Objects now: 3535.
Memory consumption went from 118.1 MB to 118.0 MB.
Total: 3.846600 ms (FindLiveObjects: 0.346100 ms CreateObjectMapping: 0.069600 ms MarkObjects: 3.306700 ms  DeleteObjects: 0.123200 ms)

AssetImportParameters requested are different than current active one (requested -> active):
  custom:video-decoder-ogg-theora: a1e56fd34408186e4bbccfd4996cb3dc -> 
  custom:container-muxer-webm: aa71ff27fc2769a1b78a27578f13a17b -> 
  custom:container-demuxer-webm: 4f35f7cbe854078d1ac9338744f61a02 -> 
  custom:video-encoder-webm-vp8: eb34c28f22e8b96e1ab97ce403110664 -> 
  custom:video-codec-MediaFoundation-h265: 746d11721c4dcdbdad8f713fa42b33f4 -> 
  custom:audio-encoder-webm-vorbis: bf7c407c2cedff20999df2af8eb42d56 -> 
  custom:framework-win-MediaFoundation: 216162199b28c13a410421893ffa2e32 -> 
  custom:container-demuxer-ogg: 62fdf1f143b41e24485cea50d1cbac27 -> 
  custom:video-decoder-webm-vp8: 9c59270c3fd7afecdb556c50c9e8de78 -> 
  custom:audio-decoder-ogg-vorbis: bf7c407c2cedff20999df2af8eb42d56 -> 
========================================================================
Received Import Request.
  Time since last request: 25.280827 seconds.
  path: Assets/CardController.cs
  artifactKey: Guid(3d44fc6a05ef6ef41bbc0008c8281fad) Importer(815301076,1909f56bfc062723c751e8b465ee728b)
Start importing Assets/CardController.cs using Guid(3d44fc6a05ef6ef41bbc0008c8281fad) Importer(815301076,1909f56bfc062723c751e8b465ee728b)  -> (artifact id: '05455a8ebcca0b0a3cd2929a2957a708') in 0.013325 seconds 
========================================================================
Received Import Request.
  Time since last request: 183.331949 seconds.
  path: Assets/CardController.cs
  artifactKey: Guid(3d44fc6a05ef6ef41bbc0008c8281fad) Importer(815301076,1909f56bfc062723c751e8b465ee728b)
Start importing Assets/CardController.cs using Guid(3d44fc6a05ef6ef41bbc0008c8281fad) Importer(815301076,1909f56bfc062723c751e8b465ee728b)  -> (artifact id: '776b73970793cc17d3f477013c8a321b') in 0.003403 seconds 
========================================================================
Received Prepare
Registering precompiled user dll's ...
Registered in 0.007290 seconds.
Begin MonoManager ReloadAssembly
Symbol file LoadedFromMemory doesn't match image C:\unity\PlayingCards\Library\PackageCache\com.unity.visualscripting@1.8.0\Editor\VisualScripting.Core\Dependencies\YamlDotNet\Unity.VisualScripting.YamlDotNet.dll
Symbol file LoadedFromMemory doesn't match image C:\unity\PlayingCards\Library\PackageCache\com.unity.visualscripting@1.8.0\Editor\VisualScripting.Core\Dependencies\DotNetZip\Unity.VisualScripting.IonicZip.dll
Native extension for WindowsStandalone target not found
Native extension for iOS target not found
Native extension for Android target not found
Native extension for WebGL target not found
Refreshing native plugins compatible for Editor in 0.93 ms, found 3 plugins.
Preloading 0 native plugins for Editor in 0.00 ms.
Mono: successfully reloaded assembly
- Completed reload, in  1.083 seconds
Domain Reload Profiling:
	ReloadAssembly (1084ms)
		BeginReloadAssembly (172ms)
			ExecutionOrderSort (0ms)
			DisableScriptedObjects (6ms)
			BackupInstance (0ms)
			ReleaseScriptingObjects (0ms)
			CreateAndSetChildDomain (47ms)
		EndReloadAssembly (794ms)
			LoadAssemblies (117ms)
			RebuildTransferFunctionScriptingTraits (0ms)
			SetupTypeCache (315ms)
			ReleaseScriptCaches (1ms)
			RebuildScriptCaches (45ms)
			SetupLoadedEditorAssemblies (293ms)
				LogAssemblyErrors (0ms)
				InitializePlatformSupportModulesInManaged (34ms)
				SetLoadedEditorAssemblies (0ms)
				RefreshPlugins (1ms)
				BeforeProcessingInitializeOnLoad (64ms)
				ProcessInitializeOnLoadAttributes (166ms)
				ProcessInitializeOnLoadMethodAttributes (18ms)
				AfterProcessingInitializeOnLoad (10ms)
				EditorAssembliesLoaded (0ms)
			ExecutionOrderSort2 (0ms)
			AwakeInstancesAfterBackupRestoration (6ms)
Platform modules already initialized, skipping
Refreshing native plugins compatible for Editor in 2.43 ms, found 3 plugins.
Preloading 0 native plugins for Editor in 0.00 ms.
Unloading 3055 Unused Serialized files (Serialized files now loaded: 0)
Unloading 19 unused Assets / (81.0 KB). Loaded Objects now: 3538.
Memory consumption went from 118.1 MB to 118.0 MB.
Total: 3.044700 ms (FindLiveObjects: 0.423900 ms CreateObjectMapping: 0.072600 ms MarkObjects: 2.457300 ms  DeleteObjects: 0.089900 ms)

AssetImportParameters requested are different than current active one (requested -> active):
  custom:video-decoder-ogg-theora: a1e56fd34408186e4bbccfd4996cb3dc -> 
  custom:container-muxer-webm: aa71ff27fc2769a1b78a27578f13a17b -> 
  custom:container-demuxer-webm: 4f35f7cbe854078d1ac9338744f61a02 -> 
  custom:video-encoder-webm-vp8: eb34c28f22e8b96e1ab97ce403110664 -> 
  custom:video-codec-MediaFoundation-h265: 746d11721c4dcdbdad8f713fa42b33f4 -> 
  custom:audio-encoder-webm-vorbis: bf7c407c2cedff20999df2af8eb42d56 -> 
  custom:framework-win-MediaFoundation: 216162199b28c13a410421893ffa2e32 -> 
  custom:container-demuxer-ogg: 62fdf1f143b41e24485cea50d1cbac27 -> 
  custom:video-decoder-webm-vp8: 9c59270c3fd7afecdb556c50c9e8de78 -> 
  custom:audio-decoder-ogg-vorbis: bf7c407c2cedff20999df2af8eb42d56 -> 
========================================================================
Received Import Request.
  Time since last request: 10.879198 seconds.
  path: Assets/CardController.cs
  artifactKey: Guid(3d44fc6a05ef6ef41bbc0008c8281fad) Importer(815301076,1909f56bfc062723c751e8b465ee728b)
Start importing Assets/CardController.cs using Guid(3d44fc6a05ef6ef41bbc0008c8281fad) Importer(815301076,1909f56bfc062723c751e8b465ee728b)  -> (artifact id: 'c341b911b11b47d60116ee8ebb9c77ce') in 0.008320 seconds 
========================================================================
Received Prepare
Registering precompiled user dll's ...
Registered in 0.006745 seconds.
Begin MonoManager ReloadAssembly
Symbol file LoadedFromMemory doesn't match image C:\unity\PlayingCards\Library\PackageCache\com.unity.visualscripting@1.8.0\Editor\VisualScripting.Core\Dependencies\YamlDotNet\Unity.VisualScripting.YamlDotNet.dll
Symbol file LoadedFromMemory doesn't match image C:\unity\PlayingCards\Library\PackageCache\com.unity.visualscripting@1.8.0\Editor\VisualScripting.Core\Dependencies\DotNetZip\Unity.VisualScripting.IonicZip.dll
Native extension for WindowsStandalone target not found
Native extension for iOS target not found
Native extension for Android target not found
Native extension for WebGL target not found
Refreshing native plugins compatible for Editor in 0.89 ms, found 3 plugins.
Preloading 0 native plugins for Editor in 0.00 ms.
Mono: successfully reloaded assembly
- Completed reload, in  1.003 seconds
Domain Reload Profiling:
	ReloadAssembly (1004ms)
		BeginReloadAssembly (157ms)
			ExecutionOrderSort (0ms)
			DisableScriptedObjects (5ms)
			BackupInstance (0ms)
			ReleaseScriptingObjects (0ms)
			CreateAndSetChildDomain (43ms)
		EndReloadAssembly (738ms)
			LoadAssemblies (105ms)
			RebuildTransferFunctionScriptingTraits (0ms)
			SetupTypeCache (270ms)
			ReleaseScriptCaches (1ms)
			RebuildScriptCaches (38ms)
			SetupLoadedEditorAssemblies (297ms)
				LogAssemblyErrors (0ms)
				InitializePlatformSupportModulesInManaged (35ms)
				SetLoadedEditorAssemblies (0ms)
				RefreshPlugins (1ms)
				BeforeProcessingInitializeOnLoad (63ms)
				ProcessInitializeOnLoadAttributes (170ms)
				ProcessInitializeOnLoadMethodAttributes (17ms)
				AfterProcessingInitializeOnLoad (10ms)
				EditorAssembliesLoaded (0ms)
			ExecutionOrderSort2 (0ms)
			AwakeInstancesAfterBackupRestoration (6ms)
Platform modules already initialized, skipping
Refreshing native plugins compatible for Editor in 2.52 ms, found 3 plugins.
Preloading 0 native plugins for Editor in 0.00 ms.
Unloading 3055 Unused Serialized files (Serialized files now loaded: 0)
Unloading 19 unused Assets / (81.0 KB). Loaded Objects now: 3541.
Memory consumption went from 118.1 MB to 118.0 MB.
Total: 3.311600 ms (FindLiveObjects: 0.372600 ms CreateObjectMapping: 0.073700 ms MarkObjects: 2.783400 ms  DeleteObjects: 0.080700 ms)

AssetImportParameters requested are different than current active one (requested -> active):
  custom:video-decoder-ogg-theora: a1e56fd34408186e4bbccfd4996cb3dc -> 
  custom:container-muxer-webm: aa71ff27fc2769a1b78a27578f13a17b -> 
  custom:container-demuxer-webm: 4f35f7cbe854078d1ac9338744f61a02 -> 
  custom:video-encoder-webm-vp8: eb34c28f22e8b96e1ab97ce403110664 -> 
  custom:video-codec-MediaFoundation-h265: 746d11721c4dcdbdad8f713fa42b33f4 -> 
  custom:audio-encoder-webm-vorbis: bf7c407c2cedff20999df2af8eb42d56 -> 
  custom:framework-win-MediaFoundation: 216162199b28c13a410421893ffa2e32 -> 
  custom:container-demuxer-ogg: 62fdf1f143b41e24485cea50d1cbac27 -> 
  custom:video-decoder-webm-vp8: 9c59270c3fd7afecdb556c50c9e8de78 -> 
  custom:audio-decoder-ogg-vorbis: bf7c407c2cedff20999df2af8eb42d56 -> 
========================================================================
Received Import Request.
  Time since last request: 20.700229 seconds.
  path: Assets/CardsDirector.cs
  artifactKey: Guid(b9ee4b91d8257ff4d88f7394e373f63d) Importer(815301076,1909f56bfc062723c751e8b465ee728b)
Start importing Assets/CardsDirector.cs using Guid(b9ee4b91d8257ff4d88f7394e373f63d) Importer(815301076,1909f56bfc062723c751e8b465ee728b)  -> (artifact id: '0313fd20f9911a2fb044412e58575ed1') in 0.016093 seconds 
========================================================================
Received Import Request.
  Time since last request: 94.342379 seconds.
  path: Assets/CardsDirector.cs
  artifactKey: Guid(b9ee4b91d8257ff4d88f7394e373f63d) Importer(815301076,1909f56bfc062723c751e8b465ee728b)
Start importing Assets/CardsDirector.cs using Guid(b9ee4b91d8257ff4d88f7394e373f63d) Importer(815301076,1909f56bfc062723c751e8b465ee728b)  -> (artifact id: '3567fef504a7376849eb5793413460cc') in 0.002995 seconds 
========================================================================
Received Import Request.
  Time since last request: 540.916683 seconds.
  path: Assets/CardsDirector.cs
  artifactKey: Guid(b9ee4b91d8257ff4d88f7394e373f63d) Importer(815301076,1909f56bfc062723c751e8b465ee728b)
Start importing Assets/CardsDirector.cs using Guid(b9ee4b91d8257ff4d88f7394e373f63d) Importer(815301076,1909f56bfc062723c751e8b465ee728b)  -> (artifact id: '66cbe004068d96df6e30a94c19a93365') in 0.003181 seconds 
========================================================================
Received Import Request.
  Time since last request: 263.686206 seconds.
  path: Assets/CardsDirector.cs
  artifactKey: Guid(b9ee4b91d8257ff4d88f7394e373f63d) Importer(815301076,1909f56bfc062723c751e8b465ee728b)
Start importing Assets/CardsDirector.cs using Guid(b9ee4b91d8257ff4d88f7394e373f63d) Importer(815301076,1909f56bfc062723c751e8b465ee728b)  -> (artifact id: 'c61e594ed6f562274d20a1e1bc20b90c') in 0.003855 seconds 
========================================================================
Received Prepare
Registering precompiled user dll's ...
Registered in 0.006744 seconds.
Begin MonoManager ReloadAssembly
Symbol file LoadedFromMemory doesn't match image C:\unity\PlayingCards\Library\PackageCache\com.unity.visualscripting@1.8.0\Editor\VisualScripting.Core\Dependencies\YamlDotNet\Unity.VisualScripting.YamlDotNet.dll
Symbol file LoadedFromMemory doesn't match image C:\unity\PlayingCards\Library\PackageCache\com.unity.visualscripting@1.8.0\Editor\VisualScripting.Core\Dependencies\DotNetZip\Unity.VisualScripting.IonicZip.dll
Native extension for WindowsStandalone target not found
Native extension for iOS target not found
Native extension for Android target not found
Native extension for WebGL target not found
Refreshing native plugins compatible for Editor in 0.72 ms, found 3 plugins.
Preloading 0 native plugins for Editor in 0.00 ms.
Mono: successfully reloaded assembly
- Completed reload, in  0.992 seconds
Domain Reload Profiling:
	ReloadAssembly (993ms)
		BeginReloadAssembly (152ms)
			ExecutionOrderSort (0ms)
			DisableScriptedObjects (5ms)
			BackupInstance (0ms)
			ReleaseScriptingObjects (0ms)
			CreateAndSetChildDomain (39ms)
		EndReloadAssembly (734ms)
			LoadAssemblies (103ms)
			RebuildTransferFunctionScriptingTraits (0ms)
			SetupTypeCache (276ms)
			ReleaseScriptCaches (1ms)
			RebuildScriptCaches (37ms)
			SetupLoadedEditorAssemblies (294ms)
				LogAssemblyErrors (0ms)
				InitializePlatformSupportModulesInManaged (33ms)
				SetLoadedEditorAssemblies (0ms)
				RefreshPlugins (1ms)
				BeforeProcessingInitializeOnLoad (63ms)
				ProcessInitializeOnLoadAttributes (168ms)
				ProcessInitializeOnLoadMethodAttributes (19ms)
				AfterProcessingInitializeOnLoad (10ms)
				EditorAssembliesLoaded (0ms)
			ExecutionOrderSort2 (0ms)
			AwakeInstancesAfterBackupRestoration (6ms)
Platform modules already initialized, skipping
Refreshing native plugins compatible for Editor in 2.09 ms, found 3 plugins.
Preloading 0 native plugins for Editor in 0.00 ms.
Unloading 3056 Unused Serialized files (Serialized files now loaded: 0)
Unloading 19 unused Assets / (81.1 KB). Loaded Objects now: 3545.
Memory consumption went from 118.1 MB to 118.0 MB.
Total: 3.170400 ms (FindLiveObjects: 0.356400 ms CreateObjectMapping: 0.071700 ms MarkObjects: 2.642100 ms  DeleteObjects: 0.098600 ms)

AssetImportParameters requested are different than current active one (requested -> active):
  custom:video-decoder-ogg-theora: a1e56fd34408186e4bbccfd4996cb3dc -> 
  custom:container-muxer-webm: aa71ff27fc2769a1b78a27578f13a17b -> 
  custom:container-demuxer-webm: 4f35f7cbe854078d1ac9338744f61a02 -> 
  custom:video-encoder-webm-vp8: eb34c28f22e8b96e1ab97ce403110664 -> 
  custom:video-codec-MediaFoundation-h265: 746d11721c4dcdbdad8f713fa42b33f4 -> 
  custom:audio-encoder-webm-vorbis: bf7c407c2cedff20999df2af8eb42d56 -> 
  custom:framework-win-MediaFoundation: 216162199b28c13a410421893ffa2e32 -> 
  custom:container-demuxer-ogg: 62fdf1f143b41e24485cea50d1cbac27 -> 
  custom:video-decoder-webm-vp8: 9c59270c3fd7afecdb556c50c9e8de78 -> 
  custom:audio-decoder-ogg-vorbis: bf7c407c2cedff20999df2af8eb42d56 -> 
========================================================================
Received Import Request.
  Time since last request: 285.905116 seconds.
  path: Assets/Playing Cards/Resource/Prefab/BackColor_Black/Black_5cards_00.prefab
  artifactKey: Guid(4bcb2a3f47b981145a98e67310ff4f9a) Importer(815301076,1909f56bfc062723c751e8b465ee728b)
Start importing Assets/Playing Cards/Resource/Prefab/BackColor_Black/Black_5cards_00.prefab using Guid(4bcb2a3f47b981145a98e67310ff4f9a) Importer(815301076,1909f56bfc062723c751e8b465ee728b)  -> (artifact id: 'e8dbf74e09693b0759a58964988e7c91') in 1.013571 seconds 
========================================================================
Received Import Request.
  Time since last request: 0.000044 seconds.
  path: Assets/Playing Cards/Resource/Prefab/BackColor_Black/Black_PlayingCards_Diamond13_00.prefab
  artifactKey: Guid(0eb7ae376a05e7246b8b73aceacb9ec4) Importer(815301076,1909f56bfc062723c751e8b465ee728b)
Start importing Assets/Playing Cards/Resource/Prefab/BackColor_Black/Black_PlayingCards_Diamond13_00.prefab using Guid(0eb7ae376a05e7246b8b73aceacb9ec4) Importer(815301076,1909f56bfc062723c751e8b465ee728b)  -> (artifact id: 'dc16ae4db6f733cef000f799047658d0') in 0.030888 seconds 
========================================================================
Received Import Request.
  Time since last request: 0.000044 seconds.
  path: Assets/Playing Cards/Resource/Prefab/BackColor_Black/Black_PlayingCards_Club12_00.prefab
  artifactKey: Guid(2faff22567e6bef43b47d903398823b6) Importer(815301076,1909f56bfc062723c751e8b465ee728b)
Start importing Assets/Playing Cards/Resource/Prefab/BackColor_Black/Black_PlayingCards_Club12_00.prefab using Guid(2faff22567e6bef43b47d903398823b6) Importer(815301076,1909f56bfc062723c751e8b465ee728b)  -> (artifact id: '636aa77ec214eb0055aa4928a8de2d0b') in 0.030058 seconds 
========================================================================
Received Import Request.
  Time since last request: 0.025220 seconds.
  path: Assets/Playing Cards/Resource/Prefab/BackColor_Black/Black_PlayingCards_Club01_00.prefab
  artifactKey: Guid(caab6bb7ecb7ed741b612973ab7b297b) Importer(815301076,1909f56bfc062723c751e8b465ee728b)
Start importing Assets/Playing Cards/Resource/Prefab/BackColor_Black/Black_PlayingCards_Club01_00.prefab using Guid(caab6bb7ecb7ed741b612973ab7b297b) Importer(815301076,1909f56bfc062723c751e8b465ee728b)  -> (artifact id: '9079525bb36b0be10e65fc0388223d20') in 0.103399 seconds 
========================================================================
Received Import Request.
  Time since last request: 0.000027 seconds.
  path: Assets/Playing Cards/Resource/Prefab/BackColor_Black/Black_PlayingCards_Spade01_00.prefab
  artifactKey: Guid(caa78a305dd759b4a9b42de8852d68ac) Importer(815301076,1909f56bfc062723c751e8b465ee728b)
Start importing Assets/Playing Cards/Resource/Prefab/BackColor_Black/Black_PlayingCards_Spade01_00.prefab using Guid(caa78a305dd759b4a9b42de8852d68ac) Importer(815301076,1909f56bfc062723c751e8b465ee728b)  -> (artifact id: '206d008d58593db422c30d8880a551a3') in 0.028857 seconds 
========================================================================
Received Import Request.
  Time since last request: 0.000028 seconds.
  path: Assets/Playing Cards/Resource/Prefab/BackColor_Black/Black_PlayingCards_Heart10_00.prefab
  artifactKey: Guid(d84f28c6689d25a44adea6e8a70f36d5) Importer(815301076,1909f56bfc062723c751e8b465ee728b)
Start importing Assets/Playing Cards/Resource/Prefab/BackColor_Black/Black_PlayingCards_Heart10_00.prefab using Guid(d84f28c6689d25a44adea6e8a70f36d5) Importer(815301076,1909f56bfc062723c751e8b465ee728b)  -> (artifact id: '360f8c03f7f3473a43f70028cfd4bc76') in 0.029280 seconds 
========================================================================
Received Import Request.
  Time since last request: 0.000046 seconds.
  path: Assets/Playing Cards/Resource/Prefab/BackColor_Black/Black_PlayingCards_Spade09_00.prefab
  artifactKey: Guid(6bd75065bd1767b449c0ff49fbe46182) Importer(815301076,1909f56bfc062723c751e8b465ee728b)
Start importing Assets/Playing Cards/Resource/Prefab/BackColor_Black/Black_PlayingCards_Spade09_00.prefab using Guid(6bd75065bd1767b449c0ff49fbe46182) Importer(815301076,1909f56bfc062723c751e8b465ee728b)  -> (artifact id: '51c45462eb6543658459952f3f952b26') in 0.027913 seconds 
========================================================================
Received Import Request.
  Time since last request: 0.000032 seconds.
  path: Assets/Playing Cards/Resource/Prefab/BackColor_Black/Black_PlayingCards_Spade04_00.prefab
  artifactKey: Guid(284ed5c6a5369674ea3705d18a998844) Importer(815301076,1909f56bfc062723c751e8b465ee728b)
Start importing Assets/Playing Cards/Resource/Prefab/BackColor_Black/Black_PlayingCards_Spade04_00.prefab using Guid(284ed5c6a5369674ea3705d18a998844) Importer(815301076,1909f56bfc062723c751e8b465ee728b)  -> (artifact id: 'a4225506f7de3ebdc6ad6f82b4ef0947') in 0.028291 seconds 
========================================================================
Received Import Request.
  Time since last request: 0.000034 seconds.
  path: Assets/Playing Cards/Resource/Prefab/BackColor_Black/Black_PlayingCards_Heart01_00.prefab
  artifactKey: Guid(c29433f77a911914e8e503f253d99353) Importer(815301076,1909f56bfc062723c751e8b465ee728b)
Start importing Assets/Playing Cards/Resource/Prefab/BackColor_Black/Black_PlayingCards_Heart01_00.prefab using Guid(c29433f77a911914e8e503f253d99353) Importer(815301076,1909f56bfc062723c751e8b465ee728b)  -> (artifact id: 'd258f43867731e050047f56eeb4f6990') in 0.028783 seconds 
========================================================================
Received Import Request.
  Time since last request: 0.000024 seconds.
  path: Assets/Playing Cards/Resource/Prefab/BackColor_Black/Black_PlayingCards_Spade05_00.prefab
  artifactKey: Guid(0ef72ba4151fcf5448909d51ef0533ed) Importer(815301076,1909f56bfc062723c751e8b465ee728b)
Start importing Assets/Playing Cards/Resource/Prefab/BackColor_Black/Black_PlayingCards_Spade05_00.prefab using Guid(0ef72ba4151fcf5448909d51ef0533ed) Importer(815301076,1909f56bfc062723c751e8b465ee728b)  -> (artifact id: '38cf9de4d593397d716afe84c1507565') in 0.023984 seconds 
========================================================================
Received Import Request.
  Time since last request: 0.000025 seconds.
  path: Assets/Playing Cards/Resource/Prefab/BackColor_Black/Black_PlayingCards_Spade08_00.prefab
  artifactKey: Guid(86323d8e5eb7d1a4aa5f1089c77841d2) Importer(815301076,1909f56bfc062723c751e8b465ee728b)
Start importing Assets/Playing Cards/Resource/Prefab/BackColor_Black/Black_PlayingCards_Spade08_00.prefab using Guid(86323d8e5eb7d1a4aa5f1089c77841d2) Importer(815301076,1909f56bfc062723c751e8b465ee728b)  -> (artifact id: '09140a9a58cdd6c5e33078ed4d4c9521') in 0.026148 seconds 
========================================================================
Received Import Request.
  Time since last request: 0.000027 seconds.
  path: Assets/Playing Cards/Resource/Prefab/BackColor_Black/Black_PlayingCards_Diamond08_00.prefab
  artifactKey: Guid(98add747d5a7840429499d9c7f1ddf28) Importer(815301076,1909f56bfc062723c751e8b465ee728b)
Start importing Assets/Playing Cards/Resource/Prefab/BackColor_Black/Black_PlayingCards_Diamond08_00.prefab using Guid(98add747d5a7840429499d9c7f1ddf28) Importer(815301076,1909f56bfc062723c751e8b465ee728b)  -> (artifact id: 'f67a5e73b931ad6211e432ff2a011b96') in 0.025637 seconds 
========================================================================
Received Import Request.
  Time since last request: 0.000022 seconds.
  path: Assets/Playing Cards/Resource/Prefab/BackColor_Black/Black_PlayingCards_Heart12_00.prefab
  artifactKey: Guid(77f9305f9f32fff4f81277ea034cb500) Importer(815301076,1909f56bfc062723c751e8b465ee728b)
Start importing Assets/Playing Cards/Resource/Prefab/BackColor_Black/Black_PlayingCards_Heart12_00.prefab using Guid(77f9305f9f32fff4f81277ea034cb500) Importer(815301076,1909f56bfc062723c751e8b465ee728b)  -> (artifact id: '84fc5340879c860543b640f97ae75754') in 0.025620 seconds 
========================================================================
Received Import Request.
  Time since last request: 0.000027 seconds.
  path: Assets/Playing Cards/Resource/Prefab/BackColor_Black/Black_PlayingCards_Blank_00.prefab
  artifactKey: Guid(2f21bec7f30c7d744a280a41c7e1980a) Importer(815301076,1909f56bfc062723c751e8b465ee728b)
Start importing Assets/Playing Cards/Resource/Prefab/BackColor_Black/Black_PlayingCards_Blank_00.prefab using Guid(2f21bec7f30c7d744a280a41c7e1980a) Importer(815301076,1909f56bfc062723c751e8b465ee728b)  -> (artifact id: 'b7878cc7a2f9332e4ea60dcefe0eb099') in 0.025106 seconds 
========================================================================
Received Import Request.
  Time since last request: 0.000043 seconds.
  path: Assets/Playing Cards/Resource/Prefab/BackColor_Black/Black_PlayingCards_Club03_00.prefab
  artifactKey: Guid(037fd8bcfc7ef774493f3e38099e151c) Importer(815301076,1909f56bfc062723c751e8b465ee728b)
Start importing Assets/Playing Cards/Resource/Prefab/BackColor_Black/Black_PlayingCards_Club03_00.prefab using Guid(037fd8bcfc7ef774493f3e38099e151c) Importer(815301076,1909f56bfc062723c751e8b465ee728b)  -> (artifact id: '3ddd8ab20cb13e316cf894adf4de4a39') in 0.022828 seconds 
========================================================================
Received Import Request.
  Time since last request: 0.000023 seconds.
  path: Assets/Playing Cards/Resource/Prefab/BackColor_Black/Black_PlayingCards_Club09_00.prefab
  artifactKey: Guid(0a68482a7e72e3f4aa4f8652a2035548) Importer(815301076,1909f56bfc062723c751e8b465ee728b)
Start importing Assets/Playing Cards/Resource/Prefab/BackColor_Black/Black_PlayingCards_Club09_00.prefab using Guid(0a68482a7e72e3f4aa4f8652a2035548) Importer(815301076,1909f56bfc062723c751e8b465ee728b)  -> (artifact id: '5933a622ce630edc9cf9d7373f1e937e') in 0.024981 seconds 
========================================================================
Received Import Request.
  Time since last request: 0.000024 seconds.
  path: Assets/Playing Cards/Resource/Prefab/BackColor_Black/Black_PlayingCards_Club08_00.prefab
  artifactKey: Guid(7f15d67ce34586d4ca9e3eca7292533a) Importer(815301076,1909f56bfc062723c751e8b465ee728b)
Start importing Assets/Playing Cards/Resource/Prefab/BackColor_Black/Black_PlayingCards_Club08_00.prefab using Guid(7f15d67ce34586d4ca9e3eca7292533a) Importer(815301076,1909f56bfc062723c751e8b465ee728b)  -> (artifact id: '15d8657045f6049dd992e2759c72af2c') in 0.027765 seconds 
========================================================================
Received Import Request.
  Time since last request: 0.000030 seconds.
  path: Assets/Playing Cards/Resource/Prefab/BackColor_Black/Black_PlayingCards_Club11_00.prefab
  artifactKey: Guid(fb763a09611c5354d8f3878a164b231b) Importer(815301076,1909f56bfc062723c751e8b465ee728b)
Start importing Assets/Playing Cards/Resource/Prefab/BackColor_Black/Black_PlayingCards_Club11_00.prefab using Guid(fb763a09611c5354d8f3878a164b231b) Importer(815301076,1909f56bfc062723c751e8b465ee728b)  -> (artifact id: 'cd88ef5ea622201f0e35bf235f67a2ab') in 0.025675 seconds 
========================================================================
Received Import Request.
  Time since last request: 0.000017 seconds.
  path: Assets/Playing Cards/Resource/Prefab/BackColor_Black/Black_PlayingCards_Diamond06_00.prefab
  artifactKey: Guid(835d300e708af14478bae3e96f5fd26f) Importer(815301076,1909f56bfc062723c751e8b465ee728b)
Start importing Assets/Playing Cards/Resource/Prefab/BackColor_Black/Black_PlayingCards_Diamond06_00.prefab using Guid(835d300e708af14478bae3e96f5fd26f) Importer(815301076,1909f56bfc062723c751e8b465ee728b)  -> (artifact id: '6a64ff715e2dfff13bd765cd283c7897') in 0.044576 seconds 
========================================================================
Received Import Request.
  Time since last request: 0.000102 seconds.
  path: Assets/Playing Cards/Resource/Prefab/BackColor_Black/Black_PlayingCards_Club13_00.prefab
  artifactKey: Guid(47875a26b7de4684986de1759288cda3) Importer(815301076,1909f56bfc062723c751e8b465ee728b)
Start importing Assets/Playing Cards/Resource/Prefab/BackColor_Black/Black_PlayingCards_Club13_00.prefab using Guid(47875a26b7de4684986de1759288cda3) Importer(815301076,1909f56bfc062723c751e8b465ee728b)  -> (artifact id: '1586d99ae8021d247dbe1ff80aec0a8c') in 0.038447 seconds 
========================================================================
Received Import Request.
  Time since last request: 0.000047 seconds.
  path: Assets/Playing Cards/Resource/Prefab/BackColor_Black/Black_PlayingCards_Heart07_00.prefab
  artifactKey: Guid(c0a5d114cb6285f43b003bb5d8d95487) Importer(815301076,1909f56bfc062723c751e8b465ee728b)
Start importing Assets/Playing Cards/Resource/Prefab/BackColor_Black/Black_PlayingCards_Heart07_00.prefab using Guid(c0a5d114cb6285f43b003bb5d8d95487) Importer(815301076,1909f56bfc062723c751e8b465ee728b)  -> (artifact id: '13823ee773b93e9fa3c4cdda70d1d86f') in 0.038628 seconds 
========================================================================
Received Import Request.
  Time since last request: 0.000039 seconds.
  path: Assets/Playing Cards/Resource/Prefab/BackColor_Black/Black_PlayingCards_Joker_00.prefab
  artifactKey: Guid(86f5be653215f1c44bce484f91c79ce2) Importer(815301076,1909f56bfc062723c751e8b465ee728b)
Start importing Assets/Playing Cards/Resource/Prefab/BackColor_Black/Black_PlayingCards_Joker_00.prefab using Guid(86f5be653215f1c44bce484f91c79ce2) Importer(815301076,1909f56bfc062723c751e8b465ee728b)  -> (artifact id: '836680f82dfa21b480a9dba00c5fe2e6') in 0.037616 seconds 
========================================================================
Received Import Request.
  Time since last request: 0.000034 seconds.
  path: Assets/Playing Cards/Resource/Prefab/BackColor_Black/Black_PlayingCards_Club04_00.prefab
  artifactKey: Guid(ff26e91d329993c4a9d197dbd4f21d02) Importer(815301076,1909f56bfc062723c751e8b465ee728b)
Start importing Assets/Playing Cards/Resource/Prefab/BackColor_Black/Black_PlayingCards_Club04_00.prefab using Guid(ff26e91d329993c4a9d197dbd4f21d02) Importer(815301076,1909f56bfc062723c751e8b465ee728b)  -> (artifact id: '32050fc1036f0dc00242e51fa1dce612') in 0.074036 seconds 
========================================================================
Received Import Request.
  Time since last request: 0.000112 seconds.
  path: Assets/Playing Cards/Resource/Prefab/BackColor_Black/Black_PlayingCards_Diamond09_00.prefab
  artifactKey: Guid(419a338db6c35b840b4e2e0f6db80291) Importer(815301076,1909f56bfc062723c751e8b465ee728b)
Start importing Assets/Playing Cards/Resource/Prefab/BackColor_Black/Black_PlayingCards_Diamond09_00.prefab using Guid(419a338db6c35b840b4e2e0f6db80291) Importer(815301076,1909f56bfc062723c751e8b465ee728b)  -> (artifact id: '29674d42a14781f7ba77421789b5abe3') in 0.034540 seconds 
========================================================================
Received Import Request.
  Time since last request: 0.000039 seconds.
  path: Assets/Playing Cards/Resource/Prefab/BackColor_Black/Black_PlayingCards_Heart09_00.prefab
  artifactKey: Guid(42ca9df923c7adc418eb2e62b8422389) Importer(815301076,1909f56bfc062723c751e8b465ee728b)
Start importing Assets/Playing Cards/Resource/Prefab/BackColor_Black/Black_PlayingCards_Heart09_00.prefab using Guid(42ca9df923c7adc418eb2e62b8422389) Importer(815301076,1909f56bfc062723c751e8b465ee728b)  -> (artifact id: 'd17dc882cef9225d91f8bcbc2c6c1ad9') in 0.040749 seconds 
========================================================================
Received Import Request.
  Time since last request: 0.000038 seconds.
  path: Assets/Playing Cards/Resource/Prefab/BackColor_Black/Black_PlayingCards_Diamond05_00.prefab
  artifactKey: Guid(e4e6b9e25c5823640abf889c4d74db76) Importer(815301076,1909f56bfc062723c751e8b465ee728b)
Start importing Assets/Playing Cards/Resource/Prefab/BackColor_Black/Black_PlayingCards_Diamond05_00.prefab using Guid(e4e6b9e25c5823640abf889c4d74db76) Importer(815301076,1909f56bfc062723c751e8b465ee728b)  -> (artifact id: 'a69285f4a4f6e71e079b101fe0342c71') in 0.023210 seconds 
========================================================================
Received Import Request.
  Time since last request: 0.000024 seconds.
  path: Assets/Playing Cards/Resource/Prefab/BackColor_Black/Black_PlayingCards_Heart02_00.prefab
  artifactKey: Guid(2ad329a434b409941a93f0f343b00e19) Importer(815301076,1909f56bfc062723c751e8b465ee728b)
Start importing Assets/Playing Cards/Resource/Prefab/BackColor_Black/Black_PlayingCards_Heart02_00.prefab using Guid(2ad329a434b409941a93f0f343b00e19) Importer(815301076,1909f56bfc062723c751e8b465ee728b)  -> (artifact id: '3ec02801be7730b7326ea08f885985db') in 0.024846 seconds 
========================================================================
Received Import Request.
  Time since last request: 0.000021 seconds.
  path: Assets/Playing Cards/Resource/Prefab/BackColor_Black/Black_PlayingCards_Diamond07_00.prefab
  artifactKey: Guid(f08b8f0e108d7e849aa4f0ee9711475e) Importer(815301076,1909f56bfc062723c751e8b465ee728b)
Start importing Assets/Playing Cards/Resource/Prefab/BackColor_Black/Black_PlayingCards_Diamond07_00.prefab using Guid(f08b8f0e108d7e849aa4f0ee9711475e) Importer(815301076,1909f56bfc062723c751e8b465ee728b)  -> (artifact id: 'f8ec26a2aa899c7905ca6e78827f97d9') in 0.020701 seconds 
========================================================================
Received Import Request.
  Time since last request: 0.000028 seconds.
  path: Assets/Playing Cards/Resource/Prefab/BackColor_Black/Black_PlayingCards_Heart13_00.prefab
  artifactKey: Guid(cd97ab8d42ef50149ac3fd43ceaf39e1) Importer(815301076,1909f56bfc062723c751e8b465ee728b)
Start importing Assets/Playing Cards/Resource/Prefab/BackColor_Black/Black_PlayingCards_Heart13_00.prefab using Guid(cd97ab8d42ef50149ac3fd43ceaf39e1) Importer(815301076,1909f56bfc062723c751e8b465ee728b)  -> (artifact id: '52df32f4a80598a5e38da01cde1edd35') in 0.022189 seconds 
========================================================================
Received Import Request.
  Time since last request: 0.000032 seconds.
  path: Assets/Playing Cards/Resource/Prefab/BackColor_Black/Black_PlayingCards_Spade12_00.prefab
  artifactKey: Guid(091c8ef8838faba4b9cdbfacfd334e3e) Importer(815301076,1909f56bfc062723c751e8b465ee728b)
Start importing Assets/Playing Cards/Resource/Prefab/BackColor_Black/Black_PlayingCards_Spade12_00.prefab using Guid(091c8ef8838faba4b9cdbfacfd334e3e) Importer(815301076,1909f56bfc062723c751e8b465ee728b)  -> (artifact id: '9f3acdd95aebfc7191458226c7336653') in 0.025397 seconds 
========================================================================
Received Import Request.
  Time since last request: 0.000026 seconds.
  path: Assets/Playing Cards/Resource/Prefab/BackColor_Black/Black_PlayingCards_Spade07_00.prefab
  artifactKey: Guid(90b9cbbb587544247b843c1e997ff060) Importer(815301076,1909f56bfc062723c751e8b465ee728b)
Start importing Assets/Playing Cards/Resource/Prefab/BackColor_Black/Black_PlayingCards_Spade07_00.prefab using Guid(90b9cbbb587544247b843c1e997ff060) Importer(815301076,1909f56bfc062723c751e8b465ee728b)  -> (artifact id: 'e876f67586aa9b7f768f75810f4a2b5b') in 0.023839 seconds 
========================================================================
Received Import Request.
  Time since last request: 0.000030 seconds.
  path: Assets/Playing Cards/Resource/Prefab/BackColor_Black/Black_PlayingCards_Heart11_00.prefab
  artifactKey: Guid(4b7b96de18487b0428cdfe7a82b63bd2) Importer(815301076,1909f56bfc062723c751e8b465ee728b)
Start importing Assets/Playing Cards/Resource/Prefab/BackColor_Black/Black_PlayingCards_Heart11_00.prefab using Guid(4b7b96de18487b0428cdfe7a82b63bd2) Importer(815301076,1909f56bfc062723c751e8b465ee728b)  -> (artifact id: 'ef4e7c9bbf8fec7a54ce28b39649d5b3') in 0.036440 seconds 
========================================================================
Received Import Request.
  Time since last request: 0.000041 seconds.
  path: Assets/Playing Cards/Resource/Prefab/BackColor_Black/Black_LittleDeck_00.prefab
  artifactKey: Guid(96a1242c4b2cecc48b675881bae31930) Importer(815301076,1909f56bfc062723c751e8b465ee728b)
Start importing Assets/Playing Cards/Resource/Prefab/BackColor_Black/Black_LittleDeck_00.prefab using Guid(96a1242c4b2cecc48b675881bae31930) Importer(815301076,1909f56bfc062723c751e8b465ee728b)  -> (artifact id: 'bde6bfc87e078c46878a6586e67fd62a') in 0.311610 seconds 
========================================================================
Received Import Request.
  Time since last request: 0.000032 seconds.
  path: Assets/Playing Cards/Resource/Prefab/BackColor_Black/Black_PlayingCards_Diamond10_00.prefab
  artifactKey: Guid(8c7d6e3bfa2b5524b9506499c21ad9ed) Importer(815301076,1909f56bfc062723c751e8b465ee728b)
Start importing Assets/Playing Cards/Resource/Prefab/BackColor_Black/Black_PlayingCards_Diamond10_00.prefab using Guid(8c7d6e3bfa2b5524b9506499c21ad9ed) Importer(815301076,1909f56bfc062723c751e8b465ee728b)  -> (artifact id: 'b4152fbc8dba90ed9d72c6672b1a4184') in 0.023026 seconds 
========================================================================
Received Import Request.
  Time since last request: 0.000042 seconds.
  path: Assets/Playing Cards/Resource/Prefab/BackColor_Black/Black_PlayingCards_Club05_00.prefab
  artifactKey: Guid(9d79033ce0ee51e42a6c58859a34d1bf) Importer(815301076,1909f56bfc062723c751e8b465ee728b)
Start importing Assets/Playing Cards/Resource/Prefab/BackColor_Black/Black_PlayingCards_Club05_00.prefab using Guid(9d79033ce0ee51e42a6c58859a34d1bf) Importer(815301076,1909f56bfc062723c751e8b465ee728b)  -> (artifact id: '4f7813b34787e9e8b6e7e7c2251c308d') in 0.023915 seconds 
========================================================================
Received Import Request.
  Time since last request: 0.000023 seconds.
  path: Assets/Playing Cards/Resource/Prefab/BackColor_Black/Black_PlayingCards_Spade11_00.prefab
  artifactKey: Guid(c789c03cd4abcb14a86c584c0f14acf3) Importer(815301076,1909f56bfc062723c751e8b465ee728b)
Start importing Assets/Playing Cards/Resource/Prefab/BackColor_Black/Black_PlayingCards_Spade11_00.prefab using Guid(c789c03cd4abcb14a86c584c0f14acf3) Importer(815301076,1909f56bfc062723c751e8b465ee728b)  -> (artifact id: 'ba5b9027d2938ab85770cd1b603b996f') in 0.023961 seconds 
========================================================================
Received Import Request.
  Time since last request: 0.000027 seconds.
  path: Assets/Playing Cards/Resource/Prefab/BackColor_Black/Black_PlayingCards_Heart06_00.prefab
  artifactKey: Guid(678ad90abddb61244a376d80176fd222) Importer(815301076,1909f56bfc062723c751e8b465ee728b)
Start importing Assets/Playing Cards/Resource/Prefab/BackColor_Black/Black_PlayingCards_Heart06_00.prefab using Guid(678ad90abddb61244a376d80176fd222) Importer(815301076,1909f56bfc062723c751e8b465ee728b)  -> (artifact id: '5ee3a22be6772c310d144a26db88fa10') in 0.024710 seconds 
========================================================================
Received Import Request.
  Time since last request: 0.000037 seconds.
  path: Assets/Playing Cards/Resource/Prefab/BackColor_Black/Black_PlayingCards_Heart04_00.prefab
  artifactKey: Guid(1e6cedcc0d700f6428dd3b4b2028a3d3) Importer(815301076,1909f56bfc062723c751e8b465ee728b)
Start importing Assets/Playing Cards/Resource/Prefab/BackColor_Black/Black_PlayingCards_Heart04_00.prefab using Guid(1e6cedcc0d700f6428dd3b4b2028a3d3) Importer(815301076,1909f56bfc062723c751e8b465ee728b)  -> (artifact id: 'cc6dafd951d2df7890b94b1fefab124c') in 0.025555 seconds 
========================================================================
Received Import Request.
  Time since last request: 0.000021 seconds.
  path: Assets/Playing Cards/Resource/Prefab/BackColor_Black/Black_PlayingCards_Spade03_00.prefab
  artifactKey: Guid(6e04802004627984c9f8a45567c831d5) Importer(815301076,1909f56bfc062723c751e8b465ee728b)
Start importing Assets/Playing Cards/Resource/Prefab/BackColor_Black/Black_PlayingCards_Spade03_00.prefab using Guid(6e04802004627984c9f8a45567c831d5) Importer(815301076,1909f56bfc062723c751e8b465ee728b)  -> (artifact id: '9cd48f1177dfe42c3ce1e74cd4b36513') in 0.023310 seconds 
========================================================================
Received Import Request.
  Time since last request: 0.000020 seconds.
  path: Assets/Playing Cards/Resource/Prefab/BackColor_Black/Black_PlayingCards_Club06_00.prefab
  artifactKey: Guid(3ebc3c32e60c5f84b942bdfeded6669d) Importer(815301076,1909f56bfc062723c751e8b465ee728b)
Start importing Assets/Playing Cards/Resource/Prefab/BackColor_Black/Black_PlayingCards_Club06_00.prefab using Guid(3ebc3c32e60c5f84b942bdfeded6669d) Importer(815301076,1909f56bfc062723c751e8b465ee728b)  -> (artifact id: '69d711133e981fe4b277c5225b12f49b') in 0.021557 seconds 
========================================================================
Received Import Request.
  Time since last request: 0.000022 seconds.
  path: Assets/Playing Cards/Resource/Prefab/BackColor_Black/Black_PlayingCards_Spade10_00.prefab
  artifactKey: Guid(ed16705f484caad438170679afeb5912) Importer(815301076,1909f56bfc062723c751e8b465ee728b)
Start importing Assets/Playing Cards/Resource/Prefab/BackColor_Black/Black_PlayingCards_Spade10_00.prefab using Guid(ed16705f484caad438170679afeb5912) Importer(815301076,1909f56bfc062723c751e8b465ee728b)  -> (artifact id: '6464706b0630a7bd479ec52caf93f1b0') in 0.023711 seconds 
========================================================================
Received Import Request.
  Time since last request: 0.000028 seconds.
  path: Assets/Playing Cards/Resource/Prefab/BackColor_Black/Black_ManyDeck_00.prefab
  artifactKey: Guid(3a44067c0ee743248a1cac0132a41d0b) Importer(815301076,1909f56bfc062723c751e8b465ee728b)
Start importing Assets/Playing Cards/Resource/Prefab/BackColor_Black/Black_ManyDeck_00.prefab using Guid(3a44067c0ee743248a1cac0132a41d0b) Importer(815301076,1909f56bfc062723c751e8b465ee728b)  -> (artifact id: '6569b19941bf39ba8e80f758164a9ae1') in 0.035220 seconds 
========================================================================
Received Import Request.
  Time since last request: 0.000034 seconds.
  path: Assets/Playing Cards/Resource/Prefab/BackColor_Black/Black_PlayingCards_Heart05_00.prefab
  artifactKey: Guid(fd18434b1453ebc4f9650cfea2c495dc) Importer(815301076,1909f56bfc062723c751e8b465ee728b)
Start importing Assets/Playing Cards/Resource/Prefab/BackColor_Black/Black_PlayingCards_Heart05_00.prefab using Guid(fd18434b1453ebc4f9650cfea2c495dc) Importer(815301076,1909f56bfc062723c751e8b465ee728b)  -> (artifact id: '275ee5c34c9379de7e7ca06a2fdf42e3') in 0.026327 seconds 
========================================================================
Received Import Request.
  Time since last request: 0.000027 seconds.
  path: Assets/Playing Cards/Resource/Prefab/BackColor_Black/Black_PlayingCards_Club02_00.prefab
  artifactKey: Guid(6c9b2965e4120f541b883fbb75e502f1) Importer(815301076,1909f56bfc062723c751e8b465ee728b)
Start importing Assets/Playing Cards/Resource/Prefab/BackColor_Black/Black_PlayingCards_Club02_00.prefab using Guid(6c9b2965e4120f541b883fbb75e502f1) Importer(815301076,1909f56bfc062723c751e8b465ee728b)  -> (artifact id: '241491a3d626ec4c1da43dcebe401638') in 0.023806 seconds 
========================================================================
Received Import Request.
  Time since last request: 0.000024 seconds.
  path: Assets/Playing Cards/Resource/Prefab/BackColor_Black/Black_PlayingCards_Diamond03_00.prefab
  artifactKey: Guid(42603f2e84ec0d940a0fba4737cf9270) Importer(815301076,1909f56bfc062723c751e8b465ee728b)
Start importing Assets/Playing Cards/Resource/Prefab/BackColor_Black/Black_PlayingCards_Diamond03_00.prefab using Guid(42603f2e84ec0d940a0fba4737cf9270) Importer(815301076,1909f56bfc062723c751e8b465ee728b)  -> (artifact id: 'c63ecf24ad547965b76b46aa1418a582') in 0.024578 seconds 
========================================================================
Received Import Request.
  Time since last request: 0.000036 seconds.
  path: Assets/Playing Cards/Resource/Prefab/BackColor_Black/Black_PlayingCards_Spade02_00.prefab
  artifactKey: Guid(87a4584f10819a14e93074577ea70754) Importer(815301076,1909f56bfc062723c751e8b465ee728b)
Start importing Assets/Playing Cards/Resource/Prefab/BackColor_Black/Black_PlayingCards_Spade02_00.prefab using Guid(87a4584f10819a14e93074577ea70754) Importer(815301076,1909f56bfc062723c751e8b465ee728b)  -> (artifact id: 'd8a92d4afd1f025bb99bcb2febf30e15') in 0.026908 seconds 
========================================================================
Received Import Request.
  Time since last request: 0.000024 seconds.
  path: Assets/Playing Cards/Resource/Prefab/BackColor_Black/Black_PlayingCards_Diamond11_00.prefab
  artifactKey: Guid(68b65760d33ca964aac9df6a35aa8477) Importer(815301076,1909f56bfc062723c751e8b465ee728b)
Start importing Assets/Playing Cards/Resource/Prefab/BackColor_Black/Black_PlayingCards_Diamond11_00.prefab using Guid(68b65760d33ca964aac9df6a35aa8477) Importer(815301076,1909f56bfc062723c751e8b465ee728b)  -> (artifact id: '4dfbdf9492e39f1d1587efea1daf37e1') in 0.025486 seconds 
========================================================================
Received Import Request.
  Time since last request: 0.000021 seconds.
  path: Assets/Playing Cards/Resource/Prefab/BackColor_Black/Black_PlayingCards_Joker_10.prefab
  artifactKey: Guid(2b464ae7f2a03c344b5aef06b7819352) Importer(815301076,1909f56bfc062723c751e8b465ee728b)
Start importing Assets/Playing Cards/Resource/Prefab/BackColor_Black/Black_PlayingCards_Joker_10.prefab using Guid(2b464ae7f2a03c344b5aef06b7819352) Importer(815301076,1909f56bfc062723c751e8b465ee728b)  -> (artifact id: '6d36ac01950ddc102e8e1f0fec3bb965') in 0.024139 seconds 
========================================================================
Received Import Request.
  Time since last request: 37.493226 seconds.
  path: Assets/Playing Cards/Resource/Prefab/BackColor_Black/Black_RifleShuffle_First_00.prefab
  artifactKey: Guid(fd01c2724d9735345bbfa9261277c757) Importer(815301076,1909f56bfc062723c751e8b465ee728b)
Start importing Assets/Playing Cards/Resource/Prefab/BackColor_Black/Black_RifleShuffle_First_00.prefab using Guid(fd01c2724d9735345bbfa9261277c757) Importer(815301076,1909f56bfc062723c751e8b465ee728b)  -> (artifact id: '79654293bdc259cadec8e379eced8007') in 0.297073 seconds 
Editor requested this worker to shutdown with reason: Scaling down because of idle timeout
AssetImportWorker is now disconnected from the server
Process exiting
Exiting without the bug reporter. Application will terminate with return code 0