Using pre-set license
Built from '2021.3/staging' branch; Version is '2021.3.25f1 (68ef2c4f8861) revision 6876972'; Using compiler version '192829333'; Build Type 'Release'
OS: 'Windows 11  (10.0.22631) 64bit Core' Language: 'ja' Physical Memory: 16314 MB
BatchMode: 1, IsHumanControllingUs: 0, StartBugReporterOnCrash: 0, Is64bit: 1, IsPro: 1

COMMAND LINE ARGUMENTS:
C:\Users\uya11\Documents\unityeditor\2021.3.25f1\Editor\Unity.exe
-adb2
-batchMode
-noUpm
-name
AssetImportWorker2
-projectPath
C:/unity/PlayingCards
-logFile
Logs/AssetImportWorker2.log
-srvPort
51246
Successfully changed project path to: C:/unity/PlayingCards
C:/unity/PlayingCards
[UnityMemory] Configuration Parameters - Can be set up in boot.config
    "memorysetup-bucket-allocator-granularity=16"
    "memorysetup-bucket-allocator-bucket-count=8"
    "memorysetup-bucket-allocator-block-size=33554432"
    "memorysetup-bucket-allocator-block-count=8"
    "memorysetup-main-allocator-block-size=16777216"
    "memorysetup-thread-allocator-block-size=16777216"
    "memorysetup-gfx-main-allocator-block-size=16777216"
    "memorysetup-gfx-thread-allocator-block-size=16777216"
    "memorysetup-cache-allocator-block-size=4194304"
    "memorysetup-typetree-allocator-block-size=2097152"
    "memorysetup-profiler-bucket-allocator-granularity=16"
    "memorysetup-profiler-bucket-allocator-bucket-count=8"
    "memorysetup-profiler-bucket-allocator-block-size=33554432"
    "memorysetup-profiler-bucket-allocator-block-count=8"
    "memorysetup-profiler-allocator-block-size=16777216"
    "memorysetup-profiler-editor-allocator-block-size=1048576"
    "memorysetup-temp-allocator-size-main=16777216"
    "memorysetup-job-temp-allocator-block-size=2097152"
    "memorysetup-job-temp-allocator-block-size-background=1048576"
    "memorysetup-job-temp-allocator-reduction-small-platforms=262144"
    "memorysetup-temp-allocator-size-background-worker=32768"
    "memorysetup-temp-allocator-size-job-worker=262144"
    "memorysetup-temp-allocator-size-preload-manager=33554432"
    "memorysetup-temp-allocator-size-nav-mesh-worker=65536"
    "memorysetup-temp-allocator-size-audio-worker=65536"
    "memorysetup-temp-allocator-size-cloud-worker=32768"
    "memorysetup-temp-allocator-size-gi-baking-worker=262144"
    "memorysetup-temp-allocator-size-gfx=262144"
Player connection [32332] Host "[IP] 192.168.3.3 [Port] 0 [Flags] 2 [Guid] 3380955022 [EditorId] 3380955022 [Version] 1048832 [Id] WindowsEditor(7,DESKTOP-CDQBK3O) [Debug] 1 [PackageName] WindowsEditor [ProjectName] Editor" joined multi-casting on [225.0.0.222:54997]...

Player connection [32332] Host "[IP] 192.168.3.3 [Port] 0 [Flags] 2 [Guid] 3380955022 [EditorId] 3380955022 [Version] 1048832 [Id] WindowsEditor(7,DESKTOP-CDQBK3O) [Debug] 1 [PackageName] WindowsEditor [ProjectName] Editor" joined alternative multi-casting on [225.0.0.222:34997]...

Refreshing native plugins compatible for Editor in 88.56 ms, found 3 plugins.
Preloading 0 native plugins for Editor in 0.00 ms.
Initialize engine version: 2021.3.25f1 (68ef2c4f8861)
[Subsystems] Discovering subsystems at path C:/Users/uya11/Documents/unityeditor/2021.3.25f1/Editor/Data/Resources/UnitySubsystems
[Subsystems] Discovering subsystems at path C:/unity/PlayingCards/Assets
GfxDevice: creating device client; threaded=0; jobified=0
Direct3D:
    Version:  Direct3D 11.0 [level 11.1]
    Renderer: AMD Radeon RX 6700 XT (ID=0x73df)
    Vendor:   ATI
    VRAM:     12242 MB
    Driver:   31.0.24031.5001
Initialize mono
Mono path[0] = 'C:/Users/uya11/Documents/unityeditor/2021.3.25f1/Editor/Data/Managed'
Mono path[1] = 'C:/Users/uya11/Documents/unityeditor/2021.3.25f1/Editor/Data/MonoBleedingEdge/lib/mono/unityjit-win32'
Mono config path = 'C:/Users/uya11/Documents/unityeditor/2021.3.25f1/Editor/Data/MonoBleedingEdge/etc'
Using monoOptions --debugger-agent=transport=dt_socket,embedding=1,server=y,suspend=n,address=127.0.0.1:56456
Begin MonoManager ReloadAssembly
Registering precompiled unity dll's ...
Register platform support module: C:/Users/uya11/Documents/unityeditor/2021.3.25f1/Editor/Data/PlaybackEngines/WebGLSupport/UnityEditor.WebGL.Extensions.dll
Register platform support module: C:/Users/uya11/Documents/unityeditor/2021.3.25f1/Editor/Data/PlaybackEngines/AndroidPlayer/UnityEditor.Android.Extensions.dll
Register platform support module: C:/Users/uya11/Documents/unityeditor/2021.3.25f1/Editor/Data/PlaybackEngines/iOSSupport/UnityEditor.iOS.Extensions.dll
Register platform support module: C:/Users/uya11/Documents/unityeditor/2021.3.25f1/Editor/Data/PlaybackEngines/WindowsStandaloneSupport/UnityEditor.WindowsStandalone.Extensions.dll
Registered in 0.011007 seconds.
Native extension for WindowsStandalone target not found
[usbmuxd] Start listen thread
[usbmuxd] Listen thread started
Native extension for iOS target not found
Native extension for Android target not found
Android Extension - Scanning For ADB Devices 426 ms
Native extension for WebGL target not found
Refreshing native plugins compatible for Editor in 88.28 ms, found 3 plugins.
Preloading 0 native plugins for Editor in 0.00 ms.
Mono: successfully reloaded assembly
- Completed reload, in  1.245 seconds
Domain Reload Profiling:
	ReloadAssembly (1245ms)
		BeginReloadAssembly (102ms)
			ExecutionOrderSort (0ms)
			DisableScriptedObjects (0ms)
			BackupInstance (0ms)
			ReleaseScriptingObjects (0ms)
			CreateAndSetChildDomain (1ms)
		EndReloadAssembly (1028ms)
			LoadAssemblies (99ms)
			RebuildTransferFunctionScriptingTraits (0ms)
			SetupTypeCache (123ms)
			ReleaseScriptCaches (0ms)
			RebuildScriptCaches (68ms)
			SetupLoadedEditorAssemblies (765ms)
				LogAssemblyErrors (0ms)
				InitializePlatformSupportModulesInManaged (539ms)
				SetLoadedEditorAssemblies (0ms)
				RefreshPlugins (88ms)
				BeforeProcessingInitializeOnLoad (1ms)
				ProcessInitializeOnLoadAttributes (93ms)
				ProcessInitializeOnLoadMethodAttributes (43ms)
				AfterProcessingInitializeOnLoad (0ms)
				EditorAssembliesLoaded (0ms)
			ExecutionOrderSort2 (0ms)
			AwakeInstancesAfterBackupRestoration (0ms)
Platform modules already initialized, skipping
Registering precompiled user dll's ...
Registered in 0.009721 seconds.
Begin MonoManager ReloadAssembly
Symbol file LoadedFromMemory doesn't match image C:\unity\PlayingCards\Library\PackageCache\com.unity.visualscripting@1.8.0\Editor\VisualScripting.Core\Dependencies\YamlDotNet\Unity.VisualScripting.YamlDotNet.dll
Symbol file LoadedFromMemory doesn't match image C:\unity\PlayingCards\Library\PackageCache\com.unity.visualscripting@1.8.0\Editor\VisualScripting.Core\Dependencies\DotNetZip\Unity.VisualScripting.IonicZip.dll
Native extension for WindowsStandalone target not found
Native extension for iOS target not found
Native extension for Android target not found
Native extension for WebGL target not found
Refreshing native plugins compatible for Editor in 0.86 ms, found 3 plugins.
Preloading 0 native plugins for Editor in 0.00 ms.
Mono: successfully reloaded assembly
- Completed reload, in  1.107 seconds
Domain Reload Profiling:
	ReloadAssembly (1108ms)
		BeginReloadAssembly (130ms)
			ExecutionOrderSort (0ms)
			DisableScriptedObjects (6ms)
			BackupInstance (0ms)
			ReleaseScriptingObjects (0ms)
			CreateAndSetChildDomain (23ms)
		EndReloadAssembly (854ms)
			LoadAssemblies (108ms)
			RebuildTransferFunctionScriptingTraits (0ms)
			SetupTypeCache (299ms)
			ReleaseScriptCaches (1ms)
			RebuildScriptCaches (56ms)
			SetupLoadedEditorAssemblies (360ms)
				LogAssemblyErrors (0ms)
				InitializePlatformSupportModulesInManaged (33ms)
				SetLoadedEditorAssemblies (0ms)
				RefreshPlugins (1ms)
				BeforeProcessingInitializeOnLoad (88ms)
				ProcessInitializeOnLoadAttributes (209ms)
				ProcessInitializeOnLoadMethodAttributes (19ms)
				AfterProcessingInitializeOnLoad (10ms)
				EditorAssembliesLoaded (0ms)
			ExecutionOrderSort2 (0ms)
			AwakeInstancesAfterBackupRestoration (7ms)
Platform modules already initialized, skipping
========================================================================
Worker process is ready to serve import requests
Launched and connected shader compiler UnityShaderCompiler.exe after 0.07 seconds
Refreshing native plugins compatible for Editor in 0.96 ms, found 3 plugins.
Preloading 0 native plugins for Editor in 0.00 ms.
Unloading 3062 Unused Serialized files (Serialized files now loaded: 0)
Unloading 27 unused Assets / (342.0 KB). Loaded Objects now: 3529.
Memory consumption went from 118.8 MB to 118.5 MB.
Total: 4.111000 ms (FindLiveObjects: 0.575500 ms CreateObjectMapping: 0.110000 ms MarkObjects: 3.260900 ms  DeleteObjects: 0.163300 ms)

AssetImportParameters requested are different than current active one (requested -> active):
  custom:video-decoder-ogg-theora: a1e56fd34408186e4bbccfd4996cb3dc -> 
  custom:container-muxer-webm: aa71ff27fc2769a1b78a27578f13a17b -> 
  custom:container-demuxer-webm: 4f35f7cbe854078d1ac9338744f61a02 -> 
  custom:video-encoder-webm-vp8: eb34c28f22e8b96e1ab97ce403110664 -> 
  custom:video-codec-MediaFoundation-h265: 746d11721c4dcdbdad8f713fa42b33f4 -> 
  custom:audio-encoder-webm-vorbis: bf7c407c2cedff20999df2af8eb42d56 -> 
  custom:framework-win-MediaFoundation: 216162199b28c13a410421893ffa2e32 -> 
  custom:container-demuxer-ogg: 62fdf1f143b41e24485cea50d1cbac27 -> 
  custom:video-decoder-webm-vp8: 9c59270c3fd7afecdb556c50c9e8de78 -> 
  custom:audio-decoder-ogg-vorbis: bf7c407c2cedff20999df2af8eb42d56 -> 
========================================================================
Received Import Request.
  Time since last request: 384548.681226 seconds.
  path: Assets/Playing Cards/Resource/Model/Spread_00.fbx
  artifactKey: Guid(74c8fdad6bf1c784a90cd94ff238cab2) Importer(815301076,1909f56bfc062723c751e8b465ee728b)
Start importing Assets/Playing Cards/Resource/Model/Spread_00.fbx using Guid(74c8fdad6bf1c784a90cd94ff238cab2) Importer(815301076,1909f56bfc062723c751e8b465ee728b)  -> (artifact id: '0a67ebdbc7d97e9cf75bb9801353bce5') in 0.511649 seconds 
========================================================================
Received Import Request.
  Time since last request: 0.000041 seconds.
  path: Assets/Playing Cards/Resource/Model/Table_Square_00.fbx
  artifactKey: Guid(73bb6cab5d91c2b4b8cbadc1ae621f20) Importer(815301076,1909f56bfc062723c751e8b465ee728b)
Start importing Assets/Playing Cards/Resource/Model/Table_Square_00.fbx using Guid(73bb6cab5d91c2b4b8cbadc1ae621f20) Importer(815301076,1909f56bfc062723c751e8b465ee728b)  -> (artifact id: '60172af0c99a137f5ed5c831aaa67f3d') in 0.026313 seconds 
========================================================================
Received Import Request.
  Time since last request: 0.000053 seconds.
  path: Assets/Playing Cards/Resource/Model/LittleDeck_00.fbx
  artifactKey: Guid(2cc4dde4d2f01d3418f181dce0fc9925) Importer(815301076,1909f56bfc062723c751e8b465ee728b)
Start importing Assets/Playing Cards/Resource/Model/LittleDeck_00.fbx using Guid(2cc4dde4d2f01d3418f181dce0fc9925) Importer(815301076,1909f56bfc062723c751e8b465ee728b)  -> (artifact id: '8fd38e0e5ae036f5ca17185b301764d3') in 0.024578 seconds 
========================================================================
Received Import Request.
  Time since last request: 0.000045 seconds.
  path: Assets/Playing Cards/Resource/Model/CasinoTable_SemiCircle_00.fbx
  artifactKey: Guid(60eea1f6663d1e345ba862e168ffae13) Importer(815301076,1909f56bfc062723c751e8b465ee728b)
Start importing Assets/Playing Cards/Resource/Model/CasinoTable_SemiCircle_00.fbx using Guid(60eea1f6663d1e345ba862e168ffae13) Importer(815301076,1909f56bfc062723c751e8b465ee728b)  -> (artifact id: '7c67d8f36dbee049fcfeb7a62724acad') in 0.031527 seconds 
========================================================================
Received Import Request.
  Time since last request: 0.169765 seconds.
  path: Assets/Playing Cards/Resource/Textures/BackColor_Black_col.tif
  artifactKey: Guid(4e971e766a1d91244b70910f646c762a) Importer(815301076,1909f56bfc062723c751e8b465ee728b)
Start importing Assets/Playing Cards/Resource/Textures/BackColor_Black_col.tif using Guid(4e971e766a1d91244b70910f646c762a) Importer(815301076,1909f56bfc062723c751e8b465ee728b)  -> (artifact id: '836130a9951e12d077578b8b7ce262a3') in 0.036376 seconds 
========================================================================
Received Import Request.
  Time since last request: 0.000025 seconds.
  path: Assets/Playing Cards/Resource/Textures/PlayingCards_Club03_00_col.tif
  artifactKey: Guid(3129c32c90d9c8f47ade866b367d7a4a) Importer(815301076,1909f56bfc062723c751e8b465ee728b)
Start importing Assets/Playing Cards/Resource/Textures/PlayingCards_Club03_00_col.tif using Guid(3129c32c90d9c8f47ade866b367d7a4a) Importer(815301076,1909f56bfc062723c751e8b465ee728b)  -> (artifact id: '629afe8b03ce1bea5906dde545fdf334') in 0.017903 seconds 
========================================================================
Received Import Request.
  Time since last request: 0.000033 seconds.
  path: Assets/Playing Cards/Resource/Textures/PlayingCards_Club09_00_col.tif
  artifactKey: Guid(91a2faf9a8d207f4594de12f20ca0852) Importer(815301076,1909f56bfc062723c751e8b465ee728b)
Start importing Assets/Playing Cards/Resource/Textures/PlayingCards_Club09_00_col.tif using Guid(91a2faf9a8d207f4594de12f20ca0852) Importer(815301076,1909f56bfc062723c751e8b465ee728b)  -> (artifact id: '54ccfaece6d8cd25461f4d6db0bfdeea') in 0.017840 seconds 
========================================================================
Received Import Request.
  Time since last request: 0.000032 seconds.
  path: Assets/Playing Cards/Resource/Textures/PlayingCards_Club13_00_col.tif
  artifactKey: Guid(7bf5ece58f69ec841963dd62dd485bdb) Importer(815301076,1909f56bfc062723c751e8b465ee728b)
Start importing Assets/Playing Cards/Resource/Textures/PlayingCards_Club13_00_col.tif using Guid(7bf5ece58f69ec841963dd62dd485bdb) Importer(815301076,1909f56bfc062723c751e8b465ee728b)  -> (artifact id: 'aad1d47cb93eca5ab7961f2fe254ff69') in 0.018266 seconds 
========================================================================
Received Import Request.
  Time since last request: 0.000027 seconds.
  path: Assets/Playing Cards/Resource/Textures/PlayingCards_Diamond05_00_col.tif
  artifactKey: Guid(4fefcdc232bbd73408c008727fc4aaf8) Importer(815301076,1909f56bfc062723c751e8b465ee728b)
Start importing Assets/Playing Cards/Resource/Textures/PlayingCards_Diamond05_00_col.tif using Guid(4fefcdc232bbd73408c008727fc4aaf8) Importer(815301076,1909f56bfc062723c751e8b465ee728b)  -> (artifact id: '90209c569702b34b7f7863e3f75e0c91') in 0.019675 seconds 
========================================================================
Received Import Request.
  Time since last request: 0.000038 seconds.
  path: Assets/Playing Cards/Resource/Textures/DeckBlack_col.tif
  artifactKey: Guid(3e57ce50e2e854741bcb61fd60ab0b06) Importer(815301076,1909f56bfc062723c751e8b465ee728b)
Start importing Assets/Playing Cards/Resource/Textures/DeckBlack_col.tif using Guid(3e57ce50e2e854741bcb61fd60ab0b06) Importer(815301076,1909f56bfc062723c751e8b465ee728b)  -> (artifact id: '59483171ec8fc41780379b95e9115745') in 0.018955 seconds 
========================================================================
Received Import Request.
  Time since last request: 0.000022 seconds.
  path: Assets/Playing Cards/Resource/Textures/CasinoTable_SemiCircle_mtl.tif
  artifactKey: Guid(ee2b9ce73f713db4898c983290dc2f71) Importer(815301076,1909f56bfc062723c751e8b465ee728b)
Start importing Assets/Playing Cards/Resource/Textures/CasinoTable_SemiCircle_mtl.tif using Guid(ee2b9ce73f713db4898c983290dc2f71) Importer(815301076,1909f56bfc062723c751e8b465ee728b)  -> (artifact id: '792fcdcbc200d0053ed01d96c1a61601') in 0.028898 seconds 
========================================================================
Received Import Request.
  Time since last request: 0.000034 seconds.
  path: Assets/Playing Cards/Resource/Textures/CasinoTable_SemiCircle_col.tif
  artifactKey: Guid(fac585d0e2ff15544bb8053c60a1de9d) Importer(815301076,1909f56bfc062723c751e8b465ee728b)
Start importing Assets/Playing Cards/Resource/Textures/CasinoTable_SemiCircle_col.tif using Guid(fac585d0e2ff15544bb8053c60a1de9d) Importer(815301076,1909f56bfc062723c751e8b465ee728b)  -> (artifact id: '61000a86077aae82818a695549cb22e4') in 0.019747 seconds 
========================================================================
Received Import Request.
  Time since last request: 0.000053 seconds.
  path: Assets/Playing Cards/Resource/Textures/PlayingCards_Spade07_00_col.tif
  artifactKey: Guid(f58852cd3c60c4f48b2354eefffe1e9b) Importer(815301076,1909f56bfc062723c751e8b465ee728b)
Start importing Assets/Playing Cards/Resource/Textures/PlayingCards_Spade07_00_col.tif using Guid(f58852cd3c60c4f48b2354eefffe1e9b) Importer(815301076,1909f56bfc062723c751e8b465ee728b)  -> (artifact id: '158989a0b5497b4f88fd5e63bd8e9407') in 0.018686 seconds 
========================================================================
Received Import Request.
  Time since last request: 0.000039 seconds.
  path: Assets/Playing Cards/Resource/Textures/PlayingCards_Spade09_00_col.tif
  artifactKey: Guid(56b5512ae4cf634459ea5bd3b6eed559) Importer(815301076,1909f56bfc062723c751e8b465ee728b)
Start importing Assets/Playing Cards/Resource/Textures/PlayingCards_Spade09_00_col.tif using Guid(56b5512ae4cf634459ea5bd3b6eed559) Importer(815301076,1909f56bfc062723c751e8b465ee728b)  -> (artifact id: 'a9d34b0fec61bb82c14f717aabb3e5bd') in 0.021790 seconds 
========================================================================
Received Import Request.
  Time since last request: 0.000056 seconds.
  path: Assets/Playing Cards/Resource/Textures/PlayingCards_Heart06_00_col.tif
  artifactKey: Guid(2977e8d2184527741b153860c76a624d) Importer(815301076,1909f56bfc062723c751e8b465ee728b)
Start importing Assets/Playing Cards/Resource/Textures/PlayingCards_Heart06_00_col.tif using Guid(2977e8d2184527741b153860c76a624d) Importer(815301076,1909f56bfc062723c751e8b465ee728b)  -> (artifact id: 'd797d0ab9fdb560393925ec1e14d7f47') in 0.017285 seconds 
========================================================================
Received Import Request.
  Time since last request: 0.000042 seconds.
  path: Assets/Playing Cards/Resource/Textures/PlayingCards_Club11_00_col.tif
  artifactKey: Guid(689d75ec162b652479807c9e8746a36b) Importer(815301076,1909f56bfc062723c751e8b465ee728b)
Start importing Assets/Playing Cards/Resource/Textures/PlayingCards_Club11_00_col.tif using Guid(689d75ec162b652479807c9e8746a36b) Importer(815301076,1909f56bfc062723c751e8b465ee728b)  -> (artifact id: '488ec1050e85ba1b11781a143a55de0b') in 0.018722 seconds 
========================================================================
Received Import Request.
  Time since last request: 0.000032 seconds.
  path: Assets/Playing Cards/Resource/Textures/PlayingCards_Diamond10_00_col.tif
  artifactKey: Guid(3d596c1d428efba4997d49c3c08a7317) Importer(815301076,1909f56bfc062723c751e8b465ee728b)
Start importing Assets/Playing Cards/Resource/Textures/PlayingCards_Diamond10_00_col.tif using Guid(3d596c1d428efba4997d49c3c08a7317) Importer(815301076,1909f56bfc062723c751e8b465ee728b)  -> (artifact id: '69e142eee5e92d010fe59d9870e9a296') in 0.016699 seconds 
========================================================================
Received Import Request.
  Time since last request: 0.000036 seconds.
  path: Assets/Playing Cards/Resource/Textures/PlayingCards_Diamond09_00_col.tif
  artifactKey: Guid(32f8d2f974d148d448903fd38d6e6f94) Importer(815301076,1909f56bfc062723c751e8b465ee728b)
Start importing Assets/Playing Cards/Resource/Textures/PlayingCards_Diamond09_00_col.tif using Guid(32f8d2f974d148d448903fd38d6e6f94) Importer(815301076,1909f56bfc062723c751e8b465ee728b)  -> (artifact id: '42667dc6f66fac0e76d30767daf79c49') in 0.018078 seconds 
========================================================================
Received Import Request.
  Time since last request: 0.000036 seconds.
  path: Assets/Playing Cards/Resource/Textures/PlayingCards_Diamond06_00_col.tif
  artifactKey: Guid(991e83b7edb320a43a03183afef366ba) Importer(815301076,1909f56bfc062723c751e8b465ee728b)
Start importing Assets/Playing Cards/Resource/Textures/PlayingCards_Diamond06_00_col.tif using Guid(991e83b7edb320a43a03183afef366ba) Importer(815301076,1909f56bfc062723c751e8b465ee728b)  -> (artifact id: 'a272236b794a3fb52f0315fb8f102a75') in 0.019006 seconds 
========================================================================
Received Import Request.
  Time since last request: 0.000036 seconds.
  path: Assets/Playing Cards/Resource/Textures/PlayingCards_Heart03_00_col.tif
  artifactKey: Guid(efae0f6ab38f66640adffcb7a95abadf) Importer(815301076,1909f56bfc062723c751e8b465ee728b)
Start importing Assets/Playing Cards/Resource/Textures/PlayingCards_Heart03_00_col.tif using Guid(efae0f6ab38f66640adffcb7a95abadf) Importer(815301076,1909f56bfc062723c751e8b465ee728b)  -> (artifact id: '51c381455d1cac3704ec5ddc2a4707c6') in 0.018447 seconds 
========================================================================
Received Import Request.
  Time since last request: 0.000036 seconds.
  path: Assets/Playing Cards/Resource/Textures/PlayingCards_Heart10_00_col.tif
  artifactKey: Guid(d50f3005794d2b246849c742cd679042) Importer(815301076,1909f56bfc062723c751e8b465ee728b)
Start importing Assets/Playing Cards/Resource/Textures/PlayingCards_Heart10_00_col.tif using Guid(d50f3005794d2b246849c742cd679042) Importer(815301076,1909f56bfc062723c751e8b465ee728b)  -> (artifact id: '9cafd872c3c77a24d9e7773df91262b4') in 0.020281 seconds 
========================================================================
Received Import Request.
  Time since last request: 0.000030 seconds.
  path: Assets/Playing Cards/Resource/Textures/CasinoChip_nml.tif
  artifactKey: Guid(11c87bb8980fa3f458d74d6bdcbd8da6) Importer(815301076,1909f56bfc062723c751e8b465ee728b)
Start importing Assets/Playing Cards/Resource/Textures/CasinoChip_nml.tif using Guid(11c87bb8980fa3f458d74d6bdcbd8da6) Importer(815301076,1909f56bfc062723c751e8b465ee728b)  -> (artifact id: '256089287a263b8e11caa0c6ca6aa49c') in 0.027826 seconds 
========================================================================
Received Import Request.
  Time since last request: 0.000046 seconds.
  path: Assets/Playing Cards/Resource/Textures/PlayingCards_Heart13_00_col.tif
  artifactKey: Guid(d10e1bbb6b98a5640aaa904c370bc7fe) Importer(815301076,1909f56bfc062723c751e8b465ee728b)
Start importing Assets/Playing Cards/Resource/Textures/PlayingCards_Heart13_00_col.tif using Guid(d10e1bbb6b98a5640aaa904c370bc7fe) Importer(815301076,1909f56bfc062723c751e8b465ee728b)  -> (artifact id: '0337f519d1eca3af4d6eb6b47cf49afe') in 0.017174 seconds 
========================================================================
Received Prepare
Registering precompiled user dll's ...
Registered in 0.009169 seconds.
Begin MonoManager ReloadAssembly
Symbol file LoadedFromMemory doesn't match image C:\unity\PlayingCards\Library\PackageCache\com.unity.visualscripting@1.8.0\Editor\VisualScripting.Core\Dependencies\YamlDotNet\Unity.VisualScripting.YamlDotNet.dll
Symbol file LoadedFromMemory doesn't match image C:\unity\PlayingCards\Library\PackageCache\com.unity.visualscripting@1.8.0\Editor\VisualScripting.Core\Dependencies\DotNetZip\Unity.VisualScripting.IonicZip.dll
Native extension for WindowsStandalone target not found
Native extension for iOS target not found
Native extension for Android target not found
Native extension for WebGL target not found
Refreshing native plugins compatible for Editor in 1.00 ms, found 3 plugins.
Preloading 0 native plugins for Editor in 0.00 ms.
Mono: successfully reloaded assembly
- Completed reload, in  1.097 seconds
Domain Reload Profiling:
	ReloadAssembly (1097ms)
		BeginReloadAssembly (173ms)
			ExecutionOrderSort (0ms)
			DisableScriptedObjects (5ms)
			BackupInstance (0ms)
			ReleaseScriptingObjects (0ms)
			CreateAndSetChildDomain (46ms)
		EndReloadAssembly (811ms)
			LoadAssemblies (118ms)
			RebuildTransferFunctionScriptingTraits (0ms)
			SetupTypeCache (307ms)
			ReleaseScriptCaches (2ms)
			RebuildScriptCaches (46ms)
			SetupLoadedEditorAssemblies (316ms)
				LogAssemblyErrors (0ms)
				InitializePlatformSupportModulesInManaged (34ms)
				SetLoadedEditorAssemblies (0ms)
				RefreshPlugins (1ms)
				BeforeProcessingInitializeOnLoad (66ms)
				ProcessInitializeOnLoadAttributes (183ms)
				ProcessInitializeOnLoadMethodAttributes (19ms)
				AfterProcessingInitializeOnLoad (12ms)
				EditorAssembliesLoaded (0ms)
			ExecutionOrderSort2 (0ms)
			AwakeInstancesAfterBackupRestoration (6ms)
Platform modules already initialized, skipping
Refreshing native plugins compatible for Editor in 2.00 ms, found 3 plugins.
Preloading 0 native plugins for Editor in 0.00 ms.
Unloading 3054 Unused Serialized files (Serialized files now loaded: 0)
Unloading 19 unused Assets / (81.0 KB). Loaded Objects now: 3579.
Memory consumption went from 118.6 MB to 118.5 MB.
Total: 4.420800 ms (FindLiveObjects: 0.471100 ms CreateObjectMapping: 0.092600 ms MarkObjects: 3.758500 ms  DeleteObjects: 0.097500 ms)

AssetImportParameters requested are different than current active one (requested -> active):
  custom:video-decoder-ogg-theora: a1e56fd34408186e4bbccfd4996cb3dc -> 
  custom:container-muxer-webm: aa71ff27fc2769a1b78a27578f13a17b -> 
  custom:container-demuxer-webm: 4f35f7cbe854078d1ac9338744f61a02 -> 
  custom:video-encoder-webm-vp8: eb34c28f22e8b96e1ab97ce403110664 -> 
  custom:video-codec-MediaFoundation-h265: 746d11721c4dcdbdad8f713fa42b33f4 -> 
  custom:audio-encoder-webm-vorbis: bf7c407c2cedff20999df2af8eb42d56 -> 
  custom:framework-win-MediaFoundation: 216162199b28c13a410421893ffa2e32 -> 
  custom:container-demuxer-ogg: 62fdf1f143b41e24485cea50d1cbac27 -> 
  custom:video-decoder-webm-vp8: 9c59270c3fd7afecdb556c50c9e8de78 -> 
  custom:audio-decoder-ogg-vorbis: bf7c407c2cedff20999df2af8eb42d56 -> 
========================================================================
Received Import Request.
  Time since last request: 130.524158 seconds.
  path: Assets/Playing Cards/Resource/Prefab/CasinoItem/CasinoChip20_Black_00.prefab
  artifactKey: Guid(a210f3a6cac261c4a802d91d76b886a1) Importer(815301076,1909f56bfc062723c751e8b465ee728b)
Start importing Assets/Playing Cards/Resource/Prefab/CasinoItem/CasinoChip20_Black_00.prefab using Guid(a210f3a6cac261c4a802d91d76b886a1) Importer(815301076,1909f56bfc062723c751e8b465ee728b)  -> (artifact id: '86901b505a76bd8b55b98ba359c907ad') in 0.435778 seconds 
========================================================================
Received Import Request.
  Time since last request: 0.000039 seconds.
  path: Assets/Playing Cards/Resource/Prefab/CasinoItem/CasinoChip_Red_00.prefab
  artifactKey: Guid(dfdbd0003676533429e1a2da8563a50d) Importer(815301076,1909f56bfc062723c751e8b465ee728b)
Start importing Assets/Playing Cards/Resource/Prefab/CasinoItem/CasinoChip_Red_00.prefab using Guid(dfdbd0003676533429e1a2da8563a50d) Importer(815301076,1909f56bfc062723c751e8b465ee728b)  -> (artifact id: '36f556367056df01cb1040699ca2cf26') in 0.030022 seconds 
========================================================================
Received Import Request.
  Time since last request: 0.000044 seconds.
  path: Assets/Playing Cards/Resource/Prefab/CasinoItem/CasinoChip20_Red_00.prefab
  artifactKey: Guid(75e505e91b212b54386db9c4f8437175) Importer(815301076,1909f56bfc062723c751e8b465ee728b)
Start importing Assets/Playing Cards/Resource/Prefab/CasinoItem/CasinoChip20_Red_00.prefab using Guid(75e505e91b212b54386db9c4f8437175) Importer(815301076,1909f56bfc062723c751e8b465ee728b)  -> (artifact id: '30f508efbe9e24b4f65a2dc6a7282199') in 0.034218 seconds 
========================================================================
Received Import Request.
  Time since last request: 0.000027 seconds.
  path: Assets/Playing Cards/Resource/Prefab/CasinoItem/CasinoChip_Green_00.prefab
  artifactKey: Guid(3b7fd375226f3ce438184bbd681b67d1) Importer(815301076,1909f56bfc062723c751e8b465ee728b)
Start importing Assets/Playing Cards/Resource/Prefab/CasinoItem/CasinoChip_Green_00.prefab using Guid(3b7fd375226f3ce438184bbd681b67d1) Importer(815301076,1909f56bfc062723c751e8b465ee728b)  -> (artifact id: '960842634d71a88d7eaf1e4ca49ebf28') in 0.020843 seconds 
========================================================================
Received Import Request.
  Time since last request: 0.000024 seconds.
  path: Assets/Playing Cards/Resource/Prefab/CasinoItem/Table_Square_00.prefab
  artifactKey: Guid(f8a59f4e9fdd7a54e811e96aa28d43b7) Importer(815301076,1909f56bfc062723c751e8b465ee728b)
Start importing Assets/Playing Cards/Resource/Prefab/CasinoItem/Table_Square_00.prefab using Guid(f8a59f4e9fdd7a54e811e96aa28d43b7) Importer(815301076,1909f56bfc062723c751e8b465ee728b)  -> (artifact id: '00d2c63504264561a810e6b2d2b1b041') in 0.023174 seconds 
========================================================================
Received Import Request.
  Time since last request: 0.000027 seconds.
  path: Assets/Playing Cards/Resource/Prefab/CasinoItem/CasinoChip20_White_00.prefab
  artifactKey: Guid(e42242142db731b4895402b24258b777) Importer(815301076,1909f56bfc062723c751e8b465ee728b)
Start importing Assets/Playing Cards/Resource/Prefab/CasinoItem/CasinoChip20_White_00.prefab using Guid(e42242142db731b4895402b24258b777) Importer(815301076,1909f56bfc062723c751e8b465ee728b)  -> (artifact id: '440fd8ea006fb2d9bab98d59f1ae1aca') in 0.022919 seconds 
========================================================================
Received Import Request.
  Time since last request: 0.000027 seconds.
  path: Assets/Playing Cards/Resource/Prefab/CasinoItem/Table_Rectangle_00.prefab
  artifactKey: Guid(8e5a9ad116c83b148bf0b0ef1da5f8c3) Importer(815301076,1909f56bfc062723c751e8b465ee728b)
Start importing Assets/Playing Cards/Resource/Prefab/CasinoItem/Table_Rectangle_00.prefab using Guid(8e5a9ad116c83b148bf0b0ef1da5f8c3) Importer(815301076,1909f56bfc062723c751e8b465ee728b)  -> (artifact id: '8e0dbf7477733c9d7eceefe204c655fd') in 0.023209 seconds 
Editor requested this worker to shutdown with reason: Scaling down because of idle timeout
AssetImportWorker is now disconnected from the server
Process exiting
Exiting without the bug reporter. Application will terminate with return code 0