Using pre-set license
Built from '2021.3/staging' branch; Version is '2021.3.25f1 (68ef2c4f8861) revision 6876972'; Using compiler version '192829333'; Build Type 'Release'
OS: 'Windows 11  (10.0.22631) 64bit Core' Language: 'ja' Physical Memory: 16314 MB
BatchMode: 1, IsHumanControllingUs: 0, StartBugReporterOnCrash: 0, Is64bit: 1, IsPro: 1

COMMAND LINE ARGUMENTS:
C:\Users\uya11\Documents\unityeditor\2021.3.25f1\Editor\Unity.exe
-adb2
-batchMode
-noUpm
-name
AssetImportWorker3
-projectPath
C:/unity/PlayingCards
-logFile
Logs/AssetImportWorker3.log
-srvPort
51246
Successfully changed project path to: C:/unity/PlayingCards
C:/unity/PlayingCards
[UnityMemory] Configuration Parameters - Can be set up in boot.config
    "memorysetup-bucket-allocator-granularity=16"
    "memorysetup-bucket-allocator-bucket-count=8"
    "memorysetup-bucket-allocator-block-size=33554432"
    "memorysetup-bucket-allocator-block-count=8"
    "memorysetup-main-allocator-block-size=16777216"
    "memorysetup-thread-allocator-block-size=16777216"
    "memorysetup-gfx-main-allocator-block-size=16777216"
    "memorysetup-gfx-thread-allocator-block-size=16777216"
    "memorysetup-cache-allocator-block-size=4194304"
    "memorysetup-typetree-allocator-block-size=2097152"
    "memorysetup-profiler-bucket-allocator-granularity=16"
    "memorysetup-profiler-bucket-allocator-bucket-count=8"
    "memorysetup-profiler-bucket-allocator-block-size=33554432"
    "memorysetup-profiler-bucket-allocator-block-count=8"
    "memorysetup-profiler-allocator-block-size=16777216"
    "memorysetup-profiler-editor-allocator-block-size=1048576"
    "memorysetup-temp-allocator-size-main=16777216"
    "memorysetup-job-temp-allocator-block-size=2097152"
    "memorysetup-job-temp-allocator-block-size-background=1048576"
    "memorysetup-job-temp-allocator-reduction-small-platforms=262144"
    "memorysetup-temp-allocator-size-background-worker=32768"
    "memorysetup-temp-allocator-size-job-worker=262144"
    "memorysetup-temp-allocator-size-preload-manager=33554432"
    "memorysetup-temp-allocator-size-nav-mesh-worker=65536"
    "memorysetup-temp-allocator-size-audio-worker=65536"
    "memorysetup-temp-allocator-size-cloud-worker=32768"
    "memorysetup-temp-allocator-size-gi-baking-worker=262144"
    "memorysetup-temp-allocator-size-gfx=262144"
Player connection [8712] Host "[IP] 192.168.3.3 [Port] 0 [Flags] 2 [Guid] 3468328515 [EditorId] 3468328515 [Version] 1048832 [Id] WindowsEditor(7,DESKTOP-CDQBK3O) [Debug] 1 [PackageName] WindowsEditor [ProjectName] Editor" joined multi-casting on [225.0.0.222:54997]...

Player connection [8712] Host "[IP] 192.168.3.3 [Port] 0 [Flags] 2 [Guid] 3468328515 [EditorId] 3468328515 [Version] 1048832 [Id] WindowsEditor(7,DESKTOP-CDQBK3O) [Debug] 1 [PackageName] WindowsEditor [ProjectName] Editor" joined alternative multi-casting on [225.0.0.222:34997]...

Refreshing native plugins compatible for Editor in 90.63 ms, found 3 plugins.
Preloading 0 native plugins for Editor in 0.00 ms.
Initialize engine version: 2021.3.25f1 (68ef2c4f8861)
[Subsystems] Discovering subsystems at path C:/Users/uya11/Documents/unityeditor/2021.3.25f1/Editor/Data/Resources/UnitySubsystems
[Subsystems] Discovering subsystems at path C:/unity/PlayingCards/Assets
GfxDevice: creating device client; threaded=0; jobified=0
Direct3D:
    Version:  Direct3D 11.0 [level 11.1]
    Renderer: AMD Radeon RX 6700 XT (ID=0x73df)
    Vendor:   ATI
    VRAM:     12242 MB
    Driver:   31.0.24031.5001
Initialize mono
Mono path[0] = 'C:/Users/uya11/Documents/unityeditor/2021.3.25f1/Editor/Data/Managed'
Mono path[1] = 'C:/Users/uya11/Documents/unityeditor/2021.3.25f1/Editor/Data/MonoBleedingEdge/lib/mono/unityjit-win32'
Mono config path = 'C:/Users/uya11/Documents/unityeditor/2021.3.25f1/Editor/Data/MonoBleedingEdge/etc'
Using monoOptions --debugger-agent=transport=dt_socket,embedding=1,server=y,suspend=n,address=127.0.0.1:56220
Begin MonoManager ReloadAssembly
Registering precompiled unity dll's ...
Register platform support module: C:/Users/uya11/Documents/unityeditor/2021.3.25f1/Editor/Data/PlaybackEngines/WebGLSupport/UnityEditor.WebGL.Extensions.dll
Register platform support module: C:/Users/uya11/Documents/unityeditor/2021.3.25f1/Editor/Data/PlaybackEngines/AndroidPlayer/UnityEditor.Android.Extensions.dll
Register platform support module: C:/Users/uya11/Documents/unityeditor/2021.3.25f1/Editor/Data/PlaybackEngines/iOSSupport/UnityEditor.iOS.Extensions.dll
Register platform support module: C:/Users/uya11/Documents/unityeditor/2021.3.25f1/Editor/Data/PlaybackEngines/WindowsStandaloneSupport/UnityEditor.WindowsStandalone.Extensions.dll
Registered in 0.011684 seconds.
Native extension for WindowsStandalone target not found
[usbmuxd] Start listen thread
[usbmuxd] Listen thread started
Native extension for iOS target not found
Native extension for Android target not found
Android Extension - Scanning For ADB Devices 420 ms
Native extension for WebGL target not found
Refreshing native plugins compatible for Editor in 88.02 ms, found 3 plugins.
Preloading 0 native plugins for Editor in 0.00 ms.
Mono: successfully reloaded assembly
- Completed reload, in  1.273 seconds
Domain Reload Profiling:
	ReloadAssembly (1273ms)
		BeginReloadAssembly (100ms)
			ExecutionOrderSort (0ms)
			DisableScriptedObjects (0ms)
			BackupInstance (0ms)
			ReleaseScriptingObjects (0ms)
			CreateAndSetChildDomain (1ms)
		EndReloadAssembly (1053ms)
			LoadAssemblies (99ms)
			RebuildTransferFunctionScriptingTraits (0ms)
			SetupTypeCache (152ms)
			ReleaseScriptCaches (0ms)
			RebuildScriptCaches (34ms)
			SetupLoadedEditorAssemblies (769ms)
				LogAssemblyErrors (0ms)
				InitializePlatformSupportModulesInManaged (538ms)
				SetLoadedEditorAssemblies (0ms)
				RefreshPlugins (88ms)
				BeforeProcessingInitializeOnLoad (1ms)
				ProcessInitializeOnLoadAttributes (95ms)
				ProcessInitializeOnLoadMethodAttributes (46ms)
				AfterProcessingInitializeOnLoad (0ms)
				EditorAssembliesLoaded (0ms)
			ExecutionOrderSort2 (0ms)
			AwakeInstancesAfterBackupRestoration (0ms)
Platform modules already initialized, skipping
Registering precompiled user dll's ...
Registered in 0.008642 seconds.
Begin MonoManager ReloadAssembly
Symbol file LoadedFromMemory doesn't match image C:\unity\PlayingCards\Library\PackageCache\com.unity.visualscripting@1.8.0\Editor\VisualScripting.Core\Dependencies\YamlDotNet\Unity.VisualScripting.YamlDotNet.dll
Symbol file LoadedFromMemory doesn't match image C:\unity\PlayingCards\Library\PackageCache\com.unity.visualscripting@1.8.0\Editor\VisualScripting.Core\Dependencies\DotNetZip\Unity.VisualScripting.IonicZip.dll
Native extension for WindowsStandalone target not found
Native extension for iOS target not found
Native extension for Android target not found
Native extension for WebGL target not found
Refreshing native plugins compatible for Editor in 0.63 ms, found 3 plugins.
Preloading 0 native plugins for Editor in 0.00 ms.
Mono: successfully reloaded assembly
- Completed reload, in  1.127 seconds
Domain Reload Profiling:
	ReloadAssembly (1128ms)
		BeginReloadAssembly (138ms)
			ExecutionOrderSort (0ms)
			DisableScriptedObjects (5ms)
			BackupInstance (0ms)
			ReleaseScriptingObjects (0ms)
			CreateAndSetChildDomain (25ms)
		EndReloadAssembly (858ms)
			LoadAssemblies (106ms)
			RebuildTransferFunctionScriptingTraits (0ms)
			SetupTypeCache (300ms)
			ReleaseScriptCaches (1ms)
			RebuildScriptCaches (55ms)
			SetupLoadedEditorAssemblies (369ms)
				LogAssemblyErrors (0ms)
				InitializePlatformSupportModulesInManaged (34ms)
				SetLoadedEditorAssemblies (0ms)
				RefreshPlugins (1ms)
				BeforeProcessingInitializeOnLoad (90ms)
				ProcessInitializeOnLoadAttributes (215ms)
				ProcessInitializeOnLoadMethodAttributes (19ms)
				AfterProcessingInitializeOnLoad (10ms)
				EditorAssembliesLoaded (0ms)
			ExecutionOrderSort2 (0ms)
			AwakeInstancesAfterBackupRestoration (6ms)
Platform modules already initialized, skipping
========================================================================
Worker process is ready to serve import requests
Launched and connected shader compiler UnityShaderCompiler.exe after 0.07 seconds
Refreshing native plugins compatible for Editor in 1.21 ms, found 3 plugins.
Preloading 0 native plugins for Editor in 0.00 ms.
Unloading 3062 Unused Serialized files (Serialized files now loaded: 0)
Unloading 27 unused Assets / (342.0 KB). Loaded Objects now: 3529.
Memory consumption went from 118.8 MB to 118.5 MB.
Total: 3.644600 ms (FindLiveObjects: 0.542700 ms CreateObjectMapping: 0.132700 ms MarkObjects: 2.841500 ms  DeleteObjects: 0.126800 ms)

AssetImportParameters requested are different than current active one (requested -> active):
  custom:video-decoder-ogg-theora: a1e56fd34408186e4bbccfd4996cb3dc -> 
  custom:container-muxer-webm: aa71ff27fc2769a1b78a27578f13a17b -> 
  custom:container-demuxer-webm: 4f35f7cbe854078d1ac9338744f61a02 -> 
  custom:video-encoder-webm-vp8: eb34c28f22e8b96e1ab97ce403110664 -> 
  custom:video-codec-MediaFoundation-h265: 746d11721c4dcdbdad8f713fa42b33f4 -> 
  custom:audio-encoder-webm-vorbis: bf7c407c2cedff20999df2af8eb42d56 -> 
  custom:framework-win-MediaFoundation: 216162199b28c13a410421893ffa2e32 -> 
  custom:container-demuxer-ogg: 62fdf1f143b41e24485cea50d1cbac27 -> 
  custom:video-decoder-webm-vp8: 9c59270c3fd7afecdb556c50c9e8de78 -> 
  custom:audio-decoder-ogg-vorbis: bf7c407c2cedff20999df2af8eb42d56 -> 
========================================================================
Received Import Request.
  Time since last request: 384548.754376 seconds.
  path: Assets/Playing Cards/Resource/Model/LittleDiscard_00.fbx
  artifactKey: Guid(61d9b64b6ccf52b468d3f51041d5fa53) Importer(815301076,1909f56bfc062723c751e8b465ee728b)
Start importing Assets/Playing Cards/Resource/Model/LittleDiscard_00.fbx using Guid(61d9b64b6ccf52b468d3f51041d5fa53) Importer(815301076,1909f56bfc062723c751e8b465ee728b)  -> (artifact id: '8802269425db5f6f034be8e5291e4ba0') in 0.431430 seconds 
========================================================================
Received Import Request.
  Time since last request: 0.000037 seconds.
  path: Assets/Playing Cards/Resource/Model/ManyDeck_00.fbx
  artifactKey: Guid(94a16f52c70b67741b43efbbbc10a872) Importer(815301076,1909f56bfc062723c751e8b465ee728b)
Start importing Assets/Playing Cards/Resource/Model/ManyDeck_00.fbx using Guid(94a16f52c70b67741b43efbbbc10a872) Importer(815301076,1909f56bfc062723c751e8b465ee728b)  -> (artifact id: '6bae9c74516d74e8ad6a6abb488f2b6b') in 0.027588 seconds 
========================================================================
Received Import Request.
  Time since last request: 0.000044 seconds.
  path: Assets/Playing Cards/Resource/Model/RifleShuffle_Second_00.fbx
  artifactKey: Guid(4b85c9e3a82039e468ea6e92f1ec5b6c) Importer(815301076,1909f56bfc062723c751e8b465ee728b)
Start importing Assets/Playing Cards/Resource/Model/RifleShuffle_Second_00.fbx using Guid(4b85c9e3a82039e468ea6e92f1ec5b6c) Importer(815301076,1909f56bfc062723c751e8b465ee728b)  -> (artifact id: '659e2376216bc066e401866b1833e5fe') in 0.032750 seconds 
========================================================================
Received Import Request.
  Time since last request: 0.000032 seconds.
  path: Assets/Playing Cards/Resource/Model/Tower_00.fbx
  artifactKey: Guid(55a0682385c27a748b41dba2af534c8f) Importer(815301076,1909f56bfc062723c751e8b465ee728b)
Start importing Assets/Playing Cards/Resource/Model/Tower_00.fbx using Guid(55a0682385c27a748b41dba2af534c8f) Importer(815301076,1909f56bfc062723c751e8b465ee728b)  -> (artifact id: 'cb32b4ae56ecb6279ef9bfda95f1024c') in 0.052970 seconds 
========================================================================
Received Import Request.
  Time since last request: 0.149705 seconds.
  path: Assets/Playing Cards/Resource/Textures/CasinoChip_Black_col.tif
  artifactKey: Guid(decfa372711d3ca479b9c243279d1fd5) Importer(815301076,1909f56bfc062723c751e8b465ee728b)
Start importing Assets/Playing Cards/Resource/Textures/CasinoChip_Black_col.tif using Guid(decfa372711d3ca479b9c243279d1fd5) Importer(815301076,1909f56bfc062723c751e8b465ee728b)  -> (artifact id: 'ebb2906c9d8ec3d9287f6f64b3a1a7e5') in 0.035689 seconds 
========================================================================
Received Import Request.
  Time since last request: 0.000020 seconds.
  path: Assets/Playing Cards/Resource/Textures/DeckRed_col.tif
  artifactKey: Guid(14849844d1ac71c4581a4cd68dabcf2a) Importer(815301076,1909f56bfc062723c751e8b465ee728b)
Start importing Assets/Playing Cards/Resource/Textures/DeckRed_col.tif using Guid(14849844d1ac71c4581a4cd68dabcf2a) Importer(815301076,1909f56bfc062723c751e8b465ee728b)  -> (artifact id: '4e36b762620625d4f6959c751aa5fce7') in 0.018647 seconds 
========================================================================
Received Import Request.
  Time since last request: 0.000028 seconds.
  path: Assets/Playing Cards/Resource/Textures/PlayingCards_Club07_00_col.tif
  artifactKey: Guid(6b42f21b9ada1e442bed35f8a33d0730) Importer(815301076,1909f56bfc062723c751e8b465ee728b)
Start importing Assets/Playing Cards/Resource/Textures/PlayingCards_Club07_00_col.tif using Guid(6b42f21b9ada1e442bed35f8a33d0730) Importer(815301076,1909f56bfc062723c751e8b465ee728b)  -> (artifact id: '0455734f190380a300397db1f2574d3e') in 0.017581 seconds 
========================================================================
Received Import Request.
  Time since last request: 0.000023 seconds.
  path: Assets/Playing Cards/Resource/Textures/PlayingCards_Club12_00_col.tif
  artifactKey: Guid(9a733e593d748794abb3df142981f156) Importer(815301076,1909f56bfc062723c751e8b465ee728b)
Start importing Assets/Playing Cards/Resource/Textures/PlayingCards_Club12_00_col.tif using Guid(9a733e593d748794abb3df142981f156) Importer(815301076,1909f56bfc062723c751e8b465ee728b)  -> (artifact id: 'c288dcc257cf5b49625df2c38e595284') in 0.017754 seconds 
========================================================================
Received Import Request.
  Time since last request: 0.000024 seconds.
  path: Assets/Playing Cards/Resource/Textures/PlayingCards_LineUp_ClubSpade_col.tif
  artifactKey: Guid(5b358309684ac9740a2279ecaac7a8cf) Importer(815301076,1909f56bfc062723c751e8b465ee728b)
Start importing Assets/Playing Cards/Resource/Textures/PlayingCards_LineUp_ClubSpade_col.tif using Guid(5b358309684ac9740a2279ecaac7a8cf) Importer(815301076,1909f56bfc062723c751e8b465ee728b)  -> (artifact id: '873538f1744af05f8ea3f09a754b8a55') in 0.019621 seconds 
========================================================================
Received Import Request.
  Time since last request: 0.000019 seconds.
  path: Assets/Playing Cards/Resource/Textures/PlayingCards_Club08_00_col.tif
  artifactKey: Guid(ac02c3835620d6f4a85bb4a8bd52ca41) Importer(815301076,1909f56bfc062723c751e8b465ee728b)
Start importing Assets/Playing Cards/Resource/Textures/PlayingCards_Club08_00_col.tif using Guid(ac02c3835620d6f4a85bb4a8bd52ca41) Importer(815301076,1909f56bfc062723c751e8b465ee728b)  -> (artifact id: '3cc3a7d68c2ff84794762d6615e7b699') in 0.017320 seconds 
========================================================================
Received Import Request.
  Time since last request: 0.000028 seconds.
  path: Assets/Playing Cards/Resource/Textures/PlayingCards_Club02_00_col.tif
  artifactKey: Guid(154f51f82ecd7104d98cf2fbd6751692) Importer(815301076,1909f56bfc062723c751e8b465ee728b)
Start importing Assets/Playing Cards/Resource/Textures/PlayingCards_Club02_00_col.tif using Guid(154f51f82ecd7104d98cf2fbd6751692) Importer(815301076,1909f56bfc062723c751e8b465ee728b)  -> (artifact id: 'e30d0f64506cc2b4b952ebb853155eb5') in 0.020158 seconds 
========================================================================
Received Import Request.
  Time since last request: 0.000041 seconds.
  path: Assets/Playing Cards/Resource/Textures/PlayingCards_LineUp_HeartDiamond_col.tif
  artifactKey: Guid(0907b8b5e944c724ca7b4122f88248fc) Importer(815301076,1909f56bfc062723c751e8b465ee728b)
Start importing Assets/Playing Cards/Resource/Textures/PlayingCards_LineUp_HeartDiamond_col.tif using Guid(0907b8b5e944c724ca7b4122f88248fc) Importer(815301076,1909f56bfc062723c751e8b465ee728b)  -> (artifact id: '0af2e67c9d11c227a2ae1bc0ab8858ee') in 0.019007 seconds 
========================================================================
Received Import Request.
  Time since last request: 0.000078 seconds.
  path: Assets/Playing Cards/Resource/Textures/PlayingCards_Spade04_00_col.tif
  artifactKey: Guid(dbcd6c2f036fef240aa21f46e3f4401f) Importer(815301076,1909f56bfc062723c751e8b465ee728b)
Start importing Assets/Playing Cards/Resource/Textures/PlayingCards_Spade04_00_col.tif using Guid(dbcd6c2f036fef240aa21f46e3f4401f) Importer(815301076,1909f56bfc062723c751e8b465ee728b)  -> (artifact id: 'dd1149a461da73dfc7494a1a32d3e78b') in 0.018432 seconds 
========================================================================
Received Import Request.
  Time since last request: 0.000029 seconds.
  path: Assets/Playing Cards/Resource/Textures/PlayingCards_Spade01_00_col.tif
  artifactKey: Guid(1209b611986694346bc320c5835d50d9) Importer(815301076,1909f56bfc062723c751e8b465ee728b)
Start importing Assets/Playing Cards/Resource/Textures/PlayingCards_Spade01_00_col.tif using Guid(1209b611986694346bc320c5835d50d9) Importer(815301076,1909f56bfc062723c751e8b465ee728b)  -> (artifact id: 'c9df606f4482e248d0138ea373edc9ab') in 0.018774 seconds 
========================================================================
Received Import Request.
  Time since last request: 0.000041 seconds.
  path: Assets/Playing Cards/Resource/Textures/PlayingCards_LineUp_BackColor_Red_col.tif
  artifactKey: Guid(4148470737cf4a64f9bc39d699d35ab1) Importer(815301076,1909f56bfc062723c751e8b465ee728b)
Start importing Assets/Playing Cards/Resource/Textures/PlayingCards_LineUp_BackColor_Red_col.tif using Guid(4148470737cf4a64f9bc39d699d35ab1) Importer(815301076,1909f56bfc062723c751e8b465ee728b)  -> (artifact id: '8ff29ca8c119d4b4c5b2d3b185f0bbc9') in 0.018382 seconds 
========================================================================
Received Import Request.
  Time since last request: 0.000025 seconds.
  path: Assets/Playing Cards/Resource/Textures/PlayingCards_Joker_00_col.tif
  artifactKey: Guid(06ccb43edd8063c4b99b4b5b62c596df) Importer(815301076,1909f56bfc062723c751e8b465ee728b)
Start importing Assets/Playing Cards/Resource/Textures/PlayingCards_Joker_00_col.tif using Guid(06ccb43edd8063c4b99b4b5b62c596df) Importer(815301076,1909f56bfc062723c751e8b465ee728b)  -> (artifact id: '788b760629ece6447c64561d9f3307da') in 0.017028 seconds 
========================================================================
Received Import Request.
  Time since last request: 0.000027 seconds.
  path: Assets/Playing Cards/Resource/Textures/PlayingCards_Spade08_00_col.tif
  artifactKey: Guid(e44b4464df31bb947a9d5c8a789fd91c) Importer(815301076,1909f56bfc062723c751e8b465ee728b)
Start importing Assets/Playing Cards/Resource/Textures/PlayingCards_Spade08_00_col.tif using Guid(e44b4464df31bb947a9d5c8a789fd91c) Importer(815301076,1909f56bfc062723c751e8b465ee728b)  -> (artifact id: 'bc67952836006da26ea9b9a29532027f') in 0.018054 seconds 
========================================================================
Received Import Request.
  Time since last request: 0.000026 seconds.
  path: Assets/Playing Cards/Resource/Textures/PlayingCards_Club04_00_col.tif
  artifactKey: Guid(e34238732df29cf429543170c1614ad9) Importer(815301076,1909f56bfc062723c751e8b465ee728b)
Start importing Assets/Playing Cards/Resource/Textures/PlayingCards_Club04_00_col.tif using Guid(e34238732df29cf429543170c1614ad9) Importer(815301076,1909f56bfc062723c751e8b465ee728b)  -> (artifact id: '33911c7ca7f69dcff5035631213d20a9') in 0.016437 seconds 
========================================================================
Received Import Request.
  Time since last request: 0.000035 seconds.
  path: Assets/Playing Cards/Resource/Textures/PlayingCards_Diamond04_00_col.tif
  artifactKey: Guid(38a6480e26381b74fb7de05110adeb98) Importer(815301076,1909f56bfc062723c751e8b465ee728b)
Start importing Assets/Playing Cards/Resource/Textures/PlayingCards_Diamond04_00_col.tif using Guid(38a6480e26381b74fb7de05110adeb98) Importer(815301076,1909f56bfc062723c751e8b465ee728b)  -> (artifact id: 'd9e99d9961d44665738a3d94905b26bb') in 0.017962 seconds 
========================================================================
Received Import Request.
  Time since last request: 0.000039 seconds.
  path: Assets/Playing Cards/Resource/Textures/PlayingCards_Heart11_00_col.tif
  artifactKey: Guid(10ee6cc7950c6ff48aa08ed0e2ffbee5) Importer(815301076,1909f56bfc062723c751e8b465ee728b)
Start importing Assets/Playing Cards/Resource/Textures/PlayingCards_Heart11_00_col.tif using Guid(10ee6cc7950c6ff48aa08ed0e2ffbee5) Importer(815301076,1909f56bfc062723c751e8b465ee728b)  -> (artifact id: '91099c2d58726aaf877e99d1dd31fbcb') in 0.018902 seconds 
========================================================================
Received Import Request.
  Time since last request: 0.000025 seconds.
  path: Assets/Playing Cards/Resource/Textures/CasinoTable_Ellipse_mtl.tif
  artifactKey: Guid(c7efa7dee49468e4d9aa05c531974be2) Importer(815301076,1909f56bfc062723c751e8b465ee728b)
Start importing Assets/Playing Cards/Resource/Textures/CasinoTable_Ellipse_mtl.tif using Guid(c7efa7dee49468e4d9aa05c531974be2) Importer(815301076,1909f56bfc062723c751e8b465ee728b)  -> (artifact id: '235edcf05edebe1f038015ae5f226fee') in 0.021667 seconds 
========================================================================
Received Import Request.
  Time since last request: 0.000070 seconds.
  path: Assets/Playing Cards/Resource/Textures/PlayingCards_Diamond03_00_col.tif
  artifactKey: Guid(0233b556dd3777544879543fd0d806fd) Importer(815301076,1909f56bfc062723c751e8b465ee728b)
Start importing Assets/Playing Cards/Resource/Textures/PlayingCards_Diamond03_00_col.tif using Guid(0233b556dd3777544879543fd0d806fd) Importer(815301076,1909f56bfc062723c751e8b465ee728b)  -> (artifact id: 'f9c14d34b84e2e896572a22b70746f4f') in 0.018384 seconds 
========================================================================
Received Import Request.
  Time since last request: 0.000037 seconds.
  path: Assets/Playing Cards/Resource/Textures/PlayingCards_Club10_00_col.tif
  artifactKey: Guid(b41bdba92f9baa44eb5907c32624e82f) Importer(815301076,1909f56bfc062723c751e8b465ee728b)
Start importing Assets/Playing Cards/Resource/Textures/PlayingCards_Club10_00_col.tif using Guid(b41bdba92f9baa44eb5907c32624e82f) Importer(815301076,1909f56bfc062723c751e8b465ee728b)  -> (artifact id: '3c29f89e92d4ff03b9432d9b0a22e42d') in 0.017497 seconds 
========================================================================
Received Prepare
Registering precompiled user dll's ...
Registered in 0.007696 seconds.
Begin MonoManager ReloadAssembly
Symbol file LoadedFromMemory doesn't match image C:\unity\PlayingCards\Library\PackageCache\com.unity.visualscripting@1.8.0\Editor\VisualScripting.Core\Dependencies\YamlDotNet\Unity.VisualScripting.YamlDotNet.dll
Symbol file LoadedFromMemory doesn't match image C:\unity\PlayingCards\Library\PackageCache\com.unity.visualscripting@1.8.0\Editor\VisualScripting.Core\Dependencies\DotNetZip\Unity.VisualScripting.IonicZip.dll
Native extension for WindowsStandalone target not found
Native extension for iOS target not found
Native extension for Android target not found
Native extension for WebGL target not found
Refreshing native plugins compatible for Editor in 1.00 ms, found 3 plugins.
Preloading 0 native plugins for Editor in 0.00 ms.
Mono: successfully reloaded assembly
- Completed reload, in  1.102 seconds
Domain Reload Profiling:
	ReloadAssembly (1102ms)
		BeginReloadAssembly (171ms)
			ExecutionOrderSort (0ms)
			DisableScriptedObjects (4ms)
			BackupInstance (0ms)
			ReleaseScriptingObjects (0ms)
			CreateAndSetChildDomain (46ms)
		EndReloadAssembly (817ms)
			LoadAssemblies (116ms)
			RebuildTransferFunctionScriptingTraits (0ms)
			SetupTypeCache (316ms)
			ReleaseScriptCaches (2ms)
			RebuildScriptCaches (44ms)
			SetupLoadedEditorAssemblies (314ms)
				LogAssemblyErrors (0ms)
				InitializePlatformSupportModulesInManaged (34ms)
				SetLoadedEditorAssemblies (1ms)
				RefreshPlugins (1ms)
				BeforeProcessingInitializeOnLoad (68ms)
				ProcessInitializeOnLoadAttributes (179ms)
				ProcessInitializeOnLoadMethodAttributes (20ms)
				AfterProcessingInitializeOnLoad (11ms)
				EditorAssembliesLoaded (0ms)
			ExecutionOrderSort2 (0ms)
			AwakeInstancesAfterBackupRestoration (7ms)
Platform modules already initialized, skipping
Refreshing native plugins compatible for Editor in 2.49 ms, found 3 plugins.
Preloading 0 native plugins for Editor in 0.00 ms.
Unloading 3054 Unused Serialized files (Serialized files now loaded: 0)
Unloading 19 unused Assets / (81.0 KB). Loaded Objects now: 3577.
Memory consumption went from 118.6 MB to 118.5 MB.
Total: 4.164400 ms (FindLiveObjects: 0.518900 ms CreateObjectMapping: 0.077200 ms MarkObjects: 3.436900 ms  DeleteObjects: 0.129400 ms)

AssetImportParameters requested are different than current active one (requested -> active):
  custom:video-decoder-ogg-theora: a1e56fd34408186e4bbccfd4996cb3dc -> 
  custom:container-muxer-webm: aa71ff27fc2769a1b78a27578f13a17b -> 
  custom:container-demuxer-webm: 4f35f7cbe854078d1ac9338744f61a02 -> 
  custom:video-encoder-webm-vp8: eb34c28f22e8b96e1ab97ce403110664 -> 
  custom:video-codec-MediaFoundation-h265: 746d11721c4dcdbdad8f713fa42b33f4 -> 
  custom:audio-encoder-webm-vorbis: bf7c407c2cedff20999df2af8eb42d56 -> 
  custom:framework-win-MediaFoundation: 216162199b28c13a410421893ffa2e32 -> 
  custom:container-demuxer-ogg: 62fdf1f143b41e24485cea50d1cbac27 -> 
  custom:video-decoder-webm-vp8: 9c59270c3fd7afecdb556c50c9e8de78 -> 
  custom:audio-decoder-ogg-vorbis: bf7c407c2cedff20999df2af8eb42d56 -> 
Editor requested this worker to shutdown with reason: Scaling down because of idle timeout
AssetImportWorker is now disconnected from the server
Process exiting
Exiting without the bug reporter. Application will terminate with return code 0